{"meta": {"format": 3, "version": "7.13.0", "timestamp": "2025-12-25T16:48:39.300131", "branch_coverage": false, "show_contexts": false}, "files": {"src\\__init__.py": {"executed_lines": [1, 2], "summary": {"covered_lines": 1, "num_statements": 1, "percent_covered": 100.0, "percent_covered_display": "100.00", "missing_lines": 0, "excluded_lines": 0, "percent_statements_covered": 100.0, "percent_statements_covered_display": "100.00"}, "missing_lines": [], "excluded_lines": [], "functions": {"": {"executed_lines": [1, 2], "summary": {"covered_lines": 1, "num_statements": 1, "percent_covered": 100.0, "percent_covered_display": "100.00", "missing_lines": 0, "excluded_lines": 0, "percent_statements_covered": 100.0, "percent_statements_covered_display": "100.00"}, "missing_lines": [], "excluded_lines": []}}, "classes": {"": {"executed_lines": [1, 2], "summary": {"covered_lines": 1, "num_statements": 1, "percent_covered": 100.0, "percent_covered_display": "100.00", "missing_lines": 0, "excluded_lines": 0, "percent_statements_covered": 100.0, "percent_statements_covered_display": "100.00"}, "missing_lines": [], "excluded_lines": []}}}, "src\\business\\__init__.py": {"executed_lines": [1], "summary": {"covered_lines": 0, "num_statements": 0, "percent_covered": 100.0, "percent_covered_display": "100.00", "missing_lines": 0, "excluded_lines": 0, "percent_statements_covered": 100.0, "percent_statements_covered_display": "100.00"}, "missing_lines": [], "excluded_lines": [], "functions": {"": {"executed_lines": [1], "summary": {"covered_lines": 0, "num_statements": 0, "percent_covered": 100.0, "percent_covered_display": "100.00", "missing_lines": 0, "excluded_lines": 0, "percent_statements_covered": 100.0, "percent_statements_covered_display": "100.00"}, "missing_lines": [], "excluded_lines": []}}, "classes": {"": {"executed_lines": [1], "summary": {"covered_lines": 0, "num_statements": 0, "percent_covered": 100.0, "percent_covered_display": "100.00", "missing_lines": 0, "excluded_lines": 0, "percent_statements_covered": 100.0, "percent_statements_covered_display": "100.00"}, "missing_lines": [], "excluded_lines": []}}}, "src\\business\\services\\__init__.py": {"executed_lines": [1, 2, 3, 4, 5, 6, 7, 9], "summary": {"covered_lines": 7, "num_statements": 7, "percent_covered": 100.0, "percent_covered_display": "100.00", "missing_lines": 0, "excluded_lines": 0, "percent_statements_covered": 100.0, "percent_statements_covered_display": "100.00"}, "missing_lines": [], "excluded_lines": [], "functions": {"": {"executed_lines": [1, 2, 3, 4, 5, 6, 7, 9], "summary": {"covered_lines": 7, "num_statements": 7, "percent_covered": 100.0, "percent_covered_display": "100.00", "missing_lines": 0, "excluded_lines": 0, "percent_statements_covered": 100.0, "percent_statements_covered_display": "100.00"}, "missing_lines": [], "excluded_lines": []}}, "classes": {"": {"executed_lines": [1, 2, 3, 4, 5, 6, 7, 9], "summary": {"covered_lines": 7, "num_statements": 7, "percent_covered": 100.0, "percent_covered_display": "100.00", "missing_lines": 0, "excluded_lines": 0, "percent_statements_covered": 100.0, "percent_statements_covered_display": "100.00"}, "missing_lines": [], "excluded_lines": []}}}, "src\\business\\services\\duplicate_scanner.py": {"executed_lines": [1, 8, 9, 10, 13, 14, 22, 29, 31, 49, 50, 53, 55, 59, 61, 77, 78, 81], "summary": {"covered_lines": 16, "num_statements": 17, "percent_covered": 94.11764705882354, "percent_covered_display": "94.12", "missing_lines": 1, "excluded_lines": 0, "percent_statements_covered": 94.11764705882354, "percent_statements_covered_display": "94.12"}, "missing_lines": [56], "excluded_lines": [], "functions": {"DuplicateScannerService.__init__": {"executed_lines": [29], "summary": {"covered_lines": 1, "num_statements": 1, "percent_covered": 100.0, "percent_covered_display": "100.00", "missing_lines": 0, "excluded_lines": 0, "percent_statements_covered": 100.0, "percent_statements_covered_display": "100.00"}, "missing_lines": [], "excluded_lines": []}, "DuplicateScannerService.check_isrc_duplicate": {"executed_lines": [49, 50, 53, 55, 59], "summary": {"covered_lines": 5, "num_statements": 6, "percent_covered": 83.33333333333333, "percent_covered_display": "83.33", "missing_lines": 1, "excluded_lines": 0, "percent_statements_covered": 83.33333333333333, "percent_statements_covered_display": "83.33"}, "missing_lines": [56], "excluded_lines": []}, "DuplicateScannerService.check_audio_duplicate": {"executed_lines": [77, 78, 81], "summary": {"covered_lines": 3, "num_statements": 3, "percent_covered": 100.0, "percent_covered_display": "100.00", "missing_lines": 0, "excluded_lines": 0, "percent_statements_covered": 100.0, "percent_statements_covered_display": "100.00"}, "missing_lines": [], "excluded_lines": []}, "": {"executed_lines": [1, 8, 9, 10, 13, 14, 22, 31, 61], "summary": {"covered_lines": 7, "num_statements": 7, "percent_covered": 100.0, "percent_covered_display": "100.00", "missing_lines": 0, "excluded_lines": 0, "percent_statements_covered": 100.0, "percent_statements_covered_display": "100.00"}, "missing_lines": [], "excluded_lines": []}}, "classes": {"DuplicateScannerService": {"executed_lines": [29, 49, 50, 53, 55, 59, 77, 78, 81], "summary": {"covered_lines": 9, "num_statements": 10, "percent_covered": 90.0, "percent_covered_display": "90.00", "missing_lines": 1, "excluded_lines": 0, "percent_statements_covered": 90.0, "percent_statements_covered_display": "90.00"}, "missing_lines": [56], "excluded_lines": []}, "": {"executed_lines": [1, 8, 9, 10, 13, 14, 22, 31, 61], "summary": {"covered_lines": 7, "num_statements": 7, "percent_covered": 100.0, "percent_covered_display": "100.00", "missing_lines": 0, "excluded_lines": 0, "percent_statements_covered": 100.0, "percent_statements_covered_display": "100.00"}, "missing_lines": [], "excluded_lines": []}}}, "src\\business\\services\\library_service.py": {"executed_lines": [1, 2, 3, 4, 5, 8, 9, 11, 12, 13, 16, 18, 20, 22, 24, 26, 28, 30, 32, 34, 38, 40, 42, 44, 46, 52, 56, 60, 62, 64, 68, 74, 80, 82, 84, 88, 94, 98, 113, 124, 127, 128, 129, 131, 137, 138, 139, 140, 141, 142, 152], "summary": {"covered_lines": 49, "num_statements": 72, "percent_covered": 68.05555555555556, "percent_covered_display": "68.06", "missing_lines": 23, "excluded_lines": 0, "percent_statements_covered": 68.05555555555556, "percent_statements_covered_display": "68.06"}, "missing_lines": [36, 49, 50, 54, 58, 66, 70, 76, 86, 90, 96, 103, 104, 106, 109, 111, 144, 145, 146, 147, 148, 150, 151], "excluded_lines": [], "functions": {"LibraryService.__init__": {"executed_lines": [12, 13, 16], "summary": {"covered_lines": 3, "num_statements": 3, "percent_covered": 100.0, "percent_covered_display": "100.00", "missing_lines": 0, "excluded_lines": 0, "percent_statements_covered": 100.0, "percent_statements_covered_display": "100.00"}, "missing_lines": [], "excluded_lines": []}, "LibraryService.add_file": {"executed_lines": [20], "summary": {"covered_lines": 1, "num_statements": 1, "percent_covered": 100.0, "percent_covered_display": "100.00", "missing_lines": 0, "excluded_lines": 0, "percent_statements_covered": 100.0, "percent_statements_covered_display": "100.00"}, "missing_lines": [], "excluded_lines": []}, "LibraryService.get_all_songs": {"executed_lines": [24], "summary": {"covered_lines": 1, "num_statements": 1, "percent_covered": 100.0, "percent_covered_display": "100.00", "missing_lines": 0, "excluded_lines": 0, "percent_statements_covered": 100.0, "percent_statements_covered_display": "100.00"}, "missing_lines": [], "excluded_lines": []}, "LibraryService.delete_song": {"executed_lines": [28], "summary": {"covered_lines": 1, "num_statements": 1, "percent_covered": 100.0, "percent_covered_display": "100.00", "missing_lines": 0, "excluded_lines": 0, "percent_statements_covered": 100.0, "percent_statements_covered_display": "100.00"}, "missing_lines": [], "excluded_lines": []}, "LibraryService.update_song": {"executed_lines": [32], "summary": {"covered_lines": 1, "num_statements": 1, "percent_covered": 100.0, "percent_covered_display": "100.00", "missing_lines": 0, "excluded_lines": 0, "percent_statements_covered": 100.0, "percent_statements_covered_display": "100.00"}, "missing_lines": [], "excluded_lines": []}, "LibraryService.update_song_status": {"executed_lines": [], "summary": {"covered_lines": 0, "num_statements": 1, "percent_covered": 0.0, "percent_covered_display": "0.00", "missing_lines": 1, "excluded_lines": 0, "percent_statements_covered": 0.0, "percent_statements_covered_display": "0.00"}, "missing_lines": [36], "excluded_lines": []}, "LibraryService.get_contributors_by_role": {"executed_lines": [40], "summary": {"covered_lines": 1, "num_statements": 1, "percent_covered": 100.0, "percent_covered_display": "100.00", "missing_lines": 0, "excluded_lines": 0, "percent_statements_covered": 100.0, "percent_statements_covered_display": "100.00"}, "missing_lines": [], "excluded_lines": []}, "LibraryService.get_songs_by_performer": {"executed_lines": [44], "summary": {"covered_lines": 1, "num_statements": 1, "percent_covered": 100.0, "percent_covered_display": "100.00", "missing_lines": 0, "excluded_lines": 0, "percent_statements_covered": 100.0, "percent_statements_covered_display": "100.00"}, "missing_lines": [], "excluded_lines": []}, "LibraryService.get_songs_by_unified_artist": {"executed_lines": [], "summary": {"covered_lines": 0, "num_statements": 2, "percent_covered": 0.0, "percent_covered_display": "0.00", "missing_lines": 2, "excluded_lines": 0, "percent_statements_covered": 0.0, "percent_statements_covered_display": "0.00"}, "missing_lines": [49, 50], "excluded_lines": []}, "LibraryService.get_songs_by_composer": {"executed_lines": [], "summary": {"covered_lines": 0, "num_statements": 1, "percent_covered": 0.0, "percent_covered_display": "0.00", "missing_lines": 1, "excluded_lines": 0, "percent_statements_covered": 0.0, "percent_statements_covered_display": "0.00"}, "missing_lines": [54], "excluded_lines": []}, "LibraryService.get_song_by_path": {"executed_lines": [], "summary": {"covered_lines": 0, "num_statements": 1, "percent_covered": 0.0, "percent_covered_display": "0.00", "missing_lines": 1, "excluded_lines": 0, "percent_statements_covered": 0.0, "percent_statements_covered_display": "0.00"}, "missing_lines": [58], "excluded_lines": []}, "LibraryService.get_song_by_id": {"executed_lines": [62], "summary": {"covered_lines": 1, "num_statements": 1, "percent_covered": 100.0, "percent_covered_display": "100.00", "missing_lines": 0, "excluded_lines": 0, "percent_statements_covered": 100.0, "percent_statements_covered_display": "100.00"}, "missing_lines": [], "excluded_lines": []}, "LibraryService.find_by_isrc": {"executed_lines": [], "summary": {"covered_lines": 0, "num_statements": 1, "percent_covered": 0.0, "percent_covered_display": "0.00", "missing_lines": 1, "excluded_lines": 0, "percent_statements_covered": 0.0, "percent_statements_covered_display": "0.00"}, "missing_lines": [66], "excluded_lines": []}, "LibraryService.find_by_audio_hash": {"executed_lines": [], "summary": {"covered_lines": 0, "num_statements": 1, "percent_covered": 0.0, "percent_covered_display": "0.00", "missing_lines": 1, "excluded_lines": 0, "percent_statements_covered": 0.0, "percent_statements_covered_display": "0.00"}, "missing_lines": [70], "excluded_lines": []}, "LibraryService.get_all_years": {"executed_lines": [], "summary": {"covered_lines": 0, "num_statements": 1, "percent_covered": 0.0, "percent_covered_display": "0.00", "missing_lines": 1, "excluded_lines": 0, "percent_statements_covered": 0.0, "percent_statements_covered_display": "0.00"}, "missing_lines": [76], "excluded_lines": []}, "LibraryService.get_all_aliases": {"executed_lines": [82], "summary": {"covered_lines": 1, "num_statements": 1, "percent_covered": 100.0, "percent_covered_display": "100.00", "missing_lines": 0, "excluded_lines": 0, "percent_statements_covered": 100.0, "percent_statements_covered_display": "100.00"}, "missing_lines": [], "excluded_lines": []}, "LibraryService.get_songs_by_year": {"executed_lines": [], "summary": {"covered_lines": 0, "num_statements": 1, "percent_covered": 0.0, "percent_covered_display": "0.00", "missing_lines": 1, "excluded_lines": 0, "percent_statements_covered": 0.0, "percent_statements_covered_display": "0.00"}, "missing_lines": [86], "excluded_lines": []}, "LibraryService.get_songs_by_status": {"executed_lines": [], "summary": {"covered_lines": 0, "num_statements": 1, "percent_covered": 0.0, "percent_covered_display": "0.00", "missing_lines": 1, "excluded_lines": 0, "percent_statements_covered": 0.0, "percent_statements_covered_display": "0.00"}, "missing_lines": [90], "excluded_lines": []}, "LibraryService.get_item_albums": {"executed_lines": [], "summary": {"covered_lines": 0, "num_statements": 1, "percent_covered": 0.0, "percent_covered_display": "0.00", "missing_lines": 1, "excluded_lines": 0, "percent_statements_covered": 0.0, "percent_statements_covered_display": "0.00"}, "missing_lines": [96], "excluded_lines": []}, "LibraryService.assign_album": {"executed_lines": [], "summary": {"covered_lines": 0, "num_statements": 5, "percent_covered": 0.0, "percent_covered_display": "0.00", "missing_lines": 5, "excluded_lines": 0, "percent_statements_covered": 0.0, "percent_statements_covered_display": "0.00"}, "missing_lines": [103, 104, 106, 109, 111], "excluded_lines": []}, "LibraryService.get_distinct_filter_values": {"executed_lines": [124, 127, 128, 129, 131, 137, 138, 139, 140, 141, 142, 152], "summary": {"covered_lines": 12, "num_statements": 19, "percent_covered": 63.1578947368421, "percent_covered_display": "63.16", "missing_lines": 7, "excluded_lines": 0, "percent_statements_covered": 63.1578947368421, "percent_statements_covered_display": "63.16"}, "missing_lines": [144, 145, 146, 147, 148, 150, 151], "excluded_lines": []}, "": {"executed_lines": [1, 2, 3, 4, 5, 8, 9, 11, 18, 22, 26, 30, 34, 38, 42, 46, 52, 56, 60, 64, 68, 74, 80, 84, 88, 94, 98, 113], "summary": {"covered_lines": 26, "num_statements": 26, "percent_covered": 100.0, "percent_covered_display": "100.00", "missing_lines": 0, "excluded_lines": 0, "percent_statements_covered": 100.0, "percent_statements_covered_display": "100.00"}, "missing_lines": [], "excluded_lines": []}}, "classes": {"LibraryService": {"executed_lines": [12, 13, 16, 20, 24, 28, 32, 40, 44, 62, 82, 124, 127, 128, 129, 131, 137, 138, 139, 140, 141, 142, 152], "summary": {"covered_lines": 23, "num_statements": 46, "percent_covered": 50.0, "percent_covered_display": "50.00", "missing_lines": 23, "excluded_lines": 0, "percent_statements_covered": 50.0, "percent_statements_covered_display": "50.00"}, "missing_lines": [36, 49, 50, 54, 58, 66, 70, 76, 86, 90, 96, 103, 104, 106, 109, 111, 144, 145, 146, 147, 148, 150, 151], "excluded_lines": []}, "": {"executed_lines": [1, 2, 3, 4, 5, 8, 9, 11, 18, 22, 26, 30, 34, 38, 42, 46, 52, 56, 60, 64, 68, 74, 80, 84, 88, 94, 98, 113], "summary": {"covered_lines": 26, "num_statements": 26, "percent_covered": 100.0, "percent_covered_display": "100.00", "missing_lines": 0, "excluded_lines": 0, "percent_statements_covered": 100.0, "percent_statements_covered_display": "100.00"}, "missing_lines": [], "excluded_lines": []}}}, "src\\business\\services\\metadata_service.py": {"executed_lines": [1, 2, 3, 4, 5, 6, 7, 8, 9, 10, 13, 14, 16, 17, 23, 24, 25, 26, 28, 31, 32, 34, 35, 36, 37, 40, 41, 42, 44, 45, 46, 47, 53, 54, 58, 61, 62, 63, 64, 65, 68, 72, 73, 76, 77, 81, 83, 85, 87, 89, 90, 93, 94, 96, 97, 99, 100, 102, 104, 105, 107, 110, 111, 113, 114, 116, 117, 118, 119, 120, 122, 125, 126, 127, 133, 134, 138, 139, 140, 141, 142, 143, 144, 147, 149, 150, 151, 152, 153, 154, 156, 157, 159, 162, 164, 165, 166, 167, 169, 170, 171, 172, 174, 175, 184, 190, 191, 215, 216, 223, 224, 227, 228, 231, 232, 233, 234, 237, 238, 239, 241, 242, 249, 250, 251, 254, 255, 256, 257, 261, 262, 263, 266, 267, 268, 269, 270, 272, 274, 275, 277, 278, 279, 280, 281, 282, 283, 292, 293, 297, 301, 302, 303, 305, 306, 309, 312, 313, 317, 320, 324, 328, 329, 334, 335, 338, 341, 346, 351, 352, 354, 359, 360, 361, 362, 363, 364, 365, 368, 369, 370, 373, 374, 377, 379, 380, 383, 384, 385, 386, 387, 390, 391, 392, 395, 396, 397, 398, 401, 402, 403, 404, 405, 406, 407, 408, 409, 410, 412, 413, 414, 416, 421, 422, 424, 425, 426], "summary": {"covered_lines": 215, "num_statements": 248, "percent_covered": 86.69354838709677, "percent_covered_display": "86.69", "missing_lines": 33, "excluded_lines": 0, "percent_statements_covered": 86.69354838709677, "percent_statements_covered_display": "86.69"}, "missing_lines": [49, 56, 59, 69, 70, 112, 196, 197, 198, 199, 200, 202, 203, 206, 207, 209, 210, 211, 212, 213, 244, 246, 258, 285, 321, 325, 330, 331, 342, 343, 344, 347, 348], "excluded_lines": [], "functions": {"MetadataService.extract_from_mp3": {"executed_lines": [23, 24, 25, 26, 28, 31, 32, 34, 35, 36, 37, 40, 76, 77, 81, 83, 85, 87, 89, 90, 93, 94, 96, 97, 99, 100, 102, 104, 105, 107, 110, 111, 113, 114, 116, 117, 118, 119, 120, 122, 125, 126, 127, 133, 134, 138, 139, 140, 141, 142, 143, 144, 147, 149, 150, 151, 152, 153, 154, 156, 157, 159, 162, 164, 165, 166, 167, 169, 170, 171, 172, 174, 175, 184], "summary": {"covered_lines": 74, "num_statements": 75, "percent_covered": 98.66666666666667, "percent_covered_display": "98.67", "missing_lines": 1, "excluded_lines": 0, "percent_statements_covered": 98.66666666666667, "percent_statements_covered_display": "98.67"}, "missing_lines": [112], "excluded_lines": []}, "MetadataService.extract_from_mp3.get_values": {"executed_lines": [41, 42, 44, 45, 46, 47, 53, 54, 58, 61, 62, 63, 64, 65, 68, 72, 73], "summary": {"covered_lines": 17, "num_statements": 22, "percent_covered": 77.27272727272727, "percent_covered_display": "77.27", "missing_lines": 5, "excluded_lines": 0, "percent_statements_covered": 77.27272727272727, "percent_statements_covered_display": "77.27"}, "missing_lines": [49, 56, 59, 69, 70], "excluded_lines": []}, "MetadataService.get_raw_tags": {"executed_lines": [], "summary": {"covered_lines": 0, "num_statements": 14, "percent_covered": 0.0, "percent_covered_display": "0.00", "missing_lines": 14, "excluded_lines": 0, "percent_statements_covered": 0.0, "percent_statements_covered_display": "0.00"}, "missing_lines": [196, 197, 198, 199, 200, 202, 203, 206, 207, 209, 210, 211, 212, 213], "excluded_lines": []}, "MetadataService.write_tags": {"executed_lines": [223, 224, 227, 228, 231, 232, 233, 234, 237, 238, 239, 241, 242, 249, 250, 251, 254, 255, 256, 257, 261, 266, 267, 268, 269, 270, 272, 274, 275, 277, 278, 279, 280, 281, 282, 283, 292, 293, 297, 301, 302, 303, 305, 306, 309, 312, 313, 317, 320, 324, 328, 329, 334, 335, 338, 341, 346, 351, 352, 354, 359, 360, 361, 362, 363, 364, 365, 368, 369, 370, 373, 374, 377, 379, 380, 383, 384, 385, 386, 387, 390, 391, 392, 395, 396, 397, 398, 401, 402, 403, 404, 405, 406, 407, 408, 409, 410, 412, 413, 414, 416, 421, 422, 424, 425, 426], "summary": {"covered_lines": 106, "num_statements": 119, "percent_covered": 89.07563025210084, "percent_covered_display": "89.08", "missing_lines": 13, "excluded_lines": 0, "percent_statements_covered": 89.07563025210084, "percent_statements_covered_display": "89.08"}, "missing_lines": [244, 246, 258, 285, 321, 325, 330, 331, 342, 343, 344, 347, 348], "excluded_lines": []}, "MetadataService.write_tags.clean_list": {"executed_lines": [262, 263], "summary": {"covered_lines": 2, "num_statements": 2, "percent_covered": 100.0, "percent_covered_display": "100.00", "missing_lines": 0, "excluded_lines": 0, "percent_statements_covered": 100.0, "percent_statements_covered_display": "100.00"}, "missing_lines": [], "excluded_lines": []}, "": {"executed_lines": [1, 2, 3, 4, 5, 6, 7, 8, 9, 10, 13, 14, 16, 17, 190, 191, 215, 216], "summary": {"covered_lines": 16, "num_statements": 16, "percent_covered": 100.0, "percent_covered_display": "100.00", "missing_lines": 0, "excluded_lines": 0, "percent_statements_covered": 100.0, "percent_statements_covered_display": "100.00"}, "missing_lines": [], "excluded_lines": []}}, "classes": {"MetadataService": {"executed_lines": [23, 24, 25, 26, 28, 31, 32, 34, 35, 36, 37, 40, 41, 42, 44, 45, 46, 47, 53, 54, 58, 61, 62, 63, 64, 65, 68, 72, 73, 76, 77, 81, 83, 85, 87, 89, 90, 93, 94, 96, 97, 99, 100, 102, 104, 105, 107, 110, 111, 113, 114, 116, 117, 118, 119, 120, 122, 125, 126, 127, 133, 134, 138, 139, 140, 141, 142, 143, 144, 147, 149, 150, 151, 152, 153, 154, 156, 157, 159, 162, 164, 165, 166, 167, 169, 170, 171, 172, 174, 175, 184, 223, 224, 227, 228, 231, 232, 233, 234, 237, 238, 239, 241, 242, 249, 250, 251, 254, 255, 256, 257, 261, 262, 263, 266, 267, 268, 269, 270, 272, 274, 275, 277, 278, 279, 280, 281, 282, 283, 292, 293, 297, 301, 302, 303, 305, 306, 309, 312, 313, 317, 320, 324, 328, 329, 334, 335, 338, 341, 346, 351, 352, 354, 359, 360, 361, 362, 363, 364, 365, 368, 369, 370, 373, 374, 377, 379, 380, 383, 384, 385, 386, 387, 390, 391, 392, 395, 396, 397, 398, 401, 402, 403, 404, 405, 406, 407, 408, 409, 410, 412, 413, 414, 416, 421, 422, 424, 425, 426], "summary": {"covered_lines": 199, "num_statements": 232, "percent_covered": 85.77586206896552, "percent_covered_display": "85.78", "missing_lines": 33, "excluded_lines": 0, "percent_statements_covered": 85.77586206896552, "percent_statements_covered_display": "85.78"}, "missing_lines": [49, 56, 59, 69, 70, 112, 196, 197, 198, 199, 200, 202, 203, 206, 207, 209, 210, 211, 212, 213, 244, 246, 258, 285, 321, 325, 330, 331, 342, 343, 344, 347, 348], "excluded_lines": []}, "": {"executed_lines": [1, 2, 3, 4, 5, 6, 7, 8, 9, 10, 13, 14, 16, 17, 190, 191, 215, 216], "summary": {"covered_lines": 16, "num_statements": 16, "percent_covered": 100.0, "percent_covered_display": "100.00", "missing_lines": 0, "excluded_lines": 0, "percent_statements_covered": 100.0, "percent_statements_covered_display": "100.00"}, "missing_lines": [], "excluded_lines": []}}}, "src\\business\\services\\playback_service.py": {"executed_lines": [1, 2, 3, 4, 5, 7, 11, 12, 15, 16, 17, 19, 20, 21, 23, 24, 25, 28, 29, 32, 33, 35, 38, 39, 40, 42, 43, 44, 45, 47, 48, 51, 53, 55, 56, 57, 58, 59, 61, 62, 64, 66, 67, 71, 72, 74, 76, 77, 81, 82, 83, 85, 86, 87, 89, 91, 92, 93, 94, 95, 97, 114, 122, 128, 129, 131, 132, 134, 135, 136, 138, 139, 141, 152, 153, 155, 156, 158, 160, 162, 177, 179, 180, 181, 183, 184, 186, 187, 189, 190, 192, 193, 197, 198, 199, 201, 203, 204, 206, 208, 210, 211, 212, 213, 215, 234, 236, 237, 239, 240, 243, 245, 247, 279, 293, 295, 296, 298, 305, 307, 310, 312, 313, 315, 316, 318, 319, 321, 323, 324, 326, 327, 328, 329, 330, 331, 332, 333, 334], "summary": {"covered_lines": 136, "num_statements": 195, "percent_covered": 69.74358974358974, "percent_covered_display": "69.74", "missing_lines": 59, "excluded_lines": 2, "percent_statements_covered": 69.74358974358974, "percent_statements_covered_display": "69.74"}, "missing_lines": [69, 79, 102, 103, 104, 105, 107, 109, 110, 111, 112, 116, 117, 118, 125, 126, 165, 166, 169, 170, 173, 174, 219, 220, 221, 222, 224, 225, 226, 227, 228, 232, 250, 251, 254, 255, 258, 259, 262, 263, 266, 267, 268, 269, 272, 273, 276, 277, 281, 282, 283, 285, 287, 289, 291, 300, 301, 302, 308], "excluded_lines": [7, 8], "functions": {"PlaybackService.__init__": {"executed_lines": [24, 25, 28, 29, 32, 33, 35, 38, 39, 40, 42, 43, 44, 45, 47, 48, 51], "summary": {"covered_lines": 17, "num_statements": 17, "percent_covered": 100.0, "percent_covered_display": "100.00", "missing_lines": 0, "excluded_lines": 0, "percent_statements_covered": 100.0, "percent_statements_covered_display": "100.00"}, "missing_lines": [], "excluded_lines": []}, "PlaybackService._create_player_pair": {"executed_lines": [55, 56, 57, 58, 59], "summary": {"covered_lines": 5, "num_statements": 5, "percent_covered": 100.0, "percent_covered_display": "100.00", "missing_lines": 0, "excluded_lines": 0, "percent_statements_covered": 100.0, "percent_statements_covered_display": "100.00"}, "missing_lines": [], "excluded_lines": []}, "PlaybackService.crossfade_duration": {"executed_lines": [], "summary": {"covered_lines": 0, "num_statements": 1, "percent_covered": 0.0, "percent_covered_display": "0.00", "missing_lines": 1, "excluded_lines": 0, "percent_statements_covered": 0.0, "percent_statements_covered_display": "0.00"}, "missing_lines": [69], "excluded_lines": []}, "PlaybackService.crossfade_enabled": {"executed_lines": [], "summary": {"covered_lines": 0, "num_statements": 1, "percent_covered": 0.0, "percent_covered_display": "0.00", "missing_lines": 1, "excluded_lines": 0, "percent_statements_covered": 0.0, "percent_statements_covered_display": "0.00"}, "missing_lines": [79], "excluded_lines": []}, "PlaybackService.active_player": {"executed_lines": [83], "summary": {"covered_lines": 1, "num_statements": 1, "percent_covered": 100.0, "percent_covered_display": "100.00", "missing_lines": 0, "excluded_lines": 0, "percent_statements_covered": 100.0, "percent_statements_covered_display": "100.00"}, "missing_lines": [], "excluded_lines": []}, "PlaybackService.active_audio": {"executed_lines": [87], "summary": {"covered_lines": 1, "num_statements": 1, "percent_covered": 100.0, "percent_covered_display": "100.00", "missing_lines": 0, "excluded_lines": 0, "percent_statements_covered": 100.0, "percent_statements_covered_display": "100.00"}, "missing_lines": [], "excluded_lines": []}, "PlaybackService._connect_signals": {"executed_lines": [91, 92, 93, 94, 95], "summary": {"covered_lines": 5, "num_statements": 5, "percent_covered": 100.0, "percent_covered_display": "100.00", "missing_lines": 0, "excluded_lines": 0, "percent_statements_covered": 100.0, "percent_statements_covered_display": "100.00"}, "missing_lines": [], "excluded_lines": []}, "PlaybackService._disconnect_signals": {"executed_lines": [], "summary": {"covered_lines": 0, "num_statements": 5, "percent_covered": 0.0, "percent_covered_display": "0.00", "missing_lines": 5, "excluded_lines": 0, "percent_statements_covered": 0.0, "percent_statements_covered_display": "0.00"}, "missing_lines": [102, 109, 110, 111, 112], "excluded_lines": []}, "PlaybackService._disconnect_signals.safe_disconnect_all": {"executed_lines": [], "summary": {"covered_lines": 0, "num_statements": 4, "percent_covered": 0.0, "percent_covered_display": "0.00", "missing_lines": 4, "excluded_lines": 0, "percent_statements_covered": 0.0, "percent_statements_covered_display": "0.00"}, "missing_lines": [103, 104, 105, 107], "excluded_lines": []}, "PlaybackService._handle_media_status": {"executed_lines": [], "summary": {"covered_lines": 0, "num_statements": 3, "percent_covered": 0.0, "percent_covered_display": "0.00", "missing_lines": 3, "excluded_lines": 0, "percent_statements_covered": 0.0, "percent_statements_covered_display": "0.00"}, "missing_lines": [116, 117, 118], "excluded_lines": []}, "PlaybackService.load": {"executed_lines": [], "summary": {"covered_lines": 0, "num_statements": 2, "percent_covered": 0.0, "percent_covered_display": "0.00", "missing_lines": 2, "excluded_lines": 0, "percent_statements_covered": 0.0, "percent_statements_covered_display": "0.00"}, "missing_lines": [125, 126], "excluded_lines": []}, "PlaybackService.play": {"executed_lines": [129], "summary": {"covered_lines": 1, "num_statements": 1, "percent_covered": 100.0, "percent_covered_display": "100.00", "missing_lines": 0, "excluded_lines": 0, "percent_statements_covered": 100.0, "percent_statements_covered_display": "100.00"}, "missing_lines": [], "excluded_lines": []}, "PlaybackService.pause": {"executed_lines": [132], "summary": {"covered_lines": 1, "num_statements": 1, "percent_covered": 100.0, "percent_covered_display": "100.00", "missing_lines": 0, "excluded_lines": 0, "percent_statements_covered": 100.0, "percent_statements_covered_display": "100.00"}, "missing_lines": [], "excluded_lines": []}, "PlaybackService.stop": {"executed_lines": [135, 136], "summary": {"covered_lines": 2, "num_statements": 2, "percent_covered": 100.0, "percent_covered_display": "100.00", "missing_lines": 0, "excluded_lines": 0, "percent_statements_covered": 100.0, "percent_statements_covered_display": "100.00"}, "missing_lines": [], "excluded_lines": []}, "PlaybackService.seek": {"executed_lines": [139], "summary": {"covered_lines": 1, "num_statements": 1, "percent_covered": 100.0, "percent_covered_display": "100.00", "missing_lines": 0, "excluded_lines": 0, "percent_statements_covered": 100.0, "percent_statements_covered_display": "100.00"}, "missing_lines": [], "excluded_lines": []}, "PlaybackService.set_volume": {"executed_lines": [152, 153], "summary": {"covered_lines": 2, "num_statements": 2, "percent_covered": 100.0, "percent_covered_display": "100.00", "missing_lines": 0, "excluded_lines": 0, "percent_statements_covered": 100.0, "percent_statements_covered_display": "100.00"}, "missing_lines": [], "excluded_lines": []}, "PlaybackService.get_volume": {"executed_lines": [156], "summary": {"covered_lines": 1, "num_statements": 1, "percent_covered": 100.0, "percent_covered_display": "100.00", "missing_lines": 0, "excluded_lines": 0, "percent_statements_covered": 100.0, "percent_statements_covered_display": "100.00"}, "missing_lines": [], "excluded_lines": []}, "PlaybackService._update_volumes": {"executed_lines": [160, 162, 177, 179, 180, 181], "summary": {"covered_lines": 6, "num_statements": 12, "percent_covered": 50.0, "percent_covered_display": "50.00", "missing_lines": 6, "excluded_lines": 0, "percent_statements_covered": 50.0, "percent_statements_covered_display": "50.00"}, "missing_lines": [165, 166, 169, 170, 173, 174], "excluded_lines": []}, "PlaybackService.get_position": {"executed_lines": [184], "summary": {"covered_lines": 1, "num_statements": 1, "percent_covered": 100.0, "percent_covered_display": "100.00", "missing_lines": 0, "excluded_lines": 0, "percent_statements_covered": 100.0, "percent_statements_covered_display": "100.00"}, "missing_lines": [], "excluded_lines": []}, "PlaybackService.get_duration": {"executed_lines": [187], "summary": {"covered_lines": 1, "num_statements": 1, "percent_covered": 100.0, "percent_covered_display": "100.00", "missing_lines": 0, "excluded_lines": 0, "percent_statements_covered": 100.0, "percent_statements_covered_display": "100.00"}, "missing_lines": [], "excluded_lines": []}, "PlaybackService.get_state": {"executed_lines": [190], "summary": {"covered_lines": 1, "num_statements": 1, "percent_covered": 100.0, "percent_covered_display": "100.00", "missing_lines": 0, "excluded_lines": 0, "percent_statements_covered": 100.0, "percent_statements_covered_display": "100.00"}, "missing_lines": [], "excluded_lines": []}, "PlaybackService.is_playing": {"executed_lines": [193], "summary": {"covered_lines": 1, "num_statements": 1, "percent_covered": 100.0, "percent_covered_display": "100.00", "missing_lines": 0, "excluded_lines": 0, "percent_statements_covered": 100.0, "percent_statements_covered_display": "100.00"}, "missing_lines": [], "excluded_lines": []}, "PlaybackService.set_playlist": {"executed_lines": [198, 199], "summary": {"covered_lines": 2, "num_statements": 2, "percent_covered": 100.0, "percent_covered_display": "100.00", "missing_lines": 0, "excluded_lines": 0, "percent_statements_covered": 100.0, "percent_statements_covered_display": "100.00"}, "missing_lines": [], "excluded_lines": []}, "PlaybackService.play_at_index": {"executed_lines": [203, 204, 206, 208, 210, 211, 212, 213], "summary": {"covered_lines": 8, "num_statements": 8, "percent_covered": 100.0, "percent_covered_display": "100.00", "missing_lines": 0, "excluded_lines": 0, "percent_statements_covered": 100.0, "percent_statements_covered_display": "100.00"}, "missing_lines": [], "excluded_lines": []}, "PlaybackService.crossfade_to": {"executed_lines": [], "summary": {"covered_lines": 0, "num_statements": 10, "percent_covered": 0.0, "percent_covered_display": "0.00", "missing_lines": 10, "excluded_lines": 0, "percent_statements_covered": 0.0, "percent_statements_covered_display": "0.00"}, "missing_lines": [219, 220, 221, 222, 224, 225, 226, 227, 228, 232], "excluded_lines": []}, "PlaybackService.play_next": {"executed_lines": [236, 237, 239, 240, 243, 245], "summary": {"covered_lines": 6, "num_statements": 6, "percent_covered": 100.0, "percent_covered_display": "100.00", "missing_lines": 0, "excluded_lines": 0, "percent_statements_covered": 100.0, "percent_statements_covered_display": "100.00"}, "missing_lines": [], "excluded_lines": []}, "PlaybackService._start_crossfade": {"executed_lines": [], "summary": {"covered_lines": 0, "num_statements": 16, "percent_covered": 0.0, "percent_covered_display": "0.00", "missing_lines": 16, "excluded_lines": 0, "percent_statements_covered": 0.0, "percent_statements_covered_display": "0.00"}, "missing_lines": [250, 251, 254, 255, 258, 259, 262, 263, 266, 267, 268, 269, 272, 273, 276, 277], "excluded_lines": []}, "PlaybackService._on_crossfade_tick": {"executed_lines": [], "summary": {"covered_lines": 0, "num_statements": 7, "percent_covered": 0.0, "percent_covered_display": "0.00", "missing_lines": 7, "excluded_lines": 0, "percent_statements_covered": 0.0, "percent_statements_covered_display": "0.00"}, "missing_lines": [281, 282, 283, 285, 287, 289, 291], "excluded_lines": []}, "PlaybackService._stop_crossfade": {"executed_lines": [295, 296, 298, 305, 307], "summary": {"covered_lines": 5, "num_statements": 9, "percent_covered": 55.55555555555556, "percent_covered_display": "55.56", "missing_lines": 4, "excluded_lines": 0, "percent_statements_covered": 55.55555555555556, "percent_statements_covered_display": "55.56"}, "missing_lines": [300, 301, 302, 308], "excluded_lines": []}, "PlaybackService.play_previous": {"executed_lines": [312, 313], "summary": {"covered_lines": 2, "num_statements": 2, "percent_covered": 100.0, "percent_covered_display": "100.00", "missing_lines": 0, "excluded_lines": 0, "percent_statements_covered": 100.0, "percent_statements_covered_display": "100.00"}, "missing_lines": [], "excluded_lines": []}, "PlaybackService.get_current_index": {"executed_lines": [316], "summary": {"covered_lines": 1, "num_statements": 1, "percent_covered": 100.0, "percent_covered_display": "100.00", "missing_lines": 0, "excluded_lines": 0, "percent_statements_covered": 100.0, "percent_statements_covered_display": "100.00"}, "missing_lines": [], "excluded_lines": []}, "PlaybackService.get_playlist": {"executed_lines": [319], "summary": {"covered_lines": 1, "num_statements": 1, "percent_covered": 100.0, "percent_covered_display": "100.00", "missing_lines": 0, "excluded_lines": 0, "percent_statements_covered": 100.0, "percent_statements_covered_display": "100.00"}, "missing_lines": [], "excluded_lines": []}, "PlaybackService.cleanup": {"executed_lines": [323, 324, 326, 327, 328, 329, 330, 331, 332, 333, 334], "summary": {"covered_lines": 11, "num_statements": 11, "percent_covered": 100.0, "percent_covered_display": "100.00", "missing_lines": 0, "excluded_lines": 0, "percent_statements_covered": 100.0, "percent_statements_covered_display": "100.00"}, "missing_lines": [], "excluded_lines": []}, "": {"executed_lines": [1, 2, 3, 4, 5, 7, 11, 12, 15, 16, 17, 19, 20, 21, 23, 53, 61, 62, 66, 67, 71, 72, 76, 77, 81, 82, 85, 86, 89, 97, 114, 122, 128, 131, 134, 138, 141, 155, 158, 183, 186, 189, 192, 197, 201, 215, 234, 247, 279, 293, 310, 315, 318, 321], "summary": {"covered_lines": 51, "num_statements": 51, "percent_covered": 100.0, "percent_covered_display": "100.00", "missing_lines": 0, "excluded_lines": 2, "percent_statements_covered": 100.0, "percent_statements_covered_display": "100.00"}, "missing_lines": [], "excluded_lines": [7, 8]}}, "classes": {"PlaybackService": {"executed_lines": [24, 25, 28, 29, 32, 33, 35, 38, 39, 40, 42, 43, 44, 45, 47, 48, 51, 55, 56, 57, 58, 59, 64, 74, 83, 87, 91, 92, 93, 94, 95, 129, 132, 135, 136, 139, 152, 153, 156, 160, 162, 177, 179, 180, 181, 184, 187, 190, 193, 198, 199, 203, 204, 206, 208, 210, 211, 212, 213, 236, 237, 239, 240, 243, 245, 295, 296, 298, 305, 307, 312, 313, 316, 319, 323, 324, 326, 327, 328, 329, 330, 331, 332, 333, 334], "summary": {"covered_lines": 85, "num_statements": 144, "percent_covered": 59.02777777777778, "percent_covered_display": "59.03", "missing_lines": 59, "excluded_lines": 0, "percent_statements_covered": 59.02777777777778, "percent_statements_covered_display": "59.03"}, "missing_lines": [69, 79, 102, 103, 104, 105, 107, 109, 110, 111, 112, 116, 117, 118, 125, 126, 165, 166, 169, 170, 173, 174, 219, 220, 221, 222, 224, 225, 226, 227, 228, 232, 250, 251, 254, 255, 258, 259, 262, 263, 266, 267, 268, 269, 272, 273, 276, 277, 281, 282, 283, 285, 287, 289, 291, 300, 301, 302, 308], "excluded_lines": []}, "": {"executed_lines": [1, 2, 3, 4, 5, 7, 11, 12, 15, 16, 17, 19, 20, 21, 23, 53, 61, 62, 66, 67, 71, 72, 76, 77, 81, 82, 85, 86, 89, 97, 114, 122, 128, 131, 134, 138, 141, 155, 158, 183, 186, 189, 192, 197, 201, 215, 234, 247, 279, 293, 310, 315, 318, 321], "summary": {"covered_lines": 51, "num_statements": 51, "percent_covered": 100.0, "percent_covered_display": "100.00", "missing_lines": 0, "excluded_lines": 2, "percent_statements_covered": 100.0, "percent_statements_covered_display": "100.00"}, "missing_lines": [], "excluded_lines": [7, 8]}}}, "src\\business\\services\\renaming_service.py": {"executed_lines": [1, 2, 4, 5, 6, 8, 13, 14, 19, 20, 24, 25, 28, 30, 33, 36, 39, 41, 46, 50, 54, 59, 64, 68, 70, 74, 76, 80, 84, 85, 88, 91, 93, 96, 99, 100, 107, 111, 112, 113, 114], "summary": {"covered_lines": 41, "num_statements": 52, "percent_covered": 78.84615384615384, "percent_covered_display": "78.85", "missing_lines": 11, "excluded_lines": 0, "percent_statements_covered": 78.84615384615384, "percent_statements_covered_display": "78.85"}, "missing_lines": [16, 26, 51, 55, 60, 65, 81, 89, 102, 104, 105], "excluded_lines": [], "functions": {"RenamingService.__init__": {"executed_lines": [6], "summary": {"covered_lines": 1, "num_statements": 1, "percent_covered": 100.0, "percent_covered_display": "100.00", "missing_lines": 0, "excluded_lines": 0, "percent_statements_covered": 100.0, "percent_statements_covered_display": "100.00"}, "missing_lines": [], "excluded_lines": []}, "RenamingService.calculate_target_path": {"executed_lines": [13, 14, 19, 20, 24, 25, 28, 30, 33, 36, 39], "summary": {"covered_lines": 11, "num_statements": 13, "percent_covered": 84.61538461538461, "percent_covered_display": "84.62", "missing_lines": 2, "excluded_lines": 0, "percent_statements_covered": 84.61538461538461, "percent_statements_covered_display": "84.62"}, "missing_lines": [16, 26], "excluded_lines": []}, "RenamingService._resolve_routing_rules": {"executed_lines": [46, 50, 54, 59, 64, 68], "summary": {"covered_lines": 6, "num_statements": 10, "percent_covered": 60.0, "percent_covered_display": "60.00", "missing_lines": 4, "excluded_lines": 0, "percent_statements_covered": 60.0, "percent_statements_covered_display": "60.00"}, "missing_lines": [51, 55, 60, 65], "excluded_lines": []}, "RenamingService.check_conflict": {"executed_lines": [74], "summary": {"covered_lines": 1, "num_statements": 1, "percent_covered": 100.0, "percent_covered_display": "100.00", "missing_lines": 0, "excluded_lines": 0, "percent_statements_covered": 100.0, "percent_statements_covered_display": "100.00"}, "missing_lines": [], "excluded_lines": []}, "RenamingService.rename_song": {"executed_lines": [80, 84, 85, 88, 91, 93, 96, 99, 100], "summary": {"covered_lines": 9, "num_statements": 14, "percent_covered": 64.28571428571429, "percent_covered_display": "64.29", "missing_lines": 5, "excluded_lines": 0, "percent_statements_covered": 64.28571428571429, "percent_statements_covered_display": "64.29"}, "missing_lines": [81, 89, 102, 104, 105], "excluded_lines": []}, "RenamingService._sanitize": {"executed_lines": [111, 112, 113, 114], "summary": {"covered_lines": 4, "num_statements": 4, "percent_covered": 100.0, "percent_covered_display": "100.00", "missing_lines": 0, "excluded_lines": 0, "percent_statements_covered": 100.0, "percent_statements_covered_display": "100.00"}, "missing_lines": [], "excluded_lines": []}, "": {"executed_lines": [1, 2, 4, 5, 8, 41, 70, 76, 107], "summary": {"covered_lines": 9, "num_statements": 9, "percent_covered": 100.0, "percent_covered_display": "100.00", "missing_lines": 0, "excluded_lines": 0, "percent_statements_covered": 100.0, "percent_statements_covered_display": "100.00"}, "missing_lines": [], "excluded_lines": []}}, "classes": {"RenamingService": {"executed_lines": [6, 13, 14, 19, 20, 24, 25, 28, 30, 33, 36, 39, 46, 50, 54, 59, 64, 68, 74, 80, 84, 85, 88, 91, 93, 96, 99, 100, 111, 112, 113, 114], "summary": {"covered_lines": 32, "num_statements": 43, "percent_covered": 74.4186046511628, "percent_covered_display": "74.42", "missing_lines": 11, "excluded_lines": 0, "percent_statements_covered": 74.4186046511628, "percent_statements_covered_display": "74.42"}, "missing_lines": [16, 26, 51, 55, 60, 65, 81, 89, 102, 104, 105], "excluded_lines": []}, "": {"executed_lines": [1, 2, 4, 5, 8, 41, 70, 76, 107], "summary": {"covered_lines": 9, "num_statements": 9, "percent_covered": 100.0, "percent_covered_display": "100.00", "missing_lines": 0, "excluded_lines": 0, "percent_statements_covered": 100.0, "percent_statements_covered_display": "100.00"}, "missing_lines": [], "excluded_lines": []}}}, "src\\business\\services\\settings_manager.py": {"executed_lines": [1, 2, 3, 6, 7, 11, 12, 13, 14, 18, 19, 20, 21, 24, 25, 26, 27, 28, 29, 32, 33, 34, 35, 36, 37, 39, 44, 51, 53, 55, 57, 59, 61, 63, 65, 67, 69, 71, 73, 75, 77, 83, 85, 87, 89, 91, 93, 95, 97, 99, 103, 107, 114, 115, 117, 118, 120, 133, 134, 137, 138, 140, 144, 147, 148, 150, 151, 155, 162, 164, 172, 173, 175, 177, 179, 180, 181, 183, 185, 187, 189, 191, 193, 195, 197, 199, 201, 203, 205, 207, 211, 213, 215, 221, 223, 225, 227, 229, 231, 233, 235, 237, 239], "summary": {"covered_lines": 101, "num_statements": 108, "percent_covered": 93.51851851851852, "percent_covered_display": "93.52", "missing_lines": 7, "excluded_lines": 0, "percent_statements_covered": 93.51851851851852, "percent_statements_covered_display": "93.52"}, "missing_lines": [101, 105, 116, 135, 145, 209, 217], "excluded_lines": [], "functions": {"SettingsManager.__init__": {"executed_lines": [44], "summary": {"covered_lines": 1, "num_statements": 1, "percent_covered": 100.0, "percent_covered_display": "100.00", "missing_lines": 0, "excluded_lines": 0, "percent_statements_covered": 100.0, "percent_statements_covered_display": "100.00"}, "missing_lines": [], "excluded_lines": []}, "SettingsManager.get_window_geometry": {"executed_lines": [53], "summary": {"covered_lines": 1, "num_statements": 1, "percent_covered": 100.0, "percent_covered_display": "100.00", "missing_lines": 0, "excluded_lines": 0, "percent_statements_covered": 100.0, "percent_statements_covered_display": "100.00"}, "missing_lines": [], "excluded_lines": []}, "SettingsManager.set_window_geometry": {"executed_lines": [57], "summary": {"covered_lines": 1, "num_statements": 1, "percent_covered": 100.0, "percent_covered_display": "100.00", "missing_lines": 0, "excluded_lines": 0, "percent_statements_covered": 100.0, "percent_statements_covered_display": "100.00"}, "missing_lines": [], "excluded_lines": []}, "SettingsManager.get_main_splitter_state": {"executed_lines": [61], "summary": {"covered_lines": 1, "num_statements": 1, "percent_covered": 100.0, "percent_covered_display": "100.00", "missing_lines": 0, "excluded_lines": 0, "percent_statements_covered": 100.0, "percent_statements_covered_display": "100.00"}, "missing_lines": [], "excluded_lines": []}, "SettingsManager.set_main_splitter_state": {"executed_lines": [65], "summary": {"covered_lines": 1, "num_statements": 1, "percent_covered": 100.0, "percent_covered_display": "100.00", "missing_lines": 0, "excluded_lines": 0, "percent_statements_covered": 100.0, "percent_statements_covered_display": "100.00"}, "missing_lines": [], "excluded_lines": []}, "SettingsManager.get_right_panel_tab": {"executed_lines": [69], "summary": {"covered_lines": 1, "num_statements": 1, "percent_covered": 100.0, "percent_covered_display": "100.00", "missing_lines": 0, "excluded_lines": 0, "percent_statements_covered": 100.0, "percent_statements_covered_display": "100.00"}, "missing_lines": [], "excluded_lines": []}, "SettingsManager.set_right_panel_tab": {"executed_lines": [73], "summary": {"covered_lines": 1, "num_statements": 1, "percent_covered": 100.0, "percent_covered_display": "100.00", "missing_lines": 0, "excluded_lines": 0, "percent_statements_covered": 100.0, "percent_statements_covered_display": "100.00"}, "missing_lines": [], "excluded_lines": []}, "SettingsManager.get_default_window_size": {"executed_lines": [77], "summary": {"covered_lines": 1, "num_statements": 1, "percent_covered": 100.0, "percent_covered_display": "100.00", "missing_lines": 0, "excluded_lines": 0, "percent_statements_covered": 100.0, "percent_statements_covered_display": "100.00"}, "missing_lines": [], "excluded_lines": []}, "SettingsManager.get_last_import_directory": {"executed_lines": [85], "summary": {"covered_lines": 1, "num_statements": 1, "percent_covered": 100.0, "percent_covered_display": "100.00", "missing_lines": 0, "excluded_lines": 0, "percent_statements_covered": 100.0, "percent_statements_covered_display": "100.00"}, "missing_lines": [], "excluded_lines": []}, "SettingsManager.set_last_import_directory": {"executed_lines": [89], "summary": {"covered_lines": 1, "num_statements": 1, "percent_covered": 100.0, "percent_covered_display": "100.00", "missing_lines": 0, "excluded_lines": 0, "percent_statements_covered": 100.0, "percent_statements_covered_display": "100.00"}, "missing_lines": [], "excluded_lines": []}, "SettingsManager.get_type_filter": {"executed_lines": [93], "summary": {"covered_lines": 1, "num_statements": 1, "percent_covered": 100.0, "percent_covered_display": "100.00", "missing_lines": 0, "excluded_lines": 0, "percent_statements_covered": 100.0, "percent_statements_covered_display": "100.00"}, "missing_lines": [], "excluded_lines": []}, "SettingsManager.set_type_filter": {"executed_lines": [97], "summary": {"covered_lines": 1, "num_statements": 1, "percent_covered": 100.0, "percent_covered_display": "100.00", "missing_lines": 0, "excluded_lines": 0, "percent_statements_covered": 100.0, "percent_statements_covered_display": "100.00"}, "missing_lines": [], "excluded_lines": []}, "SettingsManager.get_root_directory": {"executed_lines": [], "summary": {"covered_lines": 0, "num_statements": 1, "percent_covered": 0.0, "percent_covered_display": "0.00", "missing_lines": 1, "excluded_lines": 0, "percent_statements_covered": 0.0, "percent_statements_covered_display": "0.00"}, "missing_lines": [101], "excluded_lines": []}, "SettingsManager.set_root_directory": {"executed_lines": [], "summary": {"covered_lines": 0, "num_statements": 1, "percent_covered": 0.0, "percent_covered_display": "0.00", "missing_lines": 1, "excluded_lines": 0, "percent_statements_covered": 0.0, "percent_statements_covered_display": "0.00"}, "missing_lines": [105], "excluded_lines": []}, "SettingsManager.get_column_layout": {"executed_lines": [114, 115, 117, 118], "summary": {"covered_lines": 4, "num_statements": 5, "percent_covered": 80.0, "percent_covered_display": "80.00", "missing_lines": 1, "excluded_lines": 0, "percent_statements_covered": 80.0, "percent_statements_covered_display": "80.00"}, "missing_lines": [116], "excluded_lines": []}, "SettingsManager.set_column_layout": {"executed_lines": [133, 134, 137, 138, 140, 144, 147, 148, 150, 151], "summary": {"covered_lines": 10, "num_statements": 12, "percent_covered": 83.33333333333333, "percent_covered_display": "83.33", "missing_lines": 2, "excluded_lines": 0, "percent_statements_covered": 83.33333333333333, "percent_statements_covered_display": "83.33"}, "missing_lines": [135, 145], "excluded_lines": []}, "SettingsManager.get_volume": {"executed_lines": [162], "summary": {"covered_lines": 1, "num_statements": 1, "percent_covered": 100.0, "percent_covered_display": "100.00", "missing_lines": 0, "excluded_lines": 0, "percent_statements_covered": 100.0, "percent_statements_covered_display": "100.00"}, "missing_lines": [], "excluded_lines": []}, "SettingsManager.set_volume": {"executed_lines": [172, 173], "summary": {"covered_lines": 2, "num_statements": 2, "percent_covered": 100.0, "percent_covered_display": "100.00", "missing_lines": 0, "excluded_lines": 0, "percent_statements_covered": 100.0, "percent_statements_covered_display": "100.00"}, "missing_lines": [], "excluded_lines": []}, "SettingsManager.get_last_playlist": {"executed_lines": [177, 179, 180, 181], "summary": {"covered_lines": 4, "num_statements": 4, "percent_covered": 100.0, "percent_covered_display": "100.00", "missing_lines": 0, "excluded_lines": 0, "percent_statements_covered": 100.0, "percent_statements_covered_display": "100.00"}, "missing_lines": [], "excluded_lines": []}, "SettingsManager.set_last_playlist": {"executed_lines": [185], "summary": {"covered_lines": 1, "num_statements": 1, "percent_covered": 100.0, "percent_covered_display": "100.00", "missing_lines": 0, "excluded_lines": 0, "percent_statements_covered": 100.0, "percent_statements_covered_display": "100.00"}, "missing_lines": [], "excluded_lines": []}, "SettingsManager.get_last_song_path": {"executed_lines": [189], "summary": {"covered_lines": 1, "num_statements": 1, "percent_covered": 100.0, "percent_covered_display": "100.00", "missing_lines": 0, "excluded_lines": 0, "percent_statements_covered": 100.0, "percent_statements_covered_display": "100.00"}, "missing_lines": [], "excluded_lines": []}, "SettingsManager.set_last_song_path": {"executed_lines": [193], "summary": {"covered_lines": 1, "num_statements": 1, "percent_covered": 100.0, "percent_covered_display": "100.00", "missing_lines": 0, "excluded_lines": 0, "percent_statements_covered": 100.0, "percent_statements_covered_display": "100.00"}, "missing_lines": [], "excluded_lines": []}, "SettingsManager.get_last_position": {"executed_lines": [197], "summary": {"covered_lines": 1, "num_statements": 1, "percent_covered": 100.0, "percent_covered_display": "100.00", "missing_lines": 0, "excluded_lines": 0, "percent_statements_covered": 100.0, "percent_statements_covered_display": "100.00"}, "missing_lines": [], "excluded_lines": []}, "SettingsManager.set_last_position": {"executed_lines": [201], "summary": {"covered_lines": 1, "num_statements": 1, "percent_covered": 100.0, "percent_covered_display": "100.00", "missing_lines": 0, "excluded_lines": 0, "percent_statements_covered": 100.0, "percent_statements_covered_display": "100.00"}, "missing_lines": [], "excluded_lines": []}, "SettingsManager.get_crossfade_enabled": {"executed_lines": [205], "summary": {"covered_lines": 1, "num_statements": 1, "percent_covered": 100.0, "percent_covered_display": "100.00", "missing_lines": 0, "excluded_lines": 0, "percent_statements_covered": 100.0, "percent_statements_covered_display": "100.00"}, "missing_lines": [], "excluded_lines": []}, "SettingsManager.set_crossfade_enabled": {"executed_lines": [], "summary": {"covered_lines": 0, "num_statements": 1, "percent_covered": 0.0, "percent_covered_display": "0.00", "missing_lines": 1, "excluded_lines": 0, "percent_statements_covered": 0.0, "percent_statements_covered_display": "0.00"}, "missing_lines": [209], "excluded_lines": []}, "SettingsManager.get_crossfade_duration": {"executed_lines": [213], "summary": {"covered_lines": 1, "num_statements": 1, "percent_covered": 100.0, "percent_covered_display": "100.00", "missing_lines": 0, "excluded_lines": 0, "percent_statements_covered": 100.0, "percent_statements_covered_display": "100.00"}, "missing_lines": [], "excluded_lines": []}, "SettingsManager.set_crossfade_duration": {"executed_lines": [], "summary": {"covered_lines": 0, "num_statements": 1, "percent_covered": 0.0, "percent_covered_display": "0.00", "missing_lines": 1, "excluded_lines": 0, "percent_statements_covered": 0.0, "percent_statements_covered_display": "0.00"}, "missing_lines": [217], "excluded_lines": []}, "SettingsManager.clear_all": {"executed_lines": [223], "summary": {"covered_lines": 1, "num_statements": 1, "percent_covered": 100.0, "percent_covered_display": "100.00", "missing_lines": 0, "excluded_lines": 0, "percent_statements_covered": 100.0, "percent_statements_covered_display": "100.00"}, "missing_lines": [], "excluded_lines": []}, "SettingsManager.sync": {"executed_lines": [227], "summary": {"covered_lines": 1, "num_statements": 1, "percent_covered": 100.0, "percent_covered_display": "100.00", "missing_lines": 0, "excluded_lines": 0, "percent_statements_covered": 100.0, "percent_statements_covered_display": "100.00"}, "missing_lines": [], "excluded_lines": []}, "SettingsManager.get_all_keys": {"executed_lines": [231], "summary": {"covered_lines": 1, "num_statements": 1, "percent_covered": 100.0, "percent_covered_display": "100.00", "missing_lines": 0, "excluded_lines": 0, "percent_statements_covered": 100.0, "percent_statements_covered_display": "100.00"}, "missing_lines": [], "excluded_lines": []}, "SettingsManager.has_setting": {"executed_lines": [235], "summary": {"covered_lines": 1, "num_statements": 1, "percent_covered": 100.0, "percent_covered_display": "100.00", "missing_lines": 0, "excluded_lines": 0, "percent_statements_covered": 100.0, "percent_statements_covered_display": "100.00"}, "missing_lines": [], "excluded_lines": []}, "SettingsManager.remove_setting": {"executed_lines": [239], "summary": {"covered_lines": 1, "num_statements": 1, "percent_covered": 100.0, "percent_covered_display": "100.00", "missing_lines": 0, "excluded_lines": 0, "percent_statements_covered": 100.0, "percent_statements_covered_display": "100.00"}, "missing_lines": [], "excluded_lines": []}, "": {"executed_lines": [1, 2, 3, 6, 7, 11, 12, 13, 14, 18, 19, 20, 21, 24, 25, 26, 27, 28, 29, 32, 33, 34, 35, 36, 37, 39, 51, 55, 59, 63, 67, 71, 75, 83, 87, 91, 95, 99, 103, 107, 120, 155, 164, 175, 183, 187, 191, 195, 199, 203, 207, 211, 215, 221, 225, 229, 233, 237], "summary": {"covered_lines": 56, "num_statements": 56, "percent_covered": 100.0, "percent_covered_display": "100.00", "missing_lines": 0, "excluded_lines": 0, "percent_statements_covered": 100.0, "percent_statements_covered_display": "100.00"}, "missing_lines": [], "excluded_lines": []}}, "classes": {"SettingsManager": {"executed_lines": [44, 53, 57, 61, 65, 69, 73, 77, 85, 89, 93, 97, 114, 115, 117, 118, 133, 134, 137, 138, 140, 144, 147, 148, 150, 151, 162, 172, 173, 177, 179, 180, 181, 185, 189, 193, 197, 201, 205, 213, 223, 227, 231, 235, 239], "summary": {"covered_lines": 45, "num_statements": 52, "percent_covered": 86.53846153846153, "percent_covered_display": "86.54", "missing_lines": 7, "excluded_lines": 0, "percent_statements_covered": 86.53846153846153, "percent_statements_covered_display": "86.54"}, "missing_lines": [101, 105, 116, 135, 145, 209, 217], "excluded_lines": []}, "": {"executed_lines": [1, 2, 3, 6, 7, 11, 12, 13, 14, 18, 19, 20, 21, 24, 25, 26, 27, 28, 29, 32, 33, 34, 35, 36, 37, 39, 51, 55, 59, 63, 67, 71, 75, 83, 87, 91, 95, 99, 103, 107, 120, 155, 164, 175, 183, 187, 191, 195, 199, 203, 207, 211, 215, 221, 225, 229, 233, 237], "summary": {"covered_lines": 56, "num_statements": 56, "percent_covered": 100.0, "percent_covered_display": "100.00", "missing_lines": 0, "excluded_lines": 0, "percent_statements_covered": 100.0, "percent_statements_covered_display": "100.00"}, "missing_lines": [], "excluded_lines": []}}}, "src\\core\\__init__.py": {"executed_lines": [0], "summary": {"covered_lines": 0, "num_statements": 0, "percent_covered": 100.0, "percent_covered_display": "100.00", "missing_lines": 0, "excluded_lines": 0, "percent_statements_covered": 100.0, "percent_statements_covered_display": "100.00"}, "missing_lines": [], "excluded_lines": [], "functions": {"": {"executed_lines": [], "summary": {"covered_lines": 0, "num_statements": 0, "percent_covered": 100.0, "percent_covered_display": "100.00", "missing_lines": 0, "excluded_lines": 0, "percent_statements_covered": 100.0, "percent_statements_covered_display": "100.00"}, "missing_lines": [], "excluded_lines": []}}, "classes": {"": {"executed_lines": [], "summary": {"covered_lines": 0, "num_statements": 0, "percent_covered": 100.0, "percent_covered_display": "100.00", "missing_lines": 0, "excluded_lines": 0, "percent_statements_covered": 100.0, "percent_statements_covered_display": "100.00"}, "missing_lines": [], "excluded_lines": []}}}, "src\\core\\logger.py": {"executed_lines": [2, 3, 4, 6, 7, 9, 15, 17, 19, 20, 22, 23, 25, 27, 28, 29, 30, 31, 32, 37, 38, 39, 40, 42, 43, 45, 46, 48, 50, 52, 54, 57, 58, 59, 60, 61, 63, 64, 66, 67, 69, 70], "summary": {"covered_lines": 42, "num_statements": 44, "percent_covered": 95.45454545454545, "percent_covered_display": "95.45", "missing_lines": 2, "excluded_lines": 0, "percent_statements_covered": 95.45454545454545, "percent_statements_covered_display": "95.45"}, "missing_lines": [33, 34], "excluded_lines": [], "functions": {"subscribe_to_user_warnings": {"executed_lines": [15], "summary": {"covered_lines": 1, "num_statements": 1, "percent_covered": 100.0, "percent_covered_display": "100.00", "missing_lines": 0, "excluded_lines": 0, "percent_statements_covered": 100.0, "percent_statements_covered_display": "100.00"}, "missing_lines": [], "excluded_lines": []}, "_setup": {"executed_lines": [19, 20, 22, 23, 25, 27, 28, 29, 30, 31, 32, 37, 38, 39, 40, 42, 43], "summary": {"covered_lines": 17, "num_statements": 19, "percent_covered": 89.47368421052632, "percent_covered_display": "89.47", "missing_lines": 2, "excluded_lines": 0, "percent_statements_covered": 89.47368421052632, "percent_statements_covered_display": "89.47"}, "missing_lines": [33, 34], "excluded_lines": []}, "get": {"executed_lines": [46], "summary": {"covered_lines": 1, "num_statements": 1, "percent_covered": 100.0, "percent_covered_display": "100.00", "missing_lines": 0, "excluded_lines": 0, "percent_statements_covered": 100.0, "percent_statements_covered_display": "100.00"}, "missing_lines": [], "excluded_lines": []}, "dev_warning": {"executed_lines": [50], "summary": {"covered_lines": 1, "num_statements": 1, "percent_covered": 100.0, "percent_covered_display": "100.00", "missing_lines": 0, "excluded_lines": 0, "percent_statements_covered": 100.0, "percent_statements_covered_display": "100.00"}, "missing_lines": [], "excluded_lines": []}, "user_warning": {"executed_lines": [54, 57, 58, 59, 60, 61], "summary": {"covered_lines": 6, "num_statements": 6, "percent_covered": 100.0, "percent_covered_display": "100.00", "missing_lines": 0, "excluded_lines": 0, "percent_statements_covered": 100.0, "percent_statements_covered_display": "100.00"}, "missing_lines": [], "excluded_lines": []}, "info": {"executed_lines": [64], "summary": {"covered_lines": 1, "num_statements": 1, "percent_covered": 100.0, "percent_covered_display": "100.00", "missing_lines": 0, "excluded_lines": 0, "percent_statements_covered": 100.0, "percent_statements_covered_display": "100.00"}, "missing_lines": [], "excluded_lines": []}, "debug": {"executed_lines": [67], "summary": {"covered_lines": 1, "num_statements": 1, "percent_covered": 100.0, "percent_covered_display": "100.00", "missing_lines": 0, "excluded_lines": 0, "percent_statements_covered": 100.0, "percent_statements_covered_display": "100.00"}, "missing_lines": [], "excluded_lines": []}, "error": {"executed_lines": [70], "summary": {"covered_lines": 1, "num_statements": 1, "percent_covered": 100.0, "percent_covered_display": "100.00", "missing_lines": 0, "excluded_lines": 0, "percent_statements_covered": 100.0, "percent_statements_covered_display": "100.00"}, "missing_lines": [], "excluded_lines": []}, "": {"executed_lines": [2, 3, 4, 6, 7, 9, 17, 45, 48, 52, 63, 66, 69], "summary": {"covered_lines": 13, "num_statements": 13, "percent_covered": 100.0, "percent_covered_display": "100.00", "missing_lines": 0, "excluded_lines": 0, "percent_statements_covered": 100.0, "percent_statements_covered_display": "100.00"}, "missing_lines": [], "excluded_lines": []}}, "classes": {"": {"executed_lines": [2, 3, 4, 6, 7, 9, 15, 17, 19, 20, 22, 23, 25, 27, 28, 29, 30, 31, 32, 37, 38, 39, 40, 42, 43, 45, 46, 48, 50, 52, 54, 57, 58, 59, 60, 61, 63, 64, 66, 67, 69, 70], "summary": {"covered_lines": 42, "num_statements": 44, "percent_covered": 95.45454545454545, "percent_covered_display": "95.45", "missing_lines": 2, "excluded_lines": 0, "percent_statements_covered": 95.45454545454545, "percent_statements_covered_display": "95.45"}, "missing_lines": [33, 34], "excluded_lines": []}}}, "src\\core\\yellberus.py": {"executed_lines": [1, 9, 10, 11, 13, 14, 15, 16, 17, 18, 19, 20, 22, 23, 24, 28, 31, 32, 33, 34, 37, 38, 39, 42, 43, 46, 47, 50, 51, 56, 70, 72, 75, 76, 77, 78, 79, 80, 83, 84, 86, 87, 89, 90, 93, 99, 325, 336, 342, 343, 344, 345, 347, 348, 351, 354, 358, 360, 362, 364, 366, 368, 370, 374, 383, 384, 387, 388, 391, 392, 395, 396, 397, 400, 401, 403, 404, 405, 409, 410, 411, 415, 416, 417, 418, 420, 421, 423, 424, 427, 428, 429, 431, 433, 434, 435, 436, 437, 438, 439, 440, 442, 444, 445, 447, 452, 453, 454, 456, 464, 477, 478, 479, 481, 484, 485, 487, 488, 489, 495, 496, 497, 498, 501, 507, 509, 512, 517, 518, 519, 520, 523, 524, 528, 529, 530, 531, 534, 537, 547, 548, 551, 552, 554, 555, 556, 561, 562, 563, 564, 566, 567, 568, 569, 571, 574, 575, 578, 580, 582, 585, 587, 590, 596, 597, 599, 600, 601, 602, 606, 610, 611, 612, 613, 614, 617, 618, 620, 627], "summary": {"covered_lines": 176, "num_statements": 222, "percent_covered": 79.27927927927928, "percent_covered_display": "79.28", "missing_lines": 46, "excluded_lines": 0, "percent_statements_covered": 79.27927927927928, "percent_statements_covered_display": "79.28"}, "missing_lines": [85, 88, 372, 389, 402, 406, 412, 419, 461, 462, 490, 491, 492, 513, 514, 525, 532, 535, 557, 558, 615, 621, 622, 624, 625, 632, 633, 635, 636, 637, 638, 640, 641, 642, 643, 644, 646, 647, 648, 649, 650, 652, 653, 654, 655, 658], "excluded_lines": [], "functions": {"decade_grouper": {"executed_lines": [76, 77, 78, 79, 80], "summary": {"covered_lines": 5, "num_statements": 5, "percent_covered": 100.0, "percent_covered_display": "100.00", "missing_lines": 0, "excluded_lines": 0, "percent_statements_covered": 100.0, "percent_statements_covered_display": "100.00"}, "missing_lines": [], "excluded_lines": []}, "first_letter_grouper": {"executed_lines": [84, 86, 87, 89, 90], "summary": {"covered_lines": 5, "num_statements": 7, "percent_covered": 71.42857142857143, "percent_covered_display": "71.43", "missing_lines": 2, "excluded_lines": 0, "percent_statements_covered": 71.42857142857143, "percent_statements_covered_display": "71.43"}, "missing_lines": [85, 88], "excluded_lines": []}, "build_query_select": {"executed_lines": [342, 343, 344, 345, 347, 348], "summary": {"covered_lines": 6, "num_statements": 6, "percent_covered": 100.0, "percent_covered_display": "100.00", "missing_lines": 0, "excluded_lines": 0, "percent_statements_covered": 100.0, "percent_statements_covered_display": "100.00"}, "missing_lines": [], "excluded_lines": []}, "get_field": {"executed_lines": [360], "summary": {"covered_lines": 1, "num_statements": 1, "percent_covered": 100.0, "percent_covered_display": "100.00", "missing_lines": 0, "excluded_lines": 0, "percent_statements_covered": 100.0, "percent_statements_covered_display": "100.00"}, "missing_lines": [], "excluded_lines": []}, "get_visible_fields": {"executed_lines": [364], "summary": {"covered_lines": 1, "num_statements": 1, "percent_covered": 100.0, "percent_covered_display": "100.00", "missing_lines": 0, "excluded_lines": 0, "percent_statements_covered": 100.0, "percent_statements_covered_display": "100.00"}, "missing_lines": [], "excluded_lines": []}, "get_filterable_fields": {"executed_lines": [368], "summary": {"covered_lines": 1, "num_statements": 1, "percent_covered": 100.0, "percent_covered_display": "100.00", "missing_lines": 0, "excluded_lines": 0, "percent_statements_covered": 100.0, "percent_statements_covered_display": "100.00"}, "missing_lines": [], "excluded_lines": []}, "get_required_fields": {"executed_lines": [], "summary": {"covered_lines": 0, "num_statements": 1, "percent_covered": 0.0, "percent_covered_display": "0.00", "missing_lines": 1, "excluded_lines": 0, "percent_statements_covered": 0.0, "percent_statements_covered_display": "0.00"}, "missing_lines": [372], "excluded_lines": []}, "validate_row": {"executed_lines": [383, 384, 387, 388, 391, 392, 395, 396, 397, 400, 401, 403, 404, 405, 409, 410, 411, 415, 416, 417, 418, 420, 421, 423, 424, 427, 428, 429, 431, 433, 434, 435, 436, 437, 438, 439, 440, 442, 444, 445, 447], "summary": {"covered_lines": 41, "num_statements": 46, "percent_covered": 89.1304347826087, "percent_covered_display": "89.13", "missing_lines": 5, "excluded_lines": 0, "percent_statements_covered": 89.1304347826087, "percent_statements_covered_display": "89.13"}, "missing_lines": [389, 402, 406, 412, 419], "excluded_lines": []}, "yell": {"executed_lines": [], "summary": {"covered_lines": 0, "num_statements": 2, "percent_covered": 0.0, "percent_covered_display": "0.00", "missing_lines": 2, "excluded_lines": 0, "percent_statements_covered": 0.0, "percent_statements_covered_display": "0.00"}, "missing_lines": [461, 462], "excluded_lines": []}, "validate_schema": {"executed_lines": [477, 478, 479, 481, 484, 485, 487, 488, 489, 495, 496, 497, 498, 501, 507, 509, 512, 517, 518, 519, 520, 523, 524, 528, 529, 530, 531, 534], "summary": {"covered_lines": 28, "num_statements": 36, "percent_covered": 77.77777777777777, "percent_covered_display": "77.78", "missing_lines": 8, "excluded_lines": 0, "percent_statements_covered": 77.77777777777777, "percent_statements_covered_display": "77.78"}, "missing_lines": [490, 491, 492, 513, 514, 525, 532, 535], "excluded_lines": []}, "row_to_tagged_tuples": {"executed_lines": [547, 548, 551, 552, 554, 555, 556, 561, 562, 563, 564, 566, 567, 568, 569, 571, 574, 575, 578, 580, 582, 585, 587], "summary": {"covered_lines": 23, "num_statements": 25, "percent_covered": 92.0, "percent_covered_display": "92.00", "missing_lines": 2, "excluded_lines": 0, "percent_statements_covered": 92.0, "percent_statements_covered_display": "92.00"}, "missing_lines": [557, 558], "excluded_lines": []}, "check_db_integrity": {"executed_lines": [596, 597, 599, 600, 601, 602, 606, 610, 611, 612, 613, 614, 617, 618, 620], "summary": {"covered_lines": 15, "num_statements": 20, "percent_covered": 75.0, "percent_covered_display": "75.00", "missing_lines": 5, "excluded_lines": 0, "percent_statements_covered": 75.0, "percent_statements_covered_display": "75.00"}, "missing_lines": [615, 621, 622, 624, 625], "excluded_lines": []}, "cast_from_string": {"executed_lines": [], "summary": {"covered_lines": 0, "num_statements": 21, "percent_covered": 0.0, "percent_covered_display": "0.00", "missing_lines": 21, "excluded_lines": 0, "percent_statements_covered": 0.0, "percent_statements_covered_display": "0.00"}, "missing_lines": [632, 633, 635, 636, 637, 638, 640, 641, 642, 643, 644, 646, 647, 648, 649, 650, 652, 653, 654, 655, 658], "excluded_lines": []}, "": {"executed_lines": [1, 9, 10, 11, 13, 14, 15, 16, 17, 18, 19, 20, 22, 23, 24, 28, 31, 32, 33, 34, 37, 38, 39, 42, 43, 46, 47, 50, 51, 56, 70, 72, 75, 83, 93, 99, 325, 336, 351, 354, 358, 362, 366, 370, 374, 452, 453, 454, 456, 464, 537, 590, 627], "summary": {"covered_lines": 50, "num_statements": 50, "percent_covered": 100.0, "percent_covered_display": "100.00", "missing_lines": 0, "excluded_lines": 0, "percent_statements_covered": 100.0, "percent_statements_covered_display": "100.00"}, "missing_lines": [], "excluded_lines": []}}, "classes": {"FieldType": {"executed_lines": [], "summary": {"covered_lines": 0, "num_statements": 0, "percent_covered": 100.0, "percent_covered_display": "100.00", "missing_lines": 0, "excluded_lines": 0, "percent_statements_covered": 100.0, "percent_statements_covered_display": "100.00"}, "missing_lines": [], "excluded_lines": []}, "FieldDef": {"executed_lines": [], "summary": {"covered_lines": 0, "num_statements": 0, "percent_covered": 100.0, "percent_covered_display": "100.00", "missing_lines": 0, "excluded_lines": 0, "percent_statements_covered": 100.0, "percent_statements_covered_display": "100.00"}, "missing_lines": [], "excluded_lines": []}, "SchemaError": {"executed_lines": [], "summary": {"covered_lines": 0, "num_statements": 0, "percent_covered": 100.0, "percent_covered_display": "100.00", "missing_lines": 0, "excluded_lines": 0, "percent_statements_covered": 100.0, "percent_statements_covered_display": "100.00"}, "missing_lines": [], "excluded_lines": []}, "": {"executed_lines": [1, 9, 10, 11, 13, 14, 15, 16, 17, 18, 19, 20, 22, 23, 24, 28, 31, 32, 33, 34, 37, 38, 39, 42, 43, 46, 47, 50, 51, 56, 70, 72, 75, 76, 77, 78, 79, 80, 83, 84, 86, 87, 89, 90, 93, 99, 325, 336, 342, 343, 344, 345, 347, 348, 351, 354, 358, 360, 362, 364, 366, 368, 370, 374, 383, 384, 387, 388, 391, 392, 395, 396, 397, 400, 401, 403, 404, 405, 409, 410, 411, 415, 416, 417, 418, 420, 421, 423, 424, 427, 428, 429, 431, 433, 434, 435, 436, 437, 438, 439, 440, 442, 444, 445, 447, 452, 453, 454, 456, 464, 477, 478, 479, 481, 484, 485, 487, 488, 489, 495, 496, 497, 498, 501, 507, 509, 512, 517, 518, 519, 520, 523, 524, 528, 529, 530, 531, 534, 537, 547, 548, 551, 552, 554, 555, 556, 561, 562, 563, 564, 566, 567, 568, 569, 571, 574, 575, 578, 580, 582, 585, 587, 590, 596, 597, 599, 600, 601, 602, 606, 610, 611, 612, 613, 614, 617, 618, 620, 627], "summary": {"covered_lines": 176, "num_statements": 222, "percent_covered": 79.27927927927928, "percent_covered_display": "79.28", "missing_lines": 46, "excluded_lines": 0, "percent_statements_covered": 79.27927927927928, "percent_statements_covered_display": "79.28"}, "missing_lines": [85, 88, 372, 389, 402, 406, 412, 419, 461, 462, 490, 491, 492, 513, 514, 525, 532, 535, 557, 558, 615, 621, 622, 624, 625, 632, 633, 635, 636, 637, 638, 640, 641, 642, 643, 644, 646, 647, 648, 649, 650, 652, 653, 654, 655, 658], "excluded_lines": []}}}, "src\\data\\__init__.py": {"executed_lines": [1], "summary": {"covered_lines": 0, "num_statements": 0, "percent_covered": 100.0, "percent_covered_display": "100.00", "missing_lines": 0, "excluded_lines": 0, "percent_statements_covered": 100.0, "percent_statements_covered_display": "100.00"}, "missing_lines": [], "excluded_lines": [], "functions": {"": {"executed_lines": [1], "summary": {"covered_lines": 0, "num_statements": 0, "percent_covered": 100.0, "percent_covered_display": "100.00", "missing_lines": 0, "excluded_lines": 0, "percent_statements_covered": 100.0, "percent_statements_covered_display": "100.00"}, "missing_lines": [], "excluded_lines": []}}, "classes": {"": {"executed_lines": [1], "summary": {"covered_lines": 0, "num_statements": 0, "percent_covered": 100.0, "percent_covered_display": "100.00", "missing_lines": 0, "excluded_lines": 0, "percent_statements_covered": 100.0, "percent_statements_covered_display": "100.00"}, "missing_lines": [], "excluded_lines": []}}}, "src\\data\\database.py": {"executed_lines": [1, 2, 3, 4, 5, 8, 9, 11, 12, 13, 15, 16, 18, 19, 20, 21, 22, 23, 24, 25, 26, 28, 30, 32, 33, 36, 44, 45, 51, 65, 78, 88, 96, 97, 103, 116, 127, 137, 148, 160, 170, 181, 191, 204, 205, 206, 207, 210, 211], "summary": {"covered_lines": 47, "num_statements": 47, "percent_covered": 100.0, "percent_covered_display": "100.00", "missing_lines": 0, "excluded_lines": 0, "percent_statements_covered": 100.0, "percent_statements_covered_display": "100.00"}, "missing_lines": [], "excluded_lines": [], "functions": {"BaseRepository.__init__": {"executed_lines": [12, 13], "summary": {"covered_lines": 2, "num_statements": 2, "percent_covered": 100.0, "percent_covered_display": "100.00", "missing_lines": 0, "excluded_lines": 0, "percent_statements_covered": 100.0, "percent_statements_covered_display": "100.00"}, "missing_lines": [], "excluded_lines": []}, "BaseRepository.get_connection": {"executed_lines": [18, 19, 20, 21, 22, 23, 24, 25, 26, 28], "summary": {"covered_lines": 10, "num_statements": 10, "percent_covered": 100.0, "percent_covered_display": "100.00", "missing_lines": 0, "excluded_lines": 0, "percent_statements_covered": 100.0, "percent_statements_covered_display": "100.00"}, "missing_lines": [], "excluded_lines": []}, "BaseRepository._ensure_schema": {"executed_lines": [32, 33, 36, 44, 45, 51, 65, 78, 88, 96, 97, 103, 116, 127, 137, 148, 160, 170, 181, 191, 204, 205, 206, 207, 210, 211], "summary": {"covered_lines": 26, "num_statements": 26, "percent_covered": 100.0, "percent_covered_display": "100.00", "missing_lines": 0, "excluded_lines": 0, "percent_statements_covered": 100.0, "percent_statements_covered_display": "100.00"}, "missing_lines": [], "excluded_lines": []}, "": {"executed_lines": [1, 2, 3, 4, 5, 8, 9, 11, 15, 16, 30], "summary": {"covered_lines": 9, "num_statements": 9, "percent_covered": 100.0, "percent_covered_display": "100.00", "missing_lines": 0, "excluded_lines": 0, "percent_statements_covered": 100.0, "percent_statements_covered_display": "100.00"}, "missing_lines": [], "excluded_lines": []}}, "classes": {"BaseRepository": {"executed_lines": [12, 13, 18, 19, 20, 21, 22, 23, 24, 25, 26, 28, 32, 33, 36, 44, 45, 51, 65, 78, 88, 96, 97, 103, 116, 127, 137, 148, 160, 170, 181, 191, 204, 205, 206, 207, 210, 211], "summary": {"covered_lines": 38, "num_statements": 38, "percent_covered": 100.0, "percent_covered_display": "100.00", "missing_lines": 0, "excluded_lines": 0, "percent_statements_covered": 100.0, "percent_statements_covered_display": "100.00"}, "missing_lines": [], "excluded_lines": []}, "": {"executed_lines": [1, 2, 3, 4, 5, 8, 9, 11, 15, 16, 30], "summary": {"covered_lines": 9, "num_statements": 9, "percent_covered": 100.0, "percent_covered_display": "100.00", "missing_lines": 0, "excluded_lines": 0, "percent_statements_covered": 100.0, "percent_statements_covered_display": "100.00"}, "missing_lines": [], "excluded_lines": []}}}, "src\\data\\database_config.py": {"executed_lines": [1, 2, 3, 6, 7, 9, 10, 12, 13, 15, 16, 17, 18], "summary": {"covered_lines": 11, "num_statements": 11, "percent_covered": 100.0, "percent_covered_display": "100.00", "missing_lines": 0, "excluded_lines": 0, "percent_statements_covered": 100.0, "percent_statements_covered_display": "100.00"}, "missing_lines": [], "excluded_lines": [], "functions": {"DatabaseConfig.get_database_path": {"executed_lines": [15, 16, 17, 18], "summary": {"covered_lines": 4, "num_statements": 4, "percent_covered": 100.0, "percent_covered_display": "100.00", "missing_lines": 0, "excluded_lines": 0, "percent_statements_covered": 100.0, "percent_statements_covered_display": "100.00"}, "missing_lines": [], "excluded_lines": []}, "": {"executed_lines": [1, 2, 3, 6, 7, 9, 10, 12, 13], "summary": {"covered_lines": 7, "num_statements": 7, "percent_covered": 100.0, "percent_covered_display": "100.00", "missing_lines": 0, "excluded_lines": 0, "percent_statements_covered": 100.0, "percent_statements_covered_display": "100.00"}, "missing_lines": [], "excluded_lines": []}}, "classes": {"DatabaseConfig": {"executed_lines": [15, 16, 17, 18], "summary": {"covered_lines": 4, "num_statements": 4, "percent_covered": 100.0, "percent_covered_display": "100.00", "missing_lines": 0, "excluded_lines": 0, "percent_statements_covered": 100.0, "percent_statements_covered_display": "100.00"}, "missing_lines": [], "excluded_lines": []}, "": {"executed_lines": [1, 2, 3, 6, 7, 9, 10, 12, 13], "summary": {"covered_lines": 7, "num_statements": 7, "percent_covered": 100.0, "percent_covered_display": "100.00", "missing_lines": 0, "excluded_lines": 0, "percent_statements_covered": 100.0, "percent_statements_covered_display": "100.00"}, "missing_lines": [], "excluded_lines": []}}}, "src\\data\\models\\__init__.py": {"executed_lines": [1, 2, 3, 4, 6], "summary": {"covered_lines": 4, "num_statements": 4, "percent_covered": 100.0, "percent_covered_display": "100.00", "missing_lines": 0, "excluded_lines": 0, "percent_statements_covered": 100.0, "percent_statements_covered_display": "100.00"}, "missing_lines": [], "excluded_lines": [], "functions": {"": {"executed_lines": [1, 2, 3, 4, 6], "summary": {"covered_lines": 4, "num_statements": 4, "percent_covered": 100.0, "percent_covered_display": "100.00", "missing_lines": 0, "excluded_lines": 0, "percent_statements_covered": 100.0, "percent_statements_covered_display": "100.00"}, "missing_lines": [], "excluded_lines": []}}, "classes": {"": {"executed_lines": [1, 2, 3, 4, 6], "summary": {"covered_lines": 4, "num_statements": 4, "percent_covered": 100.0, "percent_covered_display": "100.00", "missing_lines": 0, "excluded_lines": 0, "percent_statements_covered": 100.0, "percent_statements_covered_display": "100.00"}, "missing_lines": [], "excluded_lines": []}}}, "src\\data\\models\\album.py": {"executed_lines": [1, 2, 4, 5, 6, 7, 8, 9, 10, 11, 14, 16, 17, 22], "summary": {"covered_lines": 13, "num_statements": 13, "percent_covered": 100.0, "percent_covered_display": "100.00", "missing_lines": 0, "excluded_lines": 0, "percent_statements_covered": 100.0, "percent_statements_covered_display": "100.00"}, "missing_lines": [], "excluded_lines": [], "functions": {"Album.from_row": {"executed_lines": [22], "summary": {"covered_lines": 1, "num_statements": 1, "percent_covered": 100.0, "percent_covered_display": "100.00", "missing_lines": 0, "excluded_lines": 0, "percent_statements_covered": 100.0, "percent_statements_covered_display": "100.00"}, "missing_lines": [], "excluded_lines": []}, "": {"executed_lines": [1, 2, 4, 5, 6, 7, 8, 9, 10, 11, 14, 16, 17], "summary": {"covered_lines": 12, "num_statements": 12, "percent_covered": 100.0, "percent_covered_display": "100.00", "missing_lines": 0, "excluded_lines": 0, "percent_statements_covered": 100.0, "percent_statements_covered_display": "100.00"}, "missing_lines": [], "excluded_lines": []}}, "classes": {"Album": {"executed_lines": [22], "summary": {"covered_lines": 1, "num_statements": 1, "percent_covered": 100.0, "percent_covered_display": "100.00", "missing_lines": 0, "excluded_lines": 0, "percent_statements_covered": 100.0, "percent_statements_covered_display": "100.00"}, "missing_lines": [], "excluded_lines": []}, "": {"executed_lines": [1, 2, 4, 5, 6, 7, 8, 9, 10, 11, 14, 16, 17], "summary": {"covered_lines": 12, "num_statements": 12, "percent_covered": 100.0, "percent_covered_display": "100.00", "missing_lines": 0, "excluded_lines": 0, "percent_statements_covered": 100.0, "percent_statements_covered_display": "100.00"}, "missing_lines": [], "excluded_lines": []}}}, "src\\data\\models\\contributor.py": {"executed_lines": [1, 2, 3, 6, 7, 8, 10, 11, 12, 14, 16, 17], "summary": {"covered_lines": 10, "num_statements": 10, "percent_covered": 100.0, "percent_covered_display": "100.00", "missing_lines": 0, "excluded_lines": 0, "percent_statements_covered": 100.0, "percent_statements_covered_display": "100.00"}, "missing_lines": [], "excluded_lines": [], "functions": {"Contributor.__post_init__": {"executed_lines": [16, 17], "summary": {"covered_lines": 2, "num_statements": 2, "percent_covered": 100.0, "percent_covered_display": "100.00", "missing_lines": 0, "excluded_lines": 0, "percent_statements_covered": 100.0, "percent_statements_covered_display": "100.00"}, "missing_lines": [], "excluded_lines": []}, "": {"executed_lines": [1, 2, 3, 6, 7, 8, 10, 11, 12, 14], "summary": {"covered_lines": 8, "num_statements": 8, "percent_covered": 100.0, "percent_covered_display": "100.00", "missing_lines": 0, "excluded_lines": 0, "percent_statements_covered": 100.0, "percent_statements_covered_display": "100.00"}, "mis
[...]
 24, 25, 27, 31, 32, 36, 37, 41, 42, 43, 44, 45, 46, 48, 52, 53, 55, 56, 57, 58, 60, 61, 62, 63, 65, 67, 68, 69, 73, 74, 75, 76], "summary": {"covered_lines": 37, "num_statements": 37, "percent_covered": 100.0, "percent_covered_display": "100.00", "missing_lines": 0, "excluded_lines": 0, "percent_statements_covered": 100.0, "percent_statements_covered_display": "100.00"}, "missing_lines": [], "excluded_lines": []}, "": {"executed_lines": [1, 2, 3, 4, 7, 10, 11, 13, 15, 21, 29, 34, 39, 50, 71], "summary": {"covered_lines": 13, "num_statements": 13, "percent_covered": 100.0, "percent_covered_display": "100.00", "missing_lines": 0, "excluded_lines": 0, "percent_statements_covered": 100.0, "percent_statements_covered_display": "100.00"}, "missing_lines": [], "excluded_lines": []}}}, "src\\presentation\\widgets\\side_panel_widget.py": {"executed_lines": [1, 6, 7, 8, 9, 11, 12, 19, 20, 22, 23, 24, 25, 26, 27, 29, 31, 32, 33, 35, 37, 38, 39, 42, 43, 44, 45, 48, 49, 50, 51, 52, 55, 56, 57, 74, 75, 76, 79, 80, 81, 83, 84, 85, 87, 88, 91, 92, 93, 95, 96, 98, 99, 101, 102, 113, 114, 116, 117, 118, 119, 121, 123, 127, 128, 129, 130, 131, 133, 134, 137, 138, 139, 140, 141, 143, 144, 149, 151, 152, 157, 158, 160, 161, 163, 164, 165, 167, 169, 173, 174, 176, 177, 178, 181, 182, 183, 184, 185, 188, 191, 192, 194, 195, 196, 198, 199, 201, 203, 206, 207, 208, 210, 212, 213, 214, 215, 218, 219, 220, 224, 230, 231, 233, 236, 237, 240, 241, 243, 248, 251, 254, 255, 258, 261, 268, 269, 270, 271, 272, 275, 276, 278, 279, 280, 281, 283, 284, 286, 287, 290, 291, 297, 299, 301, 304, 305, 307, 308, 320, 322, 324, 326, 337, 340, 342, 346, 347, 348, 349, 350, 351, 352, 353, 354, 356, 357, 358, 359, 360, 361, 362, 364, 365, 368, 369, 370, 371, 373, 375, 376, 377, 378, 380, 381, 383, 384, 385, 388, 389, 390, 392, 393, 395, 397, 400, 401, 402, 404, 405, 408, 409, 411, 422, 423, 424, 427, 428, 431, 432, 433, 435, 438, 439, 441, 444, 449, 454, 465, 466, 467, 472, 474, 476, 478, 479, 481, 490, 492, 494, 495, 496, 497, 499, 500, 502, 503, 504, 505, 508, 509, 512, 513, 515, 516, 517], "summary": {"covered_lines": 255, "num_statements": 325, "percent_covered": 78.46153846153847, "percent_covered_display": "78.46", "missing_lines": 70, "excluded_lines": 0, "percent_statements_covered": 78.46153846153847, "percent_statements_covered_display": "78.46"}, "missing_lines": [135, 136, 146, 147, 153, 170, 221, 225, 226, 228, 262, 263, 264, 265, 294, 295, 311, 312, 313, 314, 315, 316, 318, 323, 328, 329, 330, 331, 333, 334, 335, 338, 343, 344, 412, 414, 415, 416, 417, 418, 446, 447, 450, 451, 452, 456, 457, 459, 460, 461, 462, 463, 468, 469, 470, 482, 484, 485, 486, 487, 489, 510, 529, 531, 532, 533, 545, 546, 547, 548], "excluded_lines": [], "functions": {"SidePanelWidget.__init__": {"executed_lines": [23, 24, 25, 26, 27, 29, 31, 32, 33, 35], "summary": {"covered_lines": 10, "num_statements": 10, "percent_covered": 100.0, "percent_covered_display": "100.00", "missing_lines": 0, "excluded_lines": 0, "percent_statements_covered": 100.0, "percent_statements_covered_display": "100.00"}, "missing_lines": [], "excluded_lines": []}, "SidePanelWidget._init_ui": {"executed_lines": [38, 39, 42, 43, 44, 45, 48, 49, 50, 51, 52, 55, 56, 57, 74, 75, 76, 79, 80, 81, 83, 84, 85, 87, 88, 91, 92, 93, 95, 96, 98, 99, 101, 102, 113, 114, 116, 117, 118, 119, 121], "summary": {"covered_lines": 41, "num_statements": 41, "percent_covered": 100.0, "percent_covered_display": "100.00", "missing_lines": 0, "excluded_lines": 0, "percent_statements_covered": 100.0, "percent_statements_covered_display": "100.00"}, "missing_lines": [], "excluded_lines": []}, "SidePanelWidget.set_songs": {"executed_lines": [127, 128, 129, 130, 131], "summary": {"covered_lines": 5, "num_statements": 5, "percent_covered": 100.0, "percent_covered_display": "100.00", "missing_lines": 0, "excluded_lines": 0, "percent_statements_covered": 100.0, "percent_statements_covered_display": "100.00"}, "missing_lines": [], "excluded_lines": []}, "SidePanelWidget._update_header": {"executed_lines": [134, 137, 138, 139, 140, 141, 143, 144], "summary": {"covered_lines": 8, "num_statements": 12, "percent_covered": 66.66666666666667, "percent_covered_display": "66.67", "missing_lines": 4, "excluded_lines": 0, "percent_statements_covered": 66.66666666666667, "percent_statements_covered_display": "66.67"}, "missing_lines": [135, 136, 146, 147], "excluded_lines": []}, "SidePanelWidget._build_fields": {"executed_lines": [151, 152, 157, 158, 160, 198, 199], "summary": {"covered_lines": 7, "num_statements": 8, "percent_covered": 87.5, "percent_covered_display": "87.50", "missing_lines": 1, "excluded_lines": 0, "percent_statements_covered": 87.5, "percent_statements_covered_display": "87.50"}, "missing_lines": [153], "excluded_lines": []}, "SidePanelWidget._build_fields.add_group": {"executed_lines": [161, 163, 164, 165, 167, 169, 173, 174, 176, 177, 178, 181, 182, 183, 184, 185, 188, 191, 192, 194, 195, 196], "summary": {"covered_lines": 22, "num_statements": 23, "percent_covered": 95.65217391304348, "percent_covered_display": "95.65", "missing_lines": 1, "excluded_lines": 0, "percent_statements_covered": 95.65217391304348, "percent_statements_covered_display": "95.65"}, "missing_lines": [170], "excluded_lines": []}, "SidePanelWidget._create_field_widget": {"executed_lines": [203, 206, 207, 208, 210, 212, 213, 214, 215, 218, 219, 220, 224, 230, 231, 233, 236, 237, 240, 241], "summary": {"covered_lines": 20, "num_statements": 24, "percent_covered": 83.33333333333333, "percent_covered_display": "83.33", "missing_lines": 4, "excluded_lines": 0, "percent_statements_covered": 83.33333333333333, "percent_statements_covered_display": "83.33"}, "missing_lines": [221, 225, 226, 228], "excluded_lines": []}, "SidePanelWidget._validate_isrc_field": {"executed_lines": [248, 251, 254, 258, 261, 268, 269, 270, 271, 272, 275, 276, 278, 279, 280, 281, 283, 284, 286, 287, 290, 291, 297], "summary": {"covered_lines": 23, "num_statements": 29, "percent_covered": 79.3103448275862, "percent_covered_display": "79.31", "missing_lines": 6, "excluded_lines": 0, "percent_statements_covered": 79.3103448275862, "percent_statements_covered_display": "79.31"}, "missing_lines": [262, 263, 264, 265, 294, 295], "excluded_lines": []}, "SidePanelWidget._validate_isrc_field.make_style": {"executed_lines": [255], "summary": {"covered_lines": 1, "num_statements": 1, "percent_covered": 100.0, "percent_covered_display": "100.00", "missing_lines": 0, "excluded_lines": 0, "percent_statements_covered": 100.0, "percent_statements_covered_display": "100.00"}, "missing_lines": [], "excluded_lines": []}, "SidePanelWidget._calculate_bulk_value": {"executed_lines": [301, 304, 305, 307, 308], "summary": {"covered_lines": 5, "num_statements": 12, "percent_covered": 41.666666666666664, "percent_covered_display": "41.67", "missing_lines": 7, "excluded_lines": 0, "percent_statements_covered": 41.666666666666664, "percent_statements_covered_display": "41.67"}, "missing_lines": [311, 312, 313, 314, 315, 316, 318], "excluded_lines": []}, "SidePanelWidget._get_effective_value": {"executed_lines": [322, 324], "summary": {"covered_lines": 2, "num_statements": 3, "percent_covered": 66.66666666666667, "percent_covered_display": "66.67", "missing_lines": 1, "excluded_lines": 0, "percent_statements_covered": 66.66666666666667, "percent_statements_covered_display": "66.67"}, "missing_lines": [323], "excluded_lines": []}, "SidePanelWidget._on_field_changed": {"executed_lines": [], "summary": {"covered_lines": 0, "num_statements": 7, "percent_covered": 0.0, "percent_covered_display": "0.00", "missing_lines": 7, "excluded_lines": 0, "percent_statements_covered": 0.0, "percent_statements_covered_display": "0.00"}, "missing_lines": [328, 329, 330, 331, 333, 334, 335], "excluded_lines": []}, "SidePanelWidget._on_done_toggled": {"executed_lines": [], "summary": {"covered_lines": 0, "num_statements": 1, "percent_covered": 0.0, "percent_covered_display": "0.00", "missing_lines": 1, "excluded_lines": 0, "percent_statements_covered": 0.0, "percent_statements_covered_display": "0.00"}, "missing_lines": [338], "excluded_lines": []}, "SidePanelWidget._validate_done_gate": {"executed_lines": [342, 346, 347, 348, 349, 350, 351, 352, 353, 354, 356, 357, 358, 359, 360, 361, 362, 364, 365, 368, 369, 370, 371, 373, 375, 376, 377, 378, 380, 381], "summary": {"covered_lines": 30, "num_statements": 32, "percent_covered": 93.75, "percent_covered_display": "93.75", "missing_lines": 2, "excluded_lines": 0, "percent_statements_covered": 93.75, "percent_statements_covered_display": "93.75"}, "missing_lines": [343, 344], "excluded_lines": []}, "SidePanelWidget._update_save_state": {"executed_lines": [384, 385, 388, 389, 390, 392, 393, 395], "summary": {"covered_lines": 8, "num_statements": 8, "percent_covered": 100.0, "percent_covered_display": "100.00", "missing_lines": 0, "excluded_lines": 0, "percent_statements_covered": 100.0, "percent_statements_covered_display": "100.00"}, "missing_lines": [], "excluded_lines": []}, "SidePanelWidget._on_save_clicked": {"executed_lines": [400, 401, 402, 404, 405, 408, 409, 411, 422, 423, 424, 427, 428, 431, 432, 433, 435, 438, 439, 441], "summary": {"covered_lines": 20, "num_statements": 26, "percent_covered": 76.92307692307692, "percent_covered_display": "76.92", "missing_lines": 6, "excluded_lines": 0, "percent_statements_covered": 76.92307692307692, "percent_statements_covered_display": "76.92"}, "missing_lines": [412, 414, 415, 416, 417, 418], "excluded_lines": []}, "SidePanelWidget.trigger_save": {"executed_lines": [], "summary": {"covered_lines": 0, "num_statements": 2, "percent_covered": 0.0, "percent_covered_display": "0.00", "missing_lines": 2, "excluded_lines": 0, "percent_statements_covered": 0.0, "percent_statements_covered_display": "0.00"}, "missing_lines": [446, 447], "excluded_lines": []}, "SidePanelWidget._on_discard_clicked": {"executed_lines": [], "summary": {"covered_lines": 0, "num_statements": 3, "percent_covered": 0.0, "percent_covered_display": "0.00", "missing_lines": 3, "excluded_lines": 0, "percent_statements_covered": 0.0, "percent_statements_covered_display": "0.00"}, "missing_lines": [450, 451, 452], "excluded_lines": []}, "SidePanelWidget.clear_staged": {"executed_lines": [], "summary": {"covered_lines": 0, "num_statements": 7, "percent_covered": 0.0, "percent_covered_display": "0.00", "missing_lines": 7, "excluded_lines": 0, "percent_statements_covered": 0.0, "percent_statements_covered_display": "0.00"}, "missing_lines": [456, 457, 459, 460, 461, 462, 463], "excluded_lines": []}, "SidePanelWidget._clear_fields": {"executed_lines": [466, 467], "summary": {"covered_lines": 2, "num_statements": 5, "percent_covered": 40.0, "percent_covered_display": "40.00", "missing_lines": 3, "excluded_lines": 0, "percent_statements_covered": 40.0, "percent_statements_covered_display": "40.00"}, "missing_lines": [468, 469, 470], "excluded_lines": []}, "SidePanelWidget.eventFilter": {"executed_lines": [474], "summary": {"covered_lines": 1, "num_statements": 1, "percent_covered": 100.0, "percent_covered_display": "100.00", "missing_lines": 0, "excluded_lines": 0, "percent_statements_covered": 100.0, "percent_statements_covered_display": "100.00"}, "missing_lines": [], "excluded_lines": []}, "SidePanelWidget._get_staged_song": {"executed_lines": [478, 479, 481, 490], "summary": {"covered_lines": 4, "num_statements": 10, "percent_covered": 40.0, "percent_covered_display": "40.00", "missing_lines": 6, "excluded_lines": 0, "percent_statements_covered": 40.0, "percent_statements_covered_display": "40.00"}, "missing_lines": [482, 484, 485, 486, 487, 489], "excluded_lines": []}, "SidePanelWidget._update_projected_path": {"executed_lines": [494, 495, 496, 497, 499, 500, 502, 503, 504, 505, 508, 509, 512, 513, 515, 516, 517], "summary": {"covered_lines": 17, "num_statements": 26, "percent_covered": 65.38461538461539, "percent_covered_display": "65.38", "missing_lines": 9, "excluded_lines": 0, "percent_statements_covered": 65.38461538461539, "percent_statements_covered_display": "65.38"}, "missing_lines": [510, 529, 531, 532, 533, 545, 546, 547, 548], "excluded_lines": []}, "": {"executed_lines": [1, 6, 7, 8, 9, 11, 12, 19, 20, 22, 37, 123, 133, 149, 201, 243, 299, 320, 326, 337, 340, 383, 397, 444, 449, 454, 465, 472, 476, 492], "summary": {"covered_lines": 29, "num_statements": 29, "percent_covered": 100.0, "percent_covered_display": "100.00", "missing_lines": 0, "excluded_lines": 0, "percent_statements_covered": 100.0, "percent_statements_covered_display": "100.00"}, "missing_lines": [], "excluded_lines": []}}, "classes": {"SidePanelWidget": {"executed_lines": [23, 24, 25, 26, 27, 29, 31, 32, 33, 35, 38, 39, 42, 43, 44, 45, 48, 49, 50, 51, 52, 55, 56, 57, 74, 75, 76, 79, 80, 81, 83, 84, 85, 87, 88, 91, 92, 93, 95, 96, 98, 99, 101, 102, 113, 114, 116, 117, 118, 119, 121, 127, 128, 129, 130, 131, 134, 137, 138, 139, 140, 141, 143, 144, 151, 152, 157, 158, 160, 161, 163, 164, 165, 167, 169, 173, 174, 176, 177, 178, 181, 182, 183, 184, 185, 188, 191, 192, 194, 195, 196, 198, 199, 203, 206, 207, 208, 210, 212, 213, 214, 215, 218, 219, 220, 224, 230, 231, 233, 236, 237, 240, 241, 248, 251, 254, 255, 258, 261, 268, 269, 270, 271, 272, 275, 276, 278, 279, 280, 281, 283, 284, 286, 287, 290, 291, 297, 301, 304, 305, 307, 308, 322, 324, 342, 346, 347, 348, 349, 350, 351, 352, 353, 354, 356, 357, 358, 359, 360, 361, 362, 364, 365, 368, 369, 370, 371, 373, 375, 376, 377, 378, 380, 381, 384, 385, 388, 389, 390, 392, 393, 395, 400, 401, 402, 404, 405, 408, 409, 411, 422, 423, 424, 427, 428, 431, 432, 433, 435, 438, 439, 441, 466, 467, 474, 478, 479, 481, 490, 494, 495, 496, 497, 499, 500, 502, 503, 504, 505, 508, 509, 512, 513, 515, 516, 517], "summary": {"covered_lines": 226, "num_statements": 296, "percent_covered": 76.35135135135135, "percent_covered_display": "76.35", "missing_lines": 70, "excluded_lines": 0, "percent_statements_covered": 76.35135135135135, "percent_statements_covered_display": "76.35"}, "missing_lines": [135, 136, 146, 147, 153, 170, 221, 225, 226, 228, 262, 263, 264, 265, 294, 295, 311, 312, 313, 314, 315, 316, 318, 323, 328, 329, 330, 331, 333, 334, 335, 338, 343, 344, 412, 414, 415, 416, 417, 418, 446, 447, 450, 451, 452, 456, 457, 459, 460, 461, 462, 463, 468, 469, 470, 482, 484, 485, 486, 487, 489, 510, 529, 531, 532, 533, 545, 546, 547, 548], "excluded_lines": []}, "": {"executed_lines": [1, 6, 7, 8, 9, 11, 12, 19, 20, 22, 37, 123, 133, 149, 201, 243, 299, 320, 326, 337, 340, 383, 397, 444, 449, 454, 465, 472, 476, 492], "summary": {"covered_lines": 29, "num_statements": 29, "percent_covered": 100.0, "percent_covered_display": "100.00", "missing_lines": 0, "excluded_lines": 0, "percent_statements_covered": 100.0, "percent_statements_covered_display": "100.00"}, "missing_lines": [], "excluded_lines": []}}}, "src\\resources\\constants.py": {"executed_lines": [1, 4, 5, 6, 7, 10, 11, 14, 17], "summary": {"covered_lines": 8, "num_statements": 8, "percent_covered": 100.0, "percent_covered_display": "100.00", "missing_lines": 0, "excluded_lines": 0, "percent_statements_covered": 100.0, "percent_statements_covered_display": "100.00"}, "missing_lines": [], "excluded_lines": [], "functions": {"": {"executed_lines": [1, 4, 5, 6, 7, 10, 11, 14, 17], "summary": {"covered_lines": 8, "num_statements": 8, "percent_covered": 100.0, "percent_covered_display": "100.00", "missing_lines": 0, "excluded_lines": 0, "percent_statements_covered": 100.0, "percent_statements_covered_display": "100.00"}, "missing_lines": [], "excluded_lines": []}}, "classes": {"": {"executed_lines": [1, 4, 5, 6, 7, 10, 11, 14, 17], "summary": {"covered_lines": 8, "num_statements": 8, "percent_covered": 100.0, "percent_covered_display": "100.00", "missing_lines": 0, "excluded_lines": 0, "percent_statements_covered": 100.0, "percent_statements_covered_display": "100.00"}, "missing_lines": [], "excluded_lines": []}}}, "src\\utils\\audio_hash.py": {"executed_lines": [1, 11, 12, 13, 16, 43, 45, 46, 48, 50, 51, 55, 56, 59, 60, 67, 70, 71, 78, 81, 82, 84, 87, 88, 90, 93, 96, 97], "summary": {"covered_lines": 27, "num_statements": 28, "percent_covered": 96.42857142857143, "percent_covered_display": "96.43", "missing_lines": 1, "excluded_lines": 0, "percent_statements_covered": 96.42857142857143, "percent_statements_covered_display": "96.43"}, "missing_lines": [91], "excluded_lines": [], "functions": {"calculate_audio_hash": {"executed_lines": [43, 45, 46, 48, 50, 51, 55, 56, 59, 60, 67, 70, 71, 78, 81, 82, 84, 87, 88, 90, 93, 96, 97], "summary": {"covered_lines": 23, "num_statements": 24, "percent_covered": 95.83333333333333, "percent_covered_display": "95.83", "missing_lines": 1, "excluded_lines": 0, "percent_statements_covered": 95.83333333333333, "percent_statements_covered_display": "95.83"}, "missing_lines": [91], "excluded_lines": []}, "": {"executed_lines": [1, 11, 12, 13, 16], "summary": {"covered_lines": 4, "num_statements": 4, "percent_covered": 100.0, "percent_covered_display": "100.00", "missing_lines": 0, "excluded_lines": 0, "percent_statements_covered": 100.0, "percent_statements_covered_display": "100.00"}, "missing_lines": [], "excluded_lines": []}}, "classes": {"": {"executed_lines": [1, 11, 12, 13, 16, 43, 45, 46, 48, 50, 51, 55, 56, 59, 60, 67, 70, 71, 78, 81, 82, 84, 87, 88, 90, 93, 96, 97], "summary": {"covered_lines": 27, "num_statements": 28, "percent_covered": 96.42857142857143, "percent_covered_display": "96.43", "missing_lines": 1, "excluded_lines": 0, "percent_statements_covered": 96.42857142857143, "percent_statements_covered_display": "96.43"}, "missing_lines": [91], "excluded_lines": []}}}, "src\\utils\\validation.py": {"executed_lines": [1, 8, 9, 12, 30, 31, 34, 36, 39, 61, 62, 65, 67, 68, 71, 72, 74, 75, 79, 85], "summary": {"covered_lines": 19, "num_statements": 22, "percent_covered": 86.36363636363636, "percent_covered_display": "86.36", "missing_lines": 3, "excluded_lines": 0, "percent_statements_covered": 86.36363636363636, "percent_statements_covered_display": "86.36"}, "missing_lines": [77, 80, 82], "excluded_lines": [], "functions": {"sanitize_isrc": {"executed_lines": [30, 31, 34, 36], "summary": {"covered_lines": 4, "num_statements": 4, "percent_covered": 100.0, "percent_covered_display": "100.00", "missing_lines": 0, "excluded_lines": 0, "percent_statements_covered": 100.0, "percent_statements_covered_display": "100.00"}, "missing_lines": [], "excluded_lines": []}, "validate_isrc": {"executed_lines": [61, 62, 65, 67, 68, 71, 72, 74, 75, 79, 85], "summary": {"covered_lines": 11, "num_statements": 14, "percent_covered": 78.57142857142857, "percent_covered_display": "78.57", "missing_lines": 3, "excluded_lines": 0, "percent_statements_covered": 78.57142857142857, "percent_statements_covered_display": "78.57"}, "missing_lines": [77, 80, 82], "excluded_lines": []}, "": {"executed_lines": [1, 8, 9, 12, 39], "summary": {"covered_lines": 4, "num_statements": 4, "percent_covered": 100.0, "percent_covered_display": "100.00", "missing_lines": 0, "excluded_lines": 0, "percent_statements_covered": 100.0, "percent_statements_covered_display": "100.00"}, "missing_lines": [], "excluded_lines": []}}, "classes": {"": {"executed_lines": [1, 8, 9, 12, 30, 31, 34, 36, 39, 61, 62, 65, 67, 68, 71, 72, 74, 75, 79, 85], "summary": {"covered_lines": 19, "num_statements": 22, "percent_covered": 86.36363636363636, "percent_covered_display": "86.36", "missing_lines": 3, "excluded_lines": 0, "percent_statements_covered": 86.36363636363636, "percent_statements_covered_display": "86.36"}, "missing_lines": [77, 80, 82], "excluded_lines": []}}}}, "totals": {"covered_lines": 3042, "num_statements": 4099, "percent_covered": 74.21322273725299, "percent_covered_display": "74.21", "missing_lines": 1057, "excluded_lines": 2, "percent_statements_covered": 74.21322273725299, "percent_statements_covered_display": "74.21"}}