{"meta": {"format": 3, "version": "7.13.0", "timestamp": "2025-12-24T15:33:43.413836", "branch_coverage": false, "show_contexts": false}, "files": {"src\\__init__.py": {"executed_lines": [1, 2], "summary": {"covered_lines": 1, "num_statements": 1, "percent_covered": 100.0, "percent_covered_display": "100.00", "missing_lines": 0, "excluded_lines": 0, "percent_statements_covered": 100.0, "percent_statements_covered_display": "100.00"}, "missing_lines": [], "excluded_lines": [], "functions": {"": {"executed_lines": [1, 2], "summary": {"covered_lines": 1, "num_statements": 1, "percent_covered": 100.0, "percent_covered_display": "100.00", "missing_lines": 0, "excluded_lines": 0, "percent_statements_covered": 100.0, "percent_statements_covered_display": "100.00"}, "missing_lines": [], "excluded_lines": []}}, "classes": {"": {"executed_lines": [1, 2], "summary": {"covered_lines": 1, "num_statements": 1, "percent_covered": 100.0, "percent_covered_display": "100.00", "missing_lines": 0, "excluded_lines": 0, "percent_statements_covered": 100.0, "percent_statements_covered_display": "100.00"}, "missing_lines": [], "excluded_lines": []}}}, "src\\business\\__init__.py": {"executed_lines": [1], "summary": {"covered_lines": 0, "num_statements": 0, "percent_covered": 100.0, "percent_covered_display": "100.00", "missing_lines": 0, "excluded_lines": 0, "percent_statements_covered": 100.0, "percent_statements_covered_display": "100.00"}, "missing_lines": [], "excluded_lines": [], "functions": {"": {"executed_lines": [1], "summary": {"covered_lines": 0, "num_statements": 0, "percent_covered": 100.0, "percent_covered_display": "100.00", "missing_lines": 0, "excluded_lines": 0, "percent_statements_covered": 100.0, "percent_statements_covered_display": "100.00"}, "missing_lines": [], "excluded_lines": []}}, "classes": {"": {"executed_lines": [1], "summary": {"covered_lines": 0, "num_statements": 0, "percent_covered": 100.0, "percent_covered_display": "100.00", "missing_lines": 0, "excluded_lines": 0, "percent_statements_covered": 100.0, "percent_statements_covered_display": "100.00"}, "missing_lines": [], "excluded_lines": []}}}, "src\\business\\services\\__init__.py": {"executed_lines": [1, 2, 3, 4, 5, 7], "summary": {"covered_lines": 5, "num_statements": 5, "percent_covered": 100.0, "percent_covered_display": "100.00", "missing_lines": 0, "excluded_lines": 0, "percent_statements_covered": 100.0, "percent_statements_covered_display": "100.00"}, "missing_lines": [], "excluded_lines": [], "functions": {"": {"executed_lines": [1, 2, 3, 4, 5, 7], "summary": {"covered_lines": 5, "num_statements": 5, "percent_covered": 100.0, "percent_covered_display": "100.00", "missing_lines": 0, "excluded_lines": 0, "percent_statements_covered": 100.0, "percent_statements_covered_display": "100.00"}, "missing_lines": [], "excluded_lines": []}}, "classes": {"": {"executed_lines": [1, 2, 3, 4, 5, 7], "summary": {"covered_lines": 5, "num_statements": 5, "percent_covered": 100.0, "percent_covered_display": "100.00", "missing_lines": 0, "excluded_lines": 0, "percent_statements_covered": 100.0, "percent_statements_covered_display": "100.00"}, "missing_lines": [], "excluded_lines": []}}}, "src\\business\\services\\library_service.py": {"executed_lines": [1, 2, 3, 4, 5, 8, 9, 11, 12, 13, 16, 18, 20, 22, 24, 26, 28, 30, 32, 34, 38, 40, 42, 44, 46, 52, 56, 62, 68, 70, 72, 76, 82, 86, 101, 112, 115, 116, 117, 119, 125, 126, 127, 128, 129, 130, 132, 133, 134, 135, 136, 138, 139, 140], "summary": {"covered_lines": 52, "num_statements": 66, "percent_covered": 78.78787878787878, "percent_covered_display": "78.79", "missing_lines": 14, "excluded_lines": 0, "percent_statements_covered": 78.78787878787878, "percent_statements_covered_display": "78.79"}, "missing_lines": [36, 49, 50, 54, 58, 64, 74, 78, 84, 91, 92, 94, 97, 99], "excluded_lines": [], "functions": {"LibraryService.__init__": {"executed_lines": [12, 13, 16], "summary": {"covered_lines": 3, "num_statements": 3, "percent_covered": 100.0, "percent_covered_display": "100.00", "missing_lines": 0, "excluded_lines": 0, "percent_statements_covered": 100.0, "percent_statements_covered_display": "100.00"}, "missing_lines": [], "excluded_lines": []}, "LibraryService.add_file": {"executed_lines": [20], "summary": {"covered_lines": 1, "num_statements": 1, "percent_covered": 100.0, "percent_covered_display": "100.00", "missing_lines": 0, "excluded_lines": 0, "percent_statements_covered": 100.0, "percent_statements_covered_display": "100.00"}, "missing_lines": [], "excluded_lines": []}, "LibraryService.get_all_songs": {"executed_lines": [24], "summary": {"covered_lines": 1, "num_statements": 1, "percent_covered": 100.0, "percent_covered_display": "100.00", "missing_lines": 0, "excluded_lines": 0, "percent_statements_covered": 100.0, "percent_statements_covered_display": "100.00"}, "missing_lines": [], "excluded_lines": []}, "LibraryService.delete_song": {"executed_lines": [28], "summary": {"covered_lines": 1, "num_statements": 1, "percent_covered": 100.0, "percent_covered_display": "100.00", "missing_lines": 0, "excluded_lines": 0, "percent_statements_covered": 100.0, "percent_statements_covered_display": "100.00"}, "missing_lines": [], "excluded_lines": []}, "LibraryService.update_song": {"executed_lines": [32], "summary": {"covered_lines": 1, "num_statements": 1, "percent_covered": 100.0, "percent_covered_display": "100.00", "missing_lines": 0, "excluded_lines": 0, "percent_statements_covered": 100.0, "percent_statements_covered_display": "100.00"}, "missing_lines": [], "excluded_lines": []}, "LibraryService.update_song_status": {"executed_lines": [], "summary": {"covered_lines": 0, "num_statements": 1, "percent_covered": 0.0, "percent_covered_display": "0.00", "missing_lines": 1, "excluded_lines": 0, "percent_statements_covered": 0.0, "percent_statements_covered_display": "0.00"}, "missing_lines": [36], "excluded_lines": []}, "LibraryService.get_contributors_by_role": {"executed_lines": [40], "summary": {"covered_lines": 1, "num_statements": 1, "percent_covered": 100.0, "percent_covered_display": "100.00", "missing_lines": 0, "excluded_lines": 0, "percent_statements_covered": 100.0, "percent_statements_covered_display": "100.00"}, "missing_lines": [], "excluded_lines": []}, "LibraryService.get_songs_by_performer": {"executed_lines": [44], "summary": {"covered_lines": 1, "num_statements": 1, "percent_covered": 100.0, "percent_covered_display": "100.00", "missing_lines": 0, "excluded_lines": 0, "percent_statements_covered": 100.0, "percent_statements_covered_display": "100.00"}, "missing_lines": [], "excluded_lines": []}, "LibraryService.get_songs_by_unified_artist": {"executed_lines": [], "summary": {"covered_lines": 0, "num_statements": 2, "percent_covered": 0.0, "percent_covered_display": "0.00", "missing_lines": 2, "excluded_lines": 0, "percent_statements_covered": 0.0, "percent_statements_covered_display": "0.00"}, "missing_lines": [49, 50], "excluded_lines": []}, "LibraryService.get_songs_by_composer": {"executed_lines": [], "summary": {"covered_lines": 0, "num_statements": 1, "percent_covered": 0.0, "percent_covered_display": "0.00", "missing_lines": 1, "excluded_lines": 0, "percent_statements_covered": 0.0, "percent_statements_covered_display": "0.00"}, "missing_lines": [54], "excluded_lines": []}, "LibraryService.get_song_by_path": {"executed_lines": [], "summary": {"covered_lines": 0, "num_statements": 1, "percent_covered": 0.0, "percent_covered_display": "0.00", "missing_lines": 1, "excluded_lines": 0, "percent_statements_covered": 0.0, "percent_statements_covered_display": "0.00"}, "missing_lines": [58], "excluded_lines": []}, "LibraryService.get_all_years": {"executed_lines": [], "summary": {"covered_lines": 0, "num_statements": 1, "percent_covered": 0.0, "percent_covered_display": "0.00", "missing_lines": 1, "excluded_lines": 0, "percent_statements_covered": 0.0, "percent_statements_covered_display": "0.00"}, "missing_lines": [64], "excluded_lines": []}, "LibraryService.get_all_aliases": {"executed_lines": [70], "summary": {"covered_lines": 1, "num_statements": 1, "percent_covered": 100.0, "percent_covered_display": "100.00", "missing_lines": 0, "excluded_lines": 0, "percent_statements_covered": 100.0, "percent_statements_covered_display": "100.00"}, "missing_lines": [], "excluded_lines": []}, "LibraryService.get_songs_by_year": {"executed_lines": [], "summary": {"covered_lines": 0, "num_statements": 1, "percent_covered": 0.0, "percent_covered_display": "0.00", "missing_lines": 1, "excluded_lines": 0, "percent_statements_covered": 0.0, "percent_statements_covered_display": "0.00"}, "missing_lines": [74], "excluded_lines": []}, "LibraryService.get_songs_by_status": {"executed_lines": [], "summary": {"covered_lines": 0, "num_statements": 1, "percent_covered": 0.0, "percent_covered_display": "0.00", "missing_lines": 1, "excluded_lines": 0, "percent_statements_covered": 0.0, "percent_statements_covered_display": "0.00"}, "missing_lines": [78], "excluded_lines": []}, "LibraryService.get_item_albums": {"executed_lines": [], "summary": {"covered_lines": 0, "num_statements": 1, "percent_covered": 0.0, "percent_covered_display": "0.00", "missing_lines": 1, "excluded_lines": 0, "percent_statements_covered": 0.0, "percent_statements_covered_display": "0.00"}, "missing_lines": [84], "excluded_lines": []}, "LibraryService.assign_album": {"executed_lines": [], "summary": {"covered_lines": 0, "num_statements": 5, "percent_covered": 0.0, "percent_covered_display": "0.00", "missing_lines": 5, "excluded_lines": 0, "percent_statements_covered": 0.0, "percent_statements_covered_display": "0.00"}, "missing_lines": [91, 92, 94, 97, 99], "excluded_lines": []}, "LibraryService.get_distinct_filter_values": {"executed_lines": [112, 115, 116, 117, 119, 125, 126, 127, 128, 129, 130, 132, 133, 134, 135, 136, 138, 139, 140], "summary": {"covered_lines": 19, "num_statements": 19, "percent_covered": 100.0, "percent_covered_display": "100.00", "missing_lines": 0, "excluded_lines": 0, "percent_statements_covered": 100.0, "percent_statements_covered_display": "100.00"}, "missing_lines": [], "excluded_lines": []}, "": {"executed_lines": [1, 2, 3, 4, 5, 8, 9, 11, 18, 22, 26, 30, 34, 38, 42, 46, 52, 56, 62, 68, 72, 76, 82, 86, 101], "summary": {"covered_lines": 23, "num_statements": 23, "percent_covered": 100.0, "percent_covered_display": "100.00", "missing_lines": 0, "excluded_lines": 0, "percent_statements_covered": 100.0, "percent_statements_covered_display": "100.00"}, "missing_lines": [], "excluded_lines": []}}, "classes": {"LibraryService": {"executed_lines": [12, 13, 16, 20, 24, 28, 32, 40, 44, 70, 112, 115, 116, 117, 119, 125, 126, 127, 128, 129, 130, 132, 133, 134, 135, 136, 138, 139, 140], "summary": {"covered_lines": 29, "num_statements": 43, "percent_covered": 67.44186046511628, "percent_covered_display": "67.44", "missing_lines": 14, "excluded_lines": 0, "percent_statements_covered": 67.44186046511628, "percent_statements_covered_display": "67.44"}, "missing_lines": [36, 49, 50, 54, 58, 64, 74, 78, 84, 91, 92, 94, 97, 99], "excluded_lines": []}, "": {"executed_lines": [1, 2, 3, 4, 5, 8, 9, 11, 18, 22, 26, 30, 34, 38, 42, 46, 52, 56, 62, 68, 72, 76, 82, 86, 101], "summary": {"covered_lines": 23, "num_statements": 23, "percent_covered": 100.0, "percent_covered_display": "100.00", "missing_lines": 0, "excluded_lines": 0, "percent_statements_covered": 100.0, "percent_statements_covered_display": "100.00"}, "missing_lines": [], "excluded_lines": []}}}, "src\\business\\services\\metadata_service.py": {"executed_lines": [1, 2, 3, 4, 5, 6, 7, 8, 9, 10, 13, 14, 16, 17, 22, 23, 24, 25, 27, 30, 31, 32, 33, 36, 37, 38, 39, 40, 41, 42, 43, 44, 45, 46, 49, 50, 53, 54, 57, 58, 59, 60, 61, 62, 65, 66, 68, 71, 73, 74, 75, 76, 77, 80, 81, 82, 83, 84, 85, 89, 92, 93, 96, 97, 98, 99, 102, 103, 106, 109, 110, 113, 114, 115, 116, 118, 120, 121, 122, 125, 128, 129, 131, 148, 149, 154, 155, 169, 170, 171, 173, 174, 181, 182, 185, 186, 189, 190, 191, 192, 195, 196, 197, 198, 199, 200, 203, 204, 205, 208, 209, 210, 211, 215, 216, 217, 220, 221, 222, 223, 224, 226, 228, 229, 231, 232, 233, 234, 235, 236, 237, 246, 247, 251, 255, 256, 257, 259, 260, 263, 266, 267, 270, 273, 278, 281, 282, 285, 288, 293, 298, 299, 301, 306, 307, 308, 309, 310, 311, 312, 315, 316, 317, 320, 321, 324, 326, 327, 330, 331, 332, 333, 334, 337, 338, 339, 342, 343, 344, 345, 348, 349, 350, 351, 352, 353, 354, 355, 356, 357, 359, 360, 361, 364, 365, 367, 368, 369], "summary": {"covered_lines": 196, "num_statements": 213, "percent_covered": 92.01877934272301, "percent_covered_display": "92.02", "missing_lines": 17, "excluded_lines": 0, "percent_statements_covered": 92.01877934272301, "percent_statements_covered_display": "92.02"}, "missing_lines": [156, 157, 158, 160, 161, 164, 165, 167, 168, 212, 239, 275, 289, 290, 291, 294, 295], "excluded_lines": [], "functions": {"MetadataService.extract_from_mp3": {"executed_lines": [22, 23, 24, 25, 27, 30, 31, 32, 33, 36, 49, 53, 71, 92, 93, 96, 97, 98, 99, 102, 103, 106, 109, 110, 113, 114, 115, 116, 118, 120, 121, 122, 125, 128, 129, 131], "summary": {"covered_lines": 36, "num_statements": 36, "percent_covered": 100.0, "percent_covered_display": "100.00", "missing_lines": 0, "excluded_lines": 0, "percent_statements_covered": 100.0, "percent_statements_covered_display": "100.00"}, "missing_lines": [], "excluded_lines": []}, "MetadataService.extract_from_mp3.get_text_list": {"executed_lines": [37, 38, 39, 40, 41, 42, 43, 44, 45, 46], "summary": {"covered_lines": 10, "num_statements": 10, "percent_covered": 100.0, "percent_covered_display": "100.00", "missing_lines": 0, "excluded_lines": 0, "percent_statements_covered": 100.0, "percent_statements_covered_display": "100.00"}, "missing_lines": [], "excluded_lines": []}, "MetadataService.extract_from_mp3.deduplicate": {"executed_lines": [50], "summary": {"covered_lines": 1, "num_statements": 1, "percent_covered": 100.0, "percent_covered_display": "100.00", "missing_lines": 0, "excluded_lines": 0, "percent_statements_covered": 100.0, "percent_statements_covered_display": "100.00"}, "missing_lines": [], "excluded_lines": []}, "MetadataService.extract_from_mp3.get_producers": {"executed_lines": [54, 57, 58, 59, 60, 61, 62, 65, 66, 68], "summary": {"covered_lines": 10, "num_statements": 10, "percent_covered": 100.0, "percent_covered_display": "100.00", "missing_lines": 0, "excluded_lines": 0, "percent_statements_covered": 100.0, "percent_statements_covered_display": "100.00"}, "missing_lines": [], "excluded_lines": []}, "MetadataService.extract_from_mp3.get_is_done": {"executed_lines": [73, 74, 75, 76, 77, 80, 81, 82, 83, 84, 85, 89], "summary": {"covered_lines": 12, "num_statements": 12, "percent_covered": 100.0, "percent_covered_display": "100.00", "missing_lines": 0, "excluded_lines": 0, "percent_statements_covered": 100.0, "percent_statements_covered_display": "100.00"}, "missing_lines": [], "excluded_lines": []}, "MetadataService.get_raw_tags": {"executed_lines": [154, 155, 169, 170, 171], "summary": {"covered_lines": 5, "num_statements": 14, "percent_covered": 35.714285714285715, "percent_covered_display": "35.71", "missing_lines": 9, "excluded_lines": 0, "percent_statements_covered": 35.714285714285715, "percent_statements_covered_display": "35.71"}, "missing_lines": [156, 157, 158, 160, 161, 164, 165, 167, 168], "excluded_lines": []}, "MetadataService.write_tags": {"executed_lines": [181, 182, 185, 186, 189, 190, 191, 192, 195, 196, 197, 198, 199, 200, 203, 204, 205, 208, 209, 210, 211, 215, 220, 221, 222, 223, 224, 226, 228, 229, 231, 232, 233, 234, 235, 236, 237, 246, 247, 251, 255, 256, 257, 259, 260, 263, 266, 267, 270, 273, 278, 281, 282, 285, 288, 293, 298, 299, 301, 306, 307, 308, 309, 310, 311, 312, 315, 316, 317, 320, 321, 324, 326, 327, 330, 331, 332, 333, 334, 337, 338, 339, 342, 343, 344, 345, 348, 349, 350, 351, 352, 353, 354, 355, 356, 357, 359, 360, 361, 364, 365, 367, 368, 369], "summary": {"covered_lines": 104, "num_statements": 112, "percent_covered": 92.85714285714286, "percent_covered_display": "92.86", "missing_lines": 8, "excluded_lines": 0, "percent_statements_covered": 92.85714285714286, "percent_statements_covered_display": "92.86"}, "missing_lines": [212, 239, 275, 289, 290, 291, 294, 295], "excluded_lines": []}, "MetadataService.write_tags.clean_list": {"executed_lines": [216, 217], "summary": {"covered_lines": 2, "num_statements": 2, "percent_covered": 100.0, "percent_covered_display": "100.00", "missing_lines": 0, "excluded_lines": 0, "percent_statements_covered": 100.0, "percent_statements_covered_display": "100.00"}, "missing_lines": [], "excluded_lines": []}, "": {"executed_lines": [1, 2, 3, 4, 5, 6, 7, 8, 9, 10, 13, 14, 16, 17, 148, 149, 173, 174], "summary": {"covered_lines": 16, "num_statements": 16, "percent_covered": 100.0, "percent_covered_display": "100.00", "missing_lines": 0, "excluded_lines": 0, "percent_statements_covered": 100.0, "percent_statements_covered_display": "100.00"}, "missing_lines": [], "excluded_lines": []}}, "classes": {"MetadataService": {"executed_lines": [22, 23, 24, 25, 27, 30, 31, 32, 33, 36, 37, 38, 39, 40, 41, 42, 43, 44, 45, 46, 49, 50, 53, 54, 57, 58, 59, 60, 61, 62, 65, 66, 68, 71, 73, 74, 75, 76, 77, 80, 81, 82, 83, 84, 85, 89, 92, 93, 96, 97, 98, 99, 102, 103, 106, 109, 110, 113, 114, 115, 116, 118, 120, 121, 122, 125, 128, 129, 131, 154, 155, 169, 170, 171, 181, 182, 185, 186, 189, 190, 191, 192, 195, 196, 197, 198, 199, 200, 203, 204, 205, 208, 209, 210, 211, 215, 216, 217, 220, 221, 222, 223, 224, 226, 228, 229, 231, 232, 233, 234, 235, 236, 237, 246, 247, 251, 255, 256, 257, 259, 260, 263, 266, 267, 270, 273, 278, 281, 282, 285, 288, 293, 298, 299, 301, 306, 307, 308, 309, 310, 311, 312, 315, 316, 317, 320, 321, 324, 326, 327, 330, 331, 332, 333, 334, 337, 338, 339, 342, 343, 344, 345, 348, 349, 350, 351, 352, 353, 354, 355, 356, 357, 359, 360, 361, 364, 365, 367, 368, 369], "summary": {"covered_lines": 180, "num_statements": 197, "percent_covered": 91.37055837563452, "percent_covered_display": "91.37", "missing_lines": 17, "excluded_lines": 0, "percent_statements_covered": 91.37055837563452, "percent_statements_covered_display": "91.37"}, "missing_lines": [156, 157, 158, 160, 161, 164, 165, 167, 168, 212, 239, 275, 289, 290, 291, 294, 295], "excluded_lines": []}, "": {"executed_lines": [1, 2, 3, 4, 5, 6, 7, 8, 9, 10, 13, 14, 16, 17, 148, 149, 173, 174], "summary": {"covered_lines": 16, "num_statements": 16, "percent_covered": 100.0, "percent_covered_display": "100.00", "missing_lines": 0, "excluded_lines": 0, "percent_statements_covered": 100.0, "percent_statements_covered_display": "100.00"}, "missing_lines": [], "excluded_lines": []}}}, "src\\business\\services\\playback_service.py": {"executed_lines": [1, 2, 3, 4, 5, 7, 11, 12, 15, 16, 17, 19, 20, 21, 23, 24, 25, 28, 29, 32, 33, 35, 38, 39, 40, 42, 43, 44, 45, 47, 48, 51, 53, 55, 56, 57, 58, 59, 61, 62, 64, 66, 67, 71, 72, 74, 76, 77, 81, 82, 83, 85, 86, 87, 89, 91, 92, 93, 94, 95, 97, 114, 122, 128, 129, 131, 132, 134, 135, 136, 138, 139, 141, 152, 153, 155, 156, 158, 160, 162, 177, 179, 180, 181, 183, 184, 186, 187, 189, 190, 192, 193, 197, 198, 199, 201, 203, 204, 206, 208, 210, 211, 212, 213, 215, 234, 236, 237, 239, 240, 243, 245, 247, 279, 293, 295, 296, 298, 305, 307, 310, 312, 313, 315, 316, 318, 319, 321, 323, 324, 326, 327, 328, 329, 330, 331, 332, 333, 334], "summary": {"covered_lines": 136, "num_statements": 195, "percent_covered": 69.74358974358974, "percent_covered_display": "69.74", "missing_lines": 59, "excluded_lines": 2, "percent_statements_covered": 69.74358974358974, "percent_statements_covered_display": "69.74"}, "missing_lines": [69, 79, 102, 103, 104, 105, 107, 109, 110, 111, 112, 116, 117, 118, 125, 126, 165, 166, 169, 170, 173, 174, 219, 220, 221, 222, 224, 225, 226, 227, 228, 232, 250, 251, 254, 255, 258, 259, 262, 263, 266, 267, 268, 269, 272, 273, 276, 277, 281, 282, 283, 285, 287, 289, 291, 300, 301, 302, 308], "excluded_lines": [7, 8], "functions": {"PlaybackService.__init__": {"executed_lines": [24, 25, 28, 29, 32, 33, 35, 38, 39, 40, 42, 43, 44, 45, 47, 48, 51], "summary": {"covered_lines": 17, "num_statements": 17, "percent_covered": 100.0, "percent_covered_display": "100.00", "missing_lines": 0, "excluded_lines": 0, "percent_statements_covered": 100.0, "percent_statements_covered_display": "100.00"}, "missing_lines": [], "excluded_lines": []}, "PlaybackService._create_player_pair": {"executed_lines": [55, 56, 57, 58, 59], "summary": {"covered_lines": 5, "num_statements": 5, "percent_covered": 100.0, "percent_covered_display": "100.00", "missing_lines": 0, "excluded_lines": 0, "percent_statements_covered": 100.0, "percent_statements_covered_display": "100.00"}, "missing_lines": [], "excluded_lines": []}, "PlaybackService.crossfade_duration": {"executed_lines": [], "summary": {"covered_lines": 0, "num_statements": 1, "percent_covered": 0.0, "percent_covered_display": "0.00", "missing_lines": 1, "excluded_lines": 0, "percent_statements_covered": 0.0, "percent_statements_covered_display": "0.00"}, "missing_lines": [69], "excluded_lines": []}, "PlaybackService.crossfade_enabled": {"executed_lines": [], "summary": {"covered_lines": 0, "num_statements": 1, "percent_covered": 0.0, "percent_covered_display": "0.00", "missing_lines": 1, "excluded_lines": 0, "percent_statements_covered": 0.0, "percent_statements_covered_display": "0.00"}, "missing_lines": [79], "excluded_lines": []}, "PlaybackService.active_player": {"executed_lines": [83], "summary": {"covered_lines": 1, "num_statements": 1, "percent_covered": 100.0, "percent_covered_display": "100.00", "missing_lines": 0, "excluded_lines": 0, "percent_statements_covered": 100.0, "percent_statements_covered_display": "100.00"}, "missing_lines": [], "excluded_lines": []}, "PlaybackService.active_audio": {"executed_lines": [87], "summary": {"covered_lines": 1, "num_statements": 1, "percent_covered": 100.0, "percent_covered_display": "100.00", "missing_lines": 0, "excluded_lines": 0, "percent_statements_covered": 100.0, "percent_statements_covered_display": "100.00"}, "missing_lines": [], "excluded_lines": []}, "PlaybackService._connect_signals": {"executed_lines": [91, 92, 93, 94, 95], "summary": {"covered_lines": 5, "num_statements": 5, "percent_covered": 100.0, "percent_covered_display": "100.00", "missing_lines": 0, "excluded_lines": 0, "percent_statements_covered": 100.0, "percent_statements_covered_display": "100.00"}, "missing_lines": [], "excluded_lines": []}, "PlaybackService._disconnect_signals": {"executed_lines": [], "summary": {"covered_lines": 0, "num_statements": 5, "percent_covered": 0.0, "percent_covered_display": "0.00", "missing_lines": 5, "excluded_lines": 0, "percent_statements_covered": 0.0, "percent_statements_covered_display": "0.00"}, "missing_lines": [102, 109, 110, 111, 112], "excluded_lines": []}, "PlaybackService._disconnect_signals.safe_disconnect_all": {"executed_lines": [], "summary": {"covered_lines": 0, "num_statements": 4, "percent_covered": 0.0, "percent_covered_display": "0.00", "missing_lines": 4, "excluded_lines": 0, "percent_statements_covered": 0.0, "percent_statements_covered_display": "0.00"}, "missing_lines": [103, 104, 105, 107], "excluded_lines": []}, "PlaybackService._handle_media_status": {"executed_lines": [], "summary": {"covered_lines": 0, "num_statements": 3, "percent_covered": 0.0, "percent_covered_display": "0.00", "missing_lines": 3, "excluded_lines": 0, "percent_statements_covered": 0.0, "percent_statements_covered_display": "0.00"}, "missing_lines": [116, 117, 118], "excluded_lines": []}, "PlaybackService.load": {"executed_lines": [], "summary": {"covered_lines": 0, "num_statements": 2, "percent_covered": 0.0, "percent_covered_display": "0.00", "missing_lines": 2, "excluded_lines": 0, "percent_statements_covered": 0.0, "percent_statements_covered_display": "0.00"}, "missing_lines": [125, 126], "excluded_lines": []}, "PlaybackService.play": {"executed_lines": [129], "summary": {"covered_lines": 1, "num_statements": 1, "percent_covered": 100.0, "percent_covered_display": "100.00", "missing_lines": 0, "excluded_lines": 0, "percent_statements_covered": 100.0, "percent_statements_covered_display": "100.00"}, "missing_lines": [], "excluded_lines": []}, "PlaybackService.pause": {"executed_lines": [132], "summary": {"covered_lines": 1, "num_statements": 1, "percent_covered": 100.0, "percent_covered_display": "100.00", "missing_lines": 0, "excluded_lines": 0, "percent_statements_covered": 100.0, "percent_statements_covered_display": "100.00"}, "missing_lines": [], "excluded_lines": []}, "PlaybackService.stop": {"executed_lines": [135, 136], "summary": {"covered_lines": 2, "num_statements": 2, "percent_covered": 100.0, "percent_covered_display": "100.00", "missing_lines": 0, "excluded_lines": 0, "percent_statements_covered": 100.0, "percent_statements_covered_display": "100.00"}, "missing_lines": [], "excluded_lines": []}, "PlaybackService.seek": {"executed_lines": [139], "summary": {"covered_lines": 1, "num_statements": 1, "percent_covered": 100.0, "percent_covered_display": "100.00", "missing_lines": 0, "excluded_lines": 0, "percent_statements_covered": 100.0, "percent_statements_covered_display": "100.00"}, "missing_lines": [], "excluded_lines": []}, "PlaybackService.set_volume": {"executed_lines": [152, 153], "summary": {"covered_lines": 2, "num_statements": 2, "percent_covered": 100.0, "percent_covered_display": "100.00", "missing_lines": 0, "excluded_lines": 0, "percent_statements_covered": 100.0, "percent_statements_covered_display": "100.00"}, "missing_lines": [], "excluded_lines": []}, "PlaybackService.get_volume": {"executed_lines": [156], "summary": {"covered_lines": 1, "num_statements": 1, "percent_covered": 100.0, "percent_covered_display": "100.00", "missing_lines": 0, "excluded_lines": 0, "percent_statements_covered": 100.0, "percent_statements_covered_display": "100.00"}, "missing_lines": [], "excluded_lines": []}, "PlaybackService._update_volumes": {"executed_lines": [160, 162, 177, 179, 180, 181], "summary": {"covered_lines": 6, "num_statements": 12, "percent_covered": 50.0, "percent_covered_display": "50.00", "missing_lines": 6, "excluded_lines": 0, "percent_statements_covered": 50.0, "percent_statements_covered_display": "50.00"}, "missing_lines": [165, 166, 169, 170, 173, 174], "excluded_lines": []}, "PlaybackService.get_position": {"executed_lines": [184], "summary": {"covered_lines": 1, "num_statements": 1, "percent_covered": 100.0, "percent_covered_display": "100.00", "missing_lines": 0, "excluded_lines": 0, "percent_statements_covered": 100.0, "percent_statements_covered_display": "100.00"}, "missing_lines": [], "excluded_lines": []}, "PlaybackService.get_duration": {"executed_lines": [187], "summary": {"covered_lines": 1, "num_statements": 1, "percent_covered": 100.0, "percent_covered_display": "100.00", "missing_lines": 0, "excluded_lines": 0, "percent_statements_covered": 100.0, "percent_statements_covered_display": "100.00"}, "missing_lines": [], "excluded_lines": []}, "PlaybackService.get_state": {"executed_lines": [190], "summary": {"covered_lines": 1, "num_statements": 1, "percent_covered": 100.0, "percent_covered_display": "100.00", "missing_lines": 0, "excluded_lines": 0, "percent_statements_covered": 100.0, "percent_statements_covered_display": "100.00"}, "missing_lines": [], "excluded_lines": []}, "PlaybackService.is_playing": {"executed_lines": [193], "summary": {"covered_lines": 1, "num_statements": 1, "percent_covered": 100.0, "percent_covered_display": "100.00", "missing_lines": 0, "excluded_lines": 0, "percent_statements_covered": 100.0, "percent_statements_covered_display": "100.00"}, "missing_lines": [], "excluded_lines": []}, "PlaybackService.set_playlist": {"executed_lines": [198, 199], "summary": {"covered_lines": 2, "num_statements": 2, "percent_covered": 100.0, "percent_covered_display": "100.00", "missing_lines": 0, "excluded_lines": 0, "percent_statements_covered": 100.0, "percent_statements_covered_display": "100.00"}, "missing_lines": [], "excluded_lines": []}, "PlaybackService.play_at_index": {"executed_lines": [203, 204, 206, 208, 210, 211, 212, 213], "summary": {"covered_lines": 8, "num_statements": 8, "percent_covered": 100.0, "percent_covered_display": "100.00", "missing_lines": 0, "excluded_lines": 0, "percent_statements_covered": 100.0, "percent_statements_covered_display": "100.00"}, "missing_lines": [], "excluded_lines": []}, "PlaybackService.crossfade_to": {"executed_lines": [], "summary": {"covered_lines": 0, "num_statements": 10, "percent_covered": 0.0, "percent_covered_display": "0.00", "missing_lines": 10, "excluded_lines": 0, "percent_statements_covered": 0.0, "percent_statements_covered_display": "0.00"}, "missing_lines": [219, 220, 221, 222, 224, 225, 226, 227, 228, 232], "excluded_lines": []}, "PlaybackService.play_next": {"executed_lines": [236, 237, 239, 240, 243, 245], "summary": {"covered_lines": 6, "num_statements": 6, "percent_covered": 100.0, "percent_covered_display": "100.00", "missing_lines": 0, "excluded_lines": 0, "percent_statements_covered": 100.0, "percent_statements_covered_display": "100.00"}, "missing_lines": [], "excluded_lines": []}, "PlaybackService._start_crossfade": {"executed_lines": [], "summary": {"covered_lines": 0, "num_statements": 16, "percent_covered": 0.0, "percent_covered_display": "0.00", "missing_lines": 16, "excluded_lines": 0, "percent_statements_covered": 0.0, "percent_statements_covered_display": "0.00"}, "missing_lines": [250, 251, 254, 255, 258, 259, 262, 263, 266, 267, 268, 269, 272, 273, 276, 277], "excluded_lines": []}, "PlaybackService._on_crossfade_tick": {"executed_lines": [], "summary": {"covered_lines": 0, "num_statements": 7, "percent_covered": 0.0, "percent_covered_display": "0.00", "missing_lines": 7, "excluded_lines": 0, "percent_statements_covered": 0.0, "percent_statements_covered_display": "0.00"}, "missing_lines": [281, 282, 283, 285, 287, 289, 291], "excluded_lines": []}, "PlaybackService._stop_crossfade": {"executed_lines": [295, 296, 298, 305, 307], "summary": {"covered_lines": 5, "num_statements": 9, "percent_covered": 55.55555555555556, "percent_covered_display": "55.56", "missing_lines": 4, "excluded_lines": 0, "percent_statements_covered": 55.55555555555556, "percent_statements_covered_display": "55.56"}, "missing_lines": [300, 301, 302, 308], "excluded_lines": []}, "PlaybackService.play_previous": {"executed_lines": [312, 313], "summary": {"covered_lines": 2, "num_statements": 2, "percent_covered": 100.0, "percent_covered_display": "100.00", "missing_lines": 0, "excluded_lines": 0, "percent_statements_covered": 100.0, "percent_statements_covered_display": "100.00"}, "missing_lines": [], "excluded_lines": []}, "PlaybackService.get_current_index": {"executed_lines": [316], "summary": {"covered_lines": 1, "num_statements": 1, "percent_covered": 100.0, "percent_covered_display": "100.00", "missing_lines": 0, "excluded_lines": 0, "percent_statements_covered": 100.0, "percent_statements_covered_display": "100.00"}, "missing_lines": [], "excluded_lines": []}, "PlaybackService.get_playlist": {"executed_lines": [319], "summary": {"covered_lines": 1, "num_statements": 1, "percent_covered": 100.0, "percent_covered_display": "100.00", "missing_lines": 0, "excluded_lines": 0, "percent_statements_covered": 100.0, "percent_statements_covered_display": "100.00"}, "missing_lines": [], "excluded_lines": []}, "PlaybackService.cleanup": {"executed_lines": [323, 324, 326, 327, 328, 329, 330, 331, 332, 333, 334], "summary": {"covered_lines": 11, "num_statements": 11, "percent_covered": 100.0, "percent_covered_display": "100.00", "missing_lines": 0, "excluded_lines": 0, "percent_statements_covered": 100.0, "percent_statements_covered_display": "100.00"}, "missing_lines": [], "excluded_lines": []}, "": {"executed_lines": [1, 2, 3, 4, 5, 7, 11, 12, 15, 16, 17, 19, 20, 21, 23, 53, 61, 62, 66, 67, 71, 72, 76, 77, 81, 82, 85, 86, 89, 97, 114, 122, 128, 131, 134, 138, 141, 155, 158, 183, 186, 189, 192, 197, 201, 215, 234, 247, 279, 293, 310, 315, 318, 321], "summary": {"covered_lines": 51, "num_statements": 51, "percent_covered": 100.0, "percent_covered_display": "100.00", "missing_lines": 0, "excluded_lines": 2, "percent_statements_covered": 100.0, "percent_statements_covered_display": "100.00"}, "missing_lines": [], "excluded_lines": [7, 8]}}, "classes": {"PlaybackService": {"executed_lines": [24, 25, 28, 29, 32, 33, 35, 38, 39, 40, 42, 43, 44, 45, 47, 48, 51, 55, 56, 57, 58, 59, 64, 74, 83, 87, 91, 92, 93, 94, 95, 129, 132, 135, 136, 139, 152, 153, 156, 160, 162, 177, 179, 180, 181, 184, 187, 190, 193, 198, 199, 203, 204, 206, 208, 210, 211, 212, 213, 236, 237, 239, 240, 243, 245, 295, 296, 298, 305, 307, 312, 313, 316, 319, 323, 324, 326, 327, 328, 329, 330, 331, 332, 333, 334], "summary": {"covered_lines": 85, "num_statements": 144, "percent_covered": 59.02777777777778, "percent_covered_display": "59.03", "missing_lines": 59, "excluded_lines": 0, "percent_statements_covered": 59.02777777777778, "percent_statements_covered_display": "59.03"}, "missing_lines": [69, 79, 102, 103, 104, 105, 107, 109, 110, 111, 112, 116, 117, 118, 125, 126, 165, 166, 169, 170, 173, 174, 219, 220, 221, 222, 224, 225, 226, 227, 228, 232, 250, 251, 254, 255, 258, 259, 262, 263, 266, 267, 268, 269, 272, 273, 276, 277, 281, 282, 283, 285, 287, 289, 291, 300, 301, 302, 308], "excluded_lines": []}, "": {"executed_lines": [1, 2, 3, 4, 5, 7, 11, 12, 15, 16, 17, 19, 20, 21, 23, 53, 61, 62, 66, 67, 71, 72, 76, 77, 81, 82, 85, 86, 89, 97, 114, 122, 128, 131, 134, 138, 141, 155, 158, 183, 186, 189, 192, 197, 201, 215, 234, 247, 279, 293, 310, 315, 318, 321], "summary": {"covered_lines": 51, "num_statements": 51, "percent_covered": 100.0, "percent_covered_display": "100.00", "missing_lines": 0, "excluded_lines": 2, "percent_statements_covered": 100.0, "percent_statements_covered_display": "100.00"}, "missing_lines": [], "excluded_lines": [7, 8]}}}, "src\\business\\services\\settings_manager.py": {"executed_lines": [1, 2, 3, 6, 7, 11, 12, 13, 17, 18, 19, 22, 23, 24, 25, 26, 27, 30, 31, 32, 33, 34, 36, 44, 48, 50, 52, 54, 56, 58, 60, 62, 64, 66, 72, 74, 76, 78, 80, 82, 84, 86, 88, 95, 96, 98, 99, 101, 114, 115, 118, 119, 121, 125, 128, 129, 131, 132, 136, 143, 145, 153, 154, 156, 158, 160, 162, 164, 166, 168, 170, 172, 174, 176, 178, 180, 182, 184, 186, 188, 192, 194, 196, 202, 204, 206, 208, 210, 212, 214, 216, 218, 220], "summary": {"covered_lines": 91, "num_statements": 97, "percent_covered": 93.81443298969072, "percent_covered_display": "93.81", "missing_lines": 6, "excluded_lines": 0, "percent_statements_covered": 93.81443298969072, "percent_statements_covered_display": "93.81"}, "missing_lines": [97, 116, 126, 161, 190, 198], "excluded_lines": [], "functions": {"SettingsManager.__init__": {"executed_lines": [44], "summary": {"covered_lines": 1, "num_statements": 1, "percent_covered": 100.0, "percent_covered_display": "100.00", "missing_lines": 0, "excluded_lines": 0, "percent_statements_covered": 100.0, "percent_statements_covered_display": "100.00"}, "missing_lines": [], "excluded_lines": []}, "SettingsManager.get_window_geometry": {"executed_lines": [50], "summary": {"covered_lines": 1, "num_statements": 1, "percent_covered": 100.0, "percent_covered_display": "100.00", "missing_lines": 0, "excluded_lines": 0, "percent_statements_covered": 100.0, "percent_statements_covered_display": "100.00"}, "missing_lines": [], "excluded_lines": []}, "SettingsManager.set_window_geometry": {"executed_lines": [54], "summary": {"covered_lines": 1, "num_statements": 1, "percent_covered": 100.0, "percent_covered_display": "100.00", "missing_lines": 0, "excluded_lines": 0, "percent_statements_covered": 100.0, "percent_statements_covered_display": "100.00"}, "missing_lines": [], "excluded_lines": []}, "SettingsManager.get_main_splitter_state": {"executed_lines": [58], "summary": {"covered_lines": 1, "num_statements": 1, "percent_covered": 100.0, "percent_covered_display": "100.00", "missing_lines": 0, "excluded_lines": 0, "percent_statements_covered": 100.0, "percent_statements_covered_display": "100.00"}, "missing_lines": [], "excluded_lines": []}, "SettingsManager.set_main_splitter_state": {"executed_lines": [62], "summary": {"covered_lines": 1, "num_statements": 1, "percent_covered": 100.0, "percent_covered_display": "100.00", "missing_lines": 0, "excluded_lines": 0, "percent_statements_covered": 100.0, "percent_statements_covered_display": "100.00"}, "missing_lines": [], "excluded_lines": []}, "SettingsManager.get_default_window_size": {"executed_lines": [66], "summary": {"covered_lines": 1, "num_statements": 1, "percent_covered": 100.0, "percent_covered_display": "100.00", "missing_lines": 0, "excluded_lines": 0, "percent_statements_covered": 100.0, "percent_statements_covered_display": "100.00"}, "missing_lines": [], "excluded_lines": []}, "SettingsManager.get_last_import_directory": {"executed_lines": [74], "summary": {"covered_lines": 1, "num_statements": 1, "percent_covered": 100.0, "percent_covered_display": "100.00", "missing_lines": 0, "excluded_lines": 0, "percent_statements_covered": 100.0, "percent_statements_covered_display": "100.00"}, "missing_lines": [], "excluded_lines": []}, "SettingsManager.set_last_import_directory": {"executed_lines": [78], "summary": {"covered_lines": 1, "num_statements": 1, "percent_covered": 100.0, "percent_covered_display": "100.00", "missing_lines": 0, "excluded_lines": 0, "percent_statements_covered": 100.0, "percent_statements_covered_display": "100.00"}, "missing_lines": [], "excluded_lines": []}, "SettingsManager.get_type_filter": {"executed_lines": [82], "summary": {"covered_lines": 1, "num_statements": 1, "percent_covered": 100.0, "percent_covered_display": "100.00", "missing_lines": 0, "excluded_lines": 0, "percent_statements_covered": 100.0, "percent_statements_covered_display": "100.00"}, "missing_lines": [], "excluded_lines": []}, "SettingsManager.set_type_filter": {"executed_lines": [86], "summary": {"covered_lines": 1, "num_statements": 1, "percent_covered": 100.0, "percent_covered_display": "100.00", "missing_lines": 0, "excluded_lines": 0, "percent_statements_covered": 100.0, "percent_statements_covered_display": "100.00"}, "missing_lines": [], "excluded_lines": []}, "SettingsManager.get_column_layout": {"executed_lines": [95, 96, 98, 99], "summary": {"covered_lines": 4, "num_statements": 5, "percent_covered": 80.0, "percent_covered_display": "80.00", "missing_lines": 1, "excluded_lines": 0, "percent_statements_covered": 80.0, "percent_statements_covered_display": "80.00"}, "missing_lines": [97], "excluded_lines": []}, "SettingsManager.set_column_layout": {"executed_lines": [114, 115, 118, 119, 121, 125, 128, 129, 131, 132], "summary": {"covered_lines": 10, "num_statements": 12, "percent_covered": 83.33333333333333, "percent_covered_display": "83.33", "missing_lines": 2, "excluded_lines": 0, "percent_statements_covered": 83.33333333333333, "percent_statements_covered_display": "83.33"}, "missing_lines": [116, 126], "excluded_lines": []}, "SettingsManager.get_volume": {"executed_lines": [143], "summary": {"covered_lines": 1, "num_statements": 1, "percent_covered": 100.0, "percent_covered_display": "100.00", "missing_lines": 0, "excluded_lines": 0, "percent_statements_covered": 100.0, "percent_statements_covered_display": "100.00"}, "missing_lines": [], "excluded_lines": []}, "SettingsManager.set_volume": {"executed_lines": [153, 154], "summary": {"covered_lines": 2, "num_statements": 2, "percent_covered": 100.0, "percent_covered_display": "100.00", "missing_lines": 0, "excluded_lines": 0, "percent_statements_covered": 100.0, "percent_statements_covered_display": "100.00"}, "missing_lines": [], "excluded_lines": []}, "SettingsManager.get_last_playlist": {"executed_lines": [158, 160, 162], "summary": {"covered_lines": 3, "num_statements": 4, "percent_covered": 75.0, "percent_covered_display": "75.00", "missing_lines": 1, "excluded_lines": 0, "percent_statements_covered": 75.0, "percent_statements_covered_display": "75.00"}, "missing_lines": [161], "excluded_lines": []}, "SettingsManager.set_last_playlist": {"executed_lines": [166], "summary": {"covered_lines": 1, "num_statements": 1, "percent_covered": 100.0, "percent_covered_display": "100.00", "missing_lines": 0, "excluded_lines": 0, "percent_statements_covered": 100.0, "percent_statements_covered_display": "100.00"}, "missing_lines": [], "excluded_lines": []}, "SettingsManager.get_last_song_path": {"executed_lines": [170], "summary": {"covered_lines": 1, "num_statements": 1, "percent_covered": 100.0, "percent_covered_display": "100.00", "missing_lines": 0, "excluded_lines": 0, "percent_statements_covered": 100.0, "percent_statements_covered_display": "100.00"}, "missing_lines": [], "excluded_lines": []}, "SettingsManager.set_last_song_path": {"executed_lines": [174], "summary": {"covered_lines": 1, "num_statements": 1, "percent_covered": 100.0, "percent_covered_display": "100.00", "missing_lines": 0, "excluded_lines": 0, "percent_statements_covered": 100.0, "percent_statements_covered_display": "100.00"}, "missing_lines": [], "excluded_lines": []}, "SettingsManager.get_last_position": {"executed_lines": [178], "summary": {"covered_lines": 1, "num_statements": 1, "percent_covered": 100.0, "percent_covered_display": "100.00", "missing_lines": 0, "excluded_lines": 0, "percent_statements_covered": 100.0, "percent_statements_covered_display": "100.00"}, "missing_lines": [], "excluded_lines": []}, "SettingsManager.set_last_position": {"executed_lines": [182], "summary": {"covered_lines": 1, "num_statements": 1, "percent_covered": 100.0, "percent_covered_display": "100.00", "missing_lines": 0, "excluded_lines": 0, "percent_statements_covered": 100.0, "percent_statements_covered_display": "100.00"}, "missing_lines": [], "excluded_lines": []}, "SettingsManager.get_crossfade_enabled": {"executed_lines": [186], "summary": {"covered_lines": 1, "num_statements": 1, "percent_covered": 100.0, "percent_covered_display": "100.00", "missing_lines": 0, "excluded_lines": 0, "percent_statements_covered": 100.0, "percent_statements_covered_display": "100.00"}, "missing_lines": [], "excluded_lines": []}, "SettingsManager.set_crossfade_enabled": {"executed_lines": [], "summary": {"covered_lines": 0, "num_statements": 1, "percent_covered": 0.0, "percent_covered_display": "0.00", "missing_lines": 1, "excluded_lines": 0, "percent_statements_covered": 0.0, "percent_statements_covered_display": "0.00"}, "missing_lines": [190], "excluded_lines": []}, "SettingsManager.get_crossfade_duration": {"executed_lines": [194], "summary": {"covered_lines": 1, "num_statements": 1, "percent_covered": 100.0, "percent_covered_display": "100.00", "missing_lines": 0, "excluded_lines": 0, "percent_statements_covered": 100.0, "percent_statements_covered_display": "100.00"}, "missing_lines": [], "excluded_lines": []}, "SettingsManager.set_crossfade_duration": {"executed_lines": [], "summary": {"covered_lines": 0, "num_statements": 1, "percent_covered": 0.0, "percent_covered_display": "0.00", "missing_lines": 1, "excluded_lines": 0, "percent_statements_covered": 0.0, "percent_statements_covered_display": "0.00"}, "missing_lines": [198], "excluded_lines": []}, "SettingsManager.clear_all": {"executed_lines": [204], "summary": {"covered_lines": 1, "num_statements": 1, "percent_covered": 100.0, "percent_covered_display": "100.00", "missing_lines": 0, "excluded_lines": 0, "percent_statements_covered": 100.0, "percent_statements_covered_display": "100.00"}, "missing_lines": [], "excluded_lines": []}, "SettingsManager.sync": {"executed_lines": [208], "summary": {"covered_lines": 1, "num_statements": 1, "percent_covered": 100.0, "percent_covered_display": "100.00", "missing_lines": 0, "excluded_lines": 0, "percent_statements_covered": 100.0, "percent_statements_covered_display": "100.00"}, "missing_lines": [], "excluded_lines": []}, "SettingsManager.get_all_keys": {"executed_lines": [212], "summary": {"covered_lines": 1, "num_statements": 1, "percent_covered": 100.0, "percent_covered_display": "100.00", "missing_lines": 0, "excluded_lines": 0, "percent_statements_covered": 100.0, "percent_statements_covered_display": "100.00"}, "missing_lines": [], "excluded_lines": []}, "SettingsManager.has_setting": {"executed_lines": [216], "summary": {"covered_lines": 1, "num_statements": 1, "percent_covered": 100.0, "percent_covered_display": "100.00", "missing_lines": 0, "excluded_lines": 0, "percent_statements_covered": 100.0, "percent_statements_covered_display": "100.00"}, "missing_lines": [], "excluded_lines": []}, "SettingsManager.remove_setting": {"executed_lines": [220], "summary": {"covered_lines": 1, "num_statements": 1, "percent_covered": 100.0, "percent_covered_display": "100.00", "missing_lines": 0, "excluded_lines": 0, "percent_statements_covered": 100.0, "percent_statements_covered_display": "100.00"}, "missing_lines": [], "excluded_lines": []}, "": {"executed_lines": [1, 2, 3, 6, 7, 11, 12, 13, 17, 18, 19, 22, 23, 24, 25, 26, 27, 30, 31, 32, 33, 34, 36, 48, 52, 56, 60, 64, 72, 76, 80, 84, 88, 101, 136, 145, 156, 164, 168, 172, 176, 180, 184, 188, 192, 196, 202, 206, 210, 214, 218], "summary": {"covered_lines": 49, "num_statements": 49, "percent_covered": 100.0, "percent_covered_display": "100.00", "missing_lines": 0, "excluded_lines": 0, "percent_statements_covered": 100.0, "percent_statements_covered_display": "100.00"}, "missing_lines": [], "excluded_lines": []}}, "classes": {"SettingsManager": {"executed_lines": [44, 50, 54, 58, 62, 66, 74, 78, 82, 86, 95, 96, 98, 99, 114, 115, 118, 119, 121, 125, 128, 129, 131, 132, 143, 153, 154, 158, 160, 162, 166, 170, 174, 178, 182, 186, 194, 204, 208, 212, 216, 220], "summary": {"covered_lines": 42, "num_statements": 48, "percent_covered": 87.5, "percent_covered_display": "87.50", "missing_lines": 6, "excluded_lines": 0, "percent_statements_covered": 87.5, "percent_statements_covered_display": "87.50"}, "missing_lines": [97, 116, 126, 161, 190, 198], "excluded_lines": []}, "": {"executed_lines": [1, 2, 3, 6, 7, 11, 12, 13, 17, 18, 19, 22, 23, 24, 25, 26, 27, 30, 31, 32, 33, 34, 36, 48, 52, 56, 60, 64, 72, 76, 80, 84, 88, 101, 136, 145, 156, 164, 168, 172, 176, 180, 184, 188, 192, 196, 202, 206, 210, 214, 218], "summary": {"covered_lines": 49, "num_statements": 49, "percent_covered": 100.0, "percent_covered_display": "100.00", "missing_lines": 0, "excluded_lines": 0, "percent_statements_covered": 100.0, "percent_statements_covered_display": "100.00"}, "missing_lines": [], "excluded_lines": []}}}, "src\\core\\__init__.py": {"executed_lines": [1], "summary": {"covered_lines": 0, "num_statements": 0, "percent_covered": 100.0, "percent_covered_display": "100.00", "missing_lines": 0, "excluded_lines": 0, "percent_statements_covered": 100.0, "percent_statements_covered_display": "100.00"}, "missing_lines": [], "excluded_lines": [], "functions": {"": {"executed_lines": [], "summary": {"covered_lines": 0, "num_statements": 0, "percent_covered": 100.0, "percent_covered_display": "100.00", "missing_lines": 0, "excluded_lines": 0, "percent_statements_covered": 100.0, "percent_statements_covered_display": "100.00"}, "missing_lines": [], "excluded_lines": []}}, "classes": {"": {"executed_lines": [], "summary": {"covered_lines": 0, "num_statements": 0, "percent_covered": 100.0, "percent_covered_display": "100.00", "missing_lines": 0, "excluded_lines": 0, "percent_statements_covered": 100.0, "percent_statements_covered_display": "100.00"}, "missing_lines": [], "excluded_lines": []}}}, "src\\core\\logger.py": {"executed_lines": [2, 3, 4, 6, 7, 9, 15, 17, 19, 20, 22, 23, 25, 27, 28, 29, 30, 31, 32, 37, 38, 39, 40, 42, 43, 45, 46, 48, 50, 52, 54, 57, 58, 59, 60, 61, 63, 64, 66, 67, 69, 70], "summary": {"covered_lines": 42, "num_statements": 44, "percent_covered": 95.45454545454545, "percent_covered_display": "95.45", "missing_lines": 2, "excluded_lines": 0, "percent_statements_covered": 95.45454545454545, "percent_statements_covered_display": "95.45"}, "missing_lines": [33, 34], "excluded_lines": [], "functions": {"subscribe_to_user_warnings": {"executed_lines": [15], "summary": {"covered_lines": 1, "num_statements": 1, "percent_covered": 100.0, "percent_covered_display": "100.00", "missing_lines": 0, "excluded_lines": 0, "percent_statements_covered": 100.0, "percent_statements_covered_display": "100.00"}, "missing_lines": [], "excluded_lines": []}, "_setup": {"executed_lines": [19, 20, 22, 23, 25, 27, 28, 29, 30, 31, 32, 37, 38, 39, 40, 42, 43], "summary": {"covered_lines": 17, "num_statements": 19, "percent_covered": 89.47368421052632, "percent_covered_display": "89.47", "missing_lines": 2, "excluded_lines": 0, "percent_statements_covered": 89.47368421052632, "percent_statements_covered_display": "89.47"}, "missing_lines": [33, 34], "excluded_lines": []}, "get": {"executed_lines": [46], "summary": {"covered_lines": 1, "num_statements": 1, "percent_covered": 100.0, "percent_covered_display": "100.00", "missing_lines": 0, "excluded_lines": 0, "percent_statements_covered": 100.0, "percent_statements_covered_display": "100.00"}, "missing_lines": [], "excluded_lines": []}, "dev_warning": {"executed_lines": [50], "summary": {"covered_lines": 1, "num_statements": 1, "percent_covered": 100.0, "percent_covered_display": "100.00", "missing_lines": 0, "excluded_lines": 0, "percent_statements_covered": 100.0, "percent_statements_covered_display": "100.00"}, "missing_lines": [], "excluded_lines": []}, "user_warning": {"executed_lines": [54, 57, 58, 59, 60, 61], "summary": {"covered_lines": 6, "num_statements": 6, "percent_covered": 100.0, "percent_covered_display": "100.00", "missing_lines": 0, "excluded_lines": 0, "percent_statements_covered": 100.0, "percent_statements_covered_display": "100.00"}, "missing_lines": [], "excluded_lines": []}, "info": {"executed_lines": [64], "summary": {"covered_lines": 1, "num_statements": 1, "percent_covered": 100.0, "percent_covered_display": "100.00", "missing_lines": 0, "excluded_lines": 0, "percent_statements_covered": 100.0, "percent_statements_covered_display": "100.00"}, "missing_lines": [], "excluded_lines": []}, "debug": {"executed_lines": [67], "summary": {"covered_lines": 1, "num_statements": 1, "percent_covered": 100.0, "percent_covered_display": "100.00", "missing_lines": 0, "excluded_lines": 0, "percent_statements_covered": 100.0, "percent_statements_covered_display": "100.00"}, "missing_lines": [], "excluded_lines": []}, "error": {"executed_lines": [70], "summary": {"covered_lines": 1, "num_statements": 1, "percent_covered": 100.0, "percent_covered_display": "100.00", "missing_lines": 0, "excluded_lines": 0, "percent_statements_covered": 100.0, "percent_statements_covered_display": "100.00"}, "missing_lines": [], "excluded_lines": []}, "": {"executed_lines": [2, 3, 4, 6, 7, 9, 17, 45, 48, 52, 63, 66, 69], "summary": {"covered_lines": 13, "num_statements": 13, "percent_covered": 100.0, "percent_covered_display": "100.00", "missing_lines": 0, "excluded_lines": 0, "percent_statements_covered": 100.0, "percent_statements_covered_display": "100.00"}, "missing_lines": [], "excluded_lines": []}}, "classes": {"": {"executed_lines": [2, 3, 4, 6, 7, 9, 15, 17, 19, 20, 22, 23, 25, 27, 28, 29, 30, 31, 32, 37, 38, 39, 40, 42, 43, 45, 46, 48, 50, 52, 54, 57, 58, 59, 60, 61, 63, 64, 66, 67, 69, 70], "summary": {"covered_lines": 42, "num_statements": 44, "percent_covered": 95.45454545454545, "percent_covered_display": "95.45", "missing_lines": 2, "excluded_lines": 0, "percent_statements_covered": 95.45454545454545, "percent_statements_covered_display": "95.45"}, "missing_lines": [33, 34], "excluded_lines": []}}}, "src\\core\\yellberus.py": {"executed_lines": [1, 9, 10, 11, 13, 14, 15, 16, 17, 18, 19, 20, 22, 23, 24, 25, 26, 27, 28, 31, 32, 33, 36, 37, 38, 39, 42, 43, 46, 47, 50, 51, 56, 70, 72, 75, 76, 77, 78, 79, 80, 83, 84, 86, 87, 89, 90, 93, 99, 335, 346, 352, 353, 354, 355, 357, 358, 361, 364, 368, 370, 372, 374, 376, 378, 380, 384, 393, 394, 397, 398, 401, 402, 405, 406, 407, 410, 411, 413, 414, 415, 419, 420, 421, 425, 426, 427, 428, 429, 430, 431, 433, 434, 437, 438, 439, 441, 443, 444, 445, 446, 447, 448, 449, 450, 452, 454, 455, 457, 462, 463, 464, 466, 474, 487, 488, 489, 491, 494, 495, 497, 498, 499, 505, 506, 507, 508, 511, 517, 519, 522, 527, 528, 529, 530, 533, 534, 538, 539, 540, 541, 544, 547, 557, 558, 561, 562, 564, 565, 566, 571, 572, 573, 574, 576, 577, 578, 579, 581, 584, 585, 588, 590, 592, 595, 597, 600, 606, 607, 609, 610, 611, 612, 616, 620, 621, 622, 623, 624, 627, 628, 630], "summary": {"covered_lines": 179, "num_statements": 203, "percent_covered": 88.17733990147784, "percent_covered_display": "88.18", "missing_lines": 24, "excluded_lines": 0, "percent_statements_covered": 88.17733990147784, "percent_statements_covered_display": "88.18"}, "missing_lines": [85, 88, 382, 399, 412, 416, 422, 471, 472, 500, 501, 502, 523, 524, 535, 542, 545, 567, 568, 625, 631, 632, 634, 635], "excluded_lines": [], "functions": {"decade_grouper": {"executed_lines": [76, 77, 78, 79, 80], "summary": {"covered_lines": 5, "num_statements": 5, "percent_covered": 100.0, "percent_covered_display": "100.00", "missing_lines": 0, "excluded_lines": 0, "percent_statements_covered": 100.0, "percent_statements_covered_display": "100.00"}, "missing_lines": [], "excluded_lines": []}, "first_letter_grouper": {"executed_lines": [84, 86, 87, 89, 90], "summary": {"covered_lines": 5, "num_statements": 7, "percent_covered": 71.42857142857143, "percent_covered_display": "71.43", "missing_lines": 2, "excluded_lines": 0, "percent_statements_covered": 71.42857142857143, "percent_statements_covered_display": "71.43"}, "missing_lines": [85, 88], "excluded_lines": []}, "build_query_select": {"executed_lines": [352, 353, 354, 355, 357, 358], "summary": {"covered_lines": 6, "num_statements": 6, "percent_covered": 100.0, "percent_covered_display": "100.00", "missing_lines": 0, "excluded_lines": 0, "percent_statements_covered": 100.0, "percent_statements_covered_display": "100.00"}, "missing_lines": [], "excluded_lines": []}, "get_field": {"executed_lines": [370], "summary": {"covered_lines": 1, "num_statements": 1, "percent_covered": 100.0, "percent_covered_display": "100.00", "missing_lines": 0, "excluded_lines": 0, "percent_statements_covered": 100.0, "percent_statements_covered_display": "100.00"}, "missing_lines": [], "excluded_lines": []}, "get_visible_fields": {"executed_lines": [374], "summary": {"covered_lines": 1, "num_statements": 1, "percent_covered": 100.0, "percent_covered_display": "100.00", "missing_lines": 0, "excluded_lines": 0, "percent_statements_covered": 100.0, "percent_statements_covered_display": "100.00"}, "missing_lines": [], "excluded_lines": []}, "get_filterable_fields": {"executed_lines": [378], "summary": {"covered_lines": 1, "num_statements": 1, "percent_covered": 100.0, "percent_covered_display": "100.00", "missing_lines": 0, "excluded_lines": 0, "percent_statements_covered": 100.0, "percent_statements_covered_display": "100.00"}, "missing_lines": [], "excluded_lines": []}, "get_required_fields": {"executed_lines": [], "summary": {"covered_lines": 0, "num_statements": 1, "percent_covered": 0.0, "percent_covered_display": "0.00", "missing_lines": 1, "excluded_lines": 0, "percent_statements_covered": 0.0, "percent_statements_covered_display": "0.00"}, "missing_lines": [382], "excluded_lines": []}, "validate_row": {"executed_lines": [393, 394, 397, 398, 401, 402, 405, 406, 407, 410, 411, 413, 414, 415, 419, 420, 421, 425, 426, 427, 428, 429, 430, 431, 433, 434, 437, 438, 439, 441, 443, 444, 445, 446, 447, 448, 449, 450, 452, 454, 455, 457], "summary": {"covered_lines": 42, "num_statements": 46, "percent_covered": 91.30434782608695, "percent_covered_display": "91.30", "missing_lines": 4, "excluded_lines": 0, "percent_statements_covered": 91.30434782608695, "percent_statements_covered_display": "91.30"}, "missing_lines": [399, 412, 416, 422], "excluded_lines": []}, "yell": {"executed_lines": [], "summary": {"covered_lines": 0, "num_statements": 2, "percent_covered": 0.0, "percent_covered_display": "0.00", "missing_lines": 2, "excluded_lines": 0, "percent_statements_covered": 0.0, "percent_statements_covered_display": "0.00"}, "missing_lines": [471, 472], "excluded_lines": []}, "validate_schema": {"executed_lines": [487, 488, 489, 491, 494, 495, 497, 498, 499, 505, 506, 507, 508, 511, 517, 519, 522, 527, 528, 529, 530, 533, 534, 538, 539, 540, 541, 544], "summary": {"covered_lines": 28, "num_statements": 36, "percent_covered": 77.77777777777777, "percent_covered_display": "77.78", "missing_lines": 8, "excluded_lines": 0, "percent_statements_covered": 77.77777777777777, "percent_statements_covered_display": "77.78"}, "missing_lines": [500, 501, 502, 523, 524, 535, 542, 545], "excluded_lines": []}, "row_to_tagged_tuples": {"executed_lines": [557, 558, 561, 562, 564, 565, 566, 571, 572, 573, 574, 576, 577, 578, 579, 581, 584, 585, 588, 590, 592, 595, 597], "summary": {"covered_lines": 23, "num_statements": 25, "percent_covered": 92.0, "percent_covered_display": "92.00", "missing_lines": 2, "excluded_lines": 0, "percent_statements_covered": 92.0, "percent_statements_covered_display": "92.00"}, "missing_lines": [567, 568], "excluded_lines": []}, "check_db_integrity": {"executed_lines": [606, 607, 609, 610, 611, 612, 616, 620, 621, 622, 623, 624, 627, 628, 630], "summary": {"covered_lines": 15, "num_statements": 20, "percent_covered": 75.0, "percent_covered_display": "75.00", "missing_lines": 5, "excluded_lines": 0, "percent_statements_covered": 75.0, "percent_statements_covered_display": "75.00"}, "missing_lines": [625, 631, 632, 634, 635], "excluded_lines": []}, "": {"executed_lines": [1, 9, 10, 11, 13, 14, 15, 16, 17, 18, 19, 20, 22, 23, 24, 25, 26, 27, 28, 31, 32, 33, 36, 37, 38, 39, 42, 43, 46, 47, 50, 51, 56, 70, 72, 75, 83, 93, 99, 335, 346, 361, 364, 368, 372, 376, 380, 384, 462, 463, 464, 466, 474, 547, 600], "summary": {"covered_lines": 52, "num_statements": 52, "percent_covered": 100.0, "percent_covered_display": "100.00", "missing_lines": 0, "excluded_lines": 0, "percent_statements_covered": 100.0, "percent_statements_covered_display": "100.00"}, "missing_lines": [], "excluded_lines": []}}, "classes": {"FieldType": {"executed_lines": [], "summary": {"covered_lines": 0, "num_statements": 0, "percent_covered": 100.0, "percent_covered_display": "100.00", "missing_lines": 0, "excluded_lines": 0, "percent_statements_covered": 100.0, "percent_statements_covered_display": "100.00"}, "missing_lines": [], "excluded_lines": []}, "FieldDef": {"executed_lines": [], "summary": {"covered_lines": 0, "num_statements": 0, "percent_covered": 100.0, "percent_covered_display": "100.00", "missing_lines": 0, "excluded_lines": 0, "percent_statements_covered": 100.0, "percent_statements_covered_display": "100.00"}, "missing_lines": [], "excluded_lines": []}, "SchemaError": {"executed_lines": [], "summary": {"covered_lines": 0, "num_statements": 0, "percent_covered": 100.0, "percent_covered_display": "100.00", "missing_lines": 0, "excluded_lines": 0, "percent_statements_covered": 100.0, "percent_statements_covered_display": "100.00"}, "missing_lines": [], "excluded_lines": []}, "": {"executed_lines": [1, 9, 10, 11, 13, 14, 15, 16, 17, 18, 19, 20, 22, 23, 24, 25, 26, 27, 28, 31, 32, 33, 36, 37, 38, 39, 42, 43, 46, 47, 50, 51, 56, 70, 72, 75, 76, 77, 78, 79, 80, 83, 84, 86, 87, 89, 90, 93, 99, 335, 346, 352, 353, 354, 355, 357, 358, 361, 364, 368, 370, 372, 374, 376, 378, 380, 384, 393, 394, 397, 398, 401, 402, 405, 406, 407, 410, 411, 413, 414, 415, 419, 420, 421, 425, 426, 427, 428, 429, 430, 431, 433, 434, 437, 438, 439, 441, 443, 444, 445, 446, 447, 448, 449, 450, 452, 454, 455, 457, 462, 463, 464, 466, 474, 487, 488, 489, 491, 494, 495, 497, 498, 499, 505, 506, 507, 508, 511, 517, 519, 522, 527, 528, 529, 530, 533, 534, 538, 539, 540, 541, 544, 547, 557, 558, 561, 562, 564, 565, 566, 571, 572, 573, 574, 576, 577, 578, 579, 581, 584, 585, 588, 590, 592, 595, 597, 600, 606, 607, 609, 610, 611, 612, 616, 620, 621, 622, 623, 624, 627, 628, 630], "summary": {"covered_lines": 179, "num_statements": 203, "percent_covered": 88.17733990147784, "percent_covered_display": "88.18", "missing_lines": 24, "excluded_lines": 0, "percent_statements_covered": 88.17733990147784, "percent_statements_covered_display": "88.18"}, "missing_lines": [85, 88, 382, 399, 412, 416, 422, 471, 472, 500, 501, 502, 523, 524, 535, 542, 545, 567, 568, 625, 631, 632, 634, 635], "excluded_lines": []}}}, "src\\data\\__init__.py": {"executed_lines": [1], "summary": {"covered_lines": 0, "num_statements": 0, "percent_covered": 100.0, "percent_covered_display": "100.00", "missing_lines": 0, "excluded_lines": 0, "percent_statements_covered": 100.0, "percent_statements_covered_display": "100.00"}, "missing_lines": [], "excluded_lines": [], "functions": {"": {"executed_lines": [1], "summary": {"covered_lines": 0, "num_statements": 0, "percent_covered": 100.0, "percent_covered_display": "100.00", "missing_lines": 0, "excluded_lines": 0, "percent_statements_covered": 100.0, "percent_statements_covered_display": "100.00"}, "missing_lines": [], "excluded_lines": []}}, "classes": {"": {"executed_lines": [1], "summary": {"covered_lines": 0, "num_statements": 0, "percent_covered": 100.0, "percent_covered_display": "100.00", "missing_lines": 0, "excluded_lines": 0, "percent_statements_covered": 100.0, "percent_statements_covered_display": "100.00"}, "missing_lines": [], "excluded_lines": []}}}, "src\\data\\database.py": {"executed_lines": [1, 2, 3, 4, 5, 8, 9, 11, 12, 13, 15, 16, 18, 19, 20, 21, 22, 23, 24, 25, 26, 28, 30, 32, 33, 36, 44, 45, 51, 65, 78, 88, 96, 97, 103, 116, 127, 137, 148, 160, 170, 181, 191], "summary": {"covered_lines": 41, "num_statements": 41, "percent_covered": 100.0, "percent_covered_display": "100.00", "missing_lines": 0, "excluded_lines": 0, "percent_statements_covered": 100.0, "percent_statements_covered_display": "100.00"}, "missing_lines": [], "excluded_lines": [], "functions": {"BaseRepository.__init__": {"executed_lines": [12, 13], "summary": {"covered_lines": 2, "num_statements": 2, "percent_covered": 100.0, "percent_covered_display": "100.00", "missing_lines": 0, "excluded_lines": 0, "percent_statements_covered": 100.0, "percent_statements_covered_display": "100.00"}, "missing_lines": [], "excluded_lines": []}, "BaseRepository.get_connection": {"executed_lines": [18, 19, 20, 21, 22, 23, 24, 25, 26, 28], "summary": {"covered_lines": 10, "num_statements": 10, "percent_covered": 100.0, "percent_covered_display": "100.00", "missing_lines": 0, "excluded_lines": 0, "percent_statements_covered": 100.0, "percent_statements_covered_display": "100.00"}, "missing_lines": [], "excluded_lines": []}, "BaseRepository._ensure_schema": {"executed_lines": [32, 33, 36, 44, 45, 51, 65, 78, 88, 96, 97, 103, 116, 127, 137, 148, 160, 170, 181, 191], "summary": {"covered_lines": 20, "num_statements": 20, "percent_covered": 100.0, "percent_covered_display": "100.00", "missing_lines": 0, "excluded_lines": 0, "percent_statements_covered": 100.0, "percent_statements_covered_display": "100.00"}, "missing_lines": [], "excluded_lines": []}, "": {"executed_lines": [1, 2, 3, 4, 5, 8, 9, 11, 15, 16, 30], "summary": {"covered_lines": 9, "num_statements": 9, "percent_covered": 100.0, "percent_covered_display": "100.00", "missing_lines": 0, "excluded_lines": 0, "percent_statements_covered": 100.0, "percent_statements_covered_display": "100.00"}, "missing_lines": [], "excluded_lines": []}}, "classes": {"BaseRepository": {"executed_lines": [12, 13, 18, 19, 20, 21, 22, 23, 24, 25, 26, 28, 32, 33, 36, 44, 45, 51, 65, 78, 88, 96, 97, 103, 116, 127, 137, 148, 160, 170, 181, 191], "summary": {"covered_lines": 32, "num_statements": 32, "percent_covered": 100.0, "percent_covered_display": "100.00", "missing_lines": 0, "excluded_lines": 0, "percent_statements_covered": 100.0, "percent_statements_covered_display": "100.00"}, "missing_lines": [], "excluded_lines": []}, "": {"executed_lines": [1, 2, 3, 4, 5, 8, 9, 11, 15, 16, 30], "summary": {"covered_lines": 9, "num_statements": 9, "percent_covered": 100.0, "percent_covered_display": "100.00", "missing_lines": 0, "excluded_lines": 0, "percent_statements_covered": 100.0, "percent_statements_covered_display": "100.00"}, "missing_lines": [], "excluded_lines": []}}}, "src\\data\\database_config.py": {"executed_lines": [1, 2, 3, 6, 7, 9, 10, 12, 13, 15, 16, 17, 18], "summary": {"covered_lines": 11, "num_statements": 11, "percent_covered": 100.0, "percent_covered_display": "100.00", "missing_lines": 0, "excluded_lines": 0, "percent_statements_covered": 100.0, "percent_statements_covered_display": "100.00"}, "missing_lines": [], "excluded_lines": [], "functions": {"DatabaseConfig.get_database_path": {"executed_lines": [15, 16, 17, 18], "summary": {"covered_lines": 4, "num_statements": 4, "percent_covered": 100.0, "percent_covered_display": "100.00", "missing_lines": 0, "excluded_lines": 0, "percent_statements_covered": 100.0, "percent_statements_covered_display": "100.00"}, "missing_lines": [], "excluded_lines": []}, "": {"executed_lines": [1, 2, 3, 6, 7, 9, 10, 12, 13], "summary": {"covered_lines": 7, "num_statements": 7, "percent_covered": 100.0, "percent_covered_display": "100.00", "missing_lines": 0, "excluded_lines": 0, "percent_statements_covered": 100.0, "percent_statements_covered_display": "100.00"}, "missing_lines": [], "excluded_lines": []}}, "classes": {"DatabaseConfig": {"executed_lines": [15, 16, 17, 18], "summary": {"covered_lines": 4, "num_statements": 4, "percent_covered": 100.0, "percent_covered_display": "100.00", "missing_lines": 0, "excluded_lines": 0, "percent_statements_covered": 100.0, "percent_statements_covered_display": "100.00"}, "missing_lines": [], "excluded_lines": []}, "": {"executed_lines": [1, 2, 3, 6, 7, 9, 10, 12, 13], "summary": {"covered_lines": 7, "num_statements": 7, "percent_covered": 100.0, "percent_covered_display": "100.00", "missing_lines": 0, "excluded_lines": 0, "percent_statements_covered": 100.0, "percent_statements_covered_display": "100.00"}, "missing_lines": [], "excluded_lines": []}}}, "src\\data\\models\\__init__.py": {"executed_lines": [1, 2, 3, 4, 6], "summary": {"covered_lines": 4, "num_statements": 4, "percent_covered": 100.0, "percent_covered_display": "100.00", "missing_lines": 0, "excluded_lines": 0, "percent_statements_covered": 100.0, "percent_statements_covered_display": "100.00"}, "missing_lines": [], "excluded_lines": [], "functions": {"": {"executed_lines": [1, 2, 3, 4, 6], "summary": {"covered_lines": 4, "num_statements": 4, "percent_covered": 100.0, "percent_covered_display": "100.00", "missing_lines": 0, "excluded_lines": 0, "percent_statements_covered": 100.0, "percent_statements_covered_display": "100.00"}, "missing_lines": [], "excluded_lines": []}}, "classes": {"": {"executed_lines": [1, 2, 3, 4, 6], "summary": {"covered_lines": 4, "num_statements": 4, "percent_covered": 100.0, "percent_covered_display": "100.00", "missing_lines": 0, "excluded_lines": 0, "percent_statements_covered": 100.0, "percent_statements_covered_display": "100.00"}, "missing_lines": [], "excluded_lines": []}}}, "src\\data\\models\\album.py": {"executed_lines": [1, 2, 4, 5, 6, 7, 8, 9, 10, 11, 14, 16, 17, 22], "summary": {"covered_lines": 13, "num_statements": 13, "percent_covered": 100.0, "percent_covered_display": "100.00", "missing_lines": 0, "excluded_lines": 0, "percent_statements_covered": 100.0, "percent_statements_covered_display": "100.00"}, "missing_lines": [], "excluded_lines": [], "functions": {"Album.from_row": {"executed_lines": [22], "summary": {"covered_lines": 1, "num_statements": 1, "percent_covered": 100.0, "percent_covered_display": "100.00", "missing_lines": 0, "excluded_lines": 0, "percent_statements_covered": 100.0, "percent_statements_covered_display": "100.00"}, "missing_lines": [], "excluded_lines": []}, "": {"executed_lines": [1, 2, 4, 5, 6, 7, 8, 9, 10, 11, 14, 16, 17], "summary": {"covered_lines": 12, "num_statements": 12, "percent_covered": 100.0, "percent_covered_display": "100.00", "missing_lines": 0, "excluded_lines": 0, "percent_statements_covered": 100.0, "percent_statements_covered_display": "100.00"}, "missing_lines": [], "excluded_lines": []}}, "classes": {"Album": {"executed_lines": [22], "summary": {"covered_lines": 1, "num_statements": 1, "percent_covered": 100.0, "percent_covered_display": "100.00", "missing_lines": 0, "excluded_lines": 0, "percent_statements_covered": 100.0, "percent_statements_covered_display": "100.00"}, "missing_lines": [], "excluded_lines": []}, "": {"executed_lines": [1, 2, 4, 5, 6, 7, 8, 9, 10, 11, 14, 16, 17], "summary": {"covered_lines": 12, "num_statements": 12, "percent_covered": 100.0, "percent_covered_display": "100.00", "missing_lines": 0, "excluded_lines": 0, "percent_statements_covered": 100.0, "percent_statements_covered_display": "100.00"}, "missing_lines": [], "excluded_lines": []}}}, "src\\data\\models\\contributor.py": {"executed_lines": [1, 2, 3, 6, 7, 8, 10, 11, 12, 14, 16, 17], "summary": {"covered_lines": 10, "num_statements": 10, "percent_covered": 100.0, "percent_covered_display": "100.00", "missing_lines": 0, "excluded_lines": 0, "percent_statements_covered": 100.0, "percent_statements_covered_display": "100.00"}, "missing_lines": [], "excluded_lines": [], "functions": {"Contributor.__post_init__": {"executed_lines": [16, 17], "summary": {"covered_lines": 2, "num_statements": 2, "percent_covered": 100.0, "percent_covered_display": "100.00", "missing_lines": 0, "excluded_lines": 0, "percent_statements_covered": 100.0, "percent_statements_covered_display": "100.00"}, "missing_lines": [], "excluded_lines": []}, "": {"executed_lines": [1, 2, 3, 6, 7, 8, 10, 11, 12, 14], "summary": {"covered_lines": 8, "num_statements": 8, "percent_covered": 100.0, "percent_covered_display": "100.00", "missing_lines": 0, "excluded_lines": 0, "percent_statements_covered": 100.0, "percent_statements_covered_display": "100.00"}, "missing_lines": [], "excluded_lines": []}}, "classes": {"Contributor": {"executed_lines": [16, 17], "summary": {"covered_lines": 2, "num_statements": 2, "percent_covered": 100.0, "percent_covered_display": "100.00", "missing_lines": 0, "excluded_lines": 0, "percent_statements_covered": 100.0, "percent_statements_covered_display": "100.00"}, "missing_lines": [], "excluded_lines": []}, "": {"executed_lines": [1, 2, 3, 6, 7, 8, 10, 11, 12, 14], "summary": {"covered_lines": 8, "num_statements": 8, "percent_covered": 100.0, "percent_covered_display": "100.00", "missing_lines": 0, "excluded_lines": 0, "percent_statements_covered": 100.0, "percent_statements_covered_display": "100.00"}, "missing_lines": [], "excluded_lines": []}}}, "src\\data\\models\\contributor_alias.py": {"executed_lines": [], "summary": {"covered_lines": 0, "num_statements": 7, "percent_covered": 0.0, "percent_covered_display": "0.00", "missing_lines": 7, "excluded_lines": 0, "percent_statements_covered": 0.0, "percent_statements_covered_display": "0.00"}, "missing_lines": [2, 3, 6, 7, 10, 11, 12], "excluded_lines": [], "functions": {"": {"executed_lines": [], "summary": {"covered_lines": 0, "num_statements": 7, "percent_covered": 0.0, "percent_covered_display": "0.00", "missing_lines": 7, "excluded_lines": 0, "percent_statements_covered": 0.0, "percent_statements_covered_display": "0.00"}, "missing_lines": [2, 3, 6, 7, 10, 11, 12], "excluded_lines": []}}, "classes": {"ContributorAlias": {"executed_lines": [], "summary": {"covered_lines": 0, "num_statements": 0, "percent_covered": 100.0, "percent_covered_display": "100.00", "missing_lines": 0, "excluded_lines": 0, "percent_statements_covered": 100.0, "percent_statements_covered_display": "100.00"}, "missing_lines": [], "excluded_lines": []}, "": {"executed_lines": [], "summary": {"covered_lines": 0, "num_statements": 7, "percent_covered": 0.0, "percent_covered_display": "0.00", "missing_lines": 7, "excluded_lines": 0, "percent_statements_covered": 0.0, "percent_statements_covered_display": "0.00"}, "missing_lines": [2, 3, 6, 7, 10, 11, 12], "excluded_lines": []}}}, "src\\data\\models\\media_source.py": {"executed_lines": [1, 2, 3, 6, 7, 8, 10, 11, 12, 13, 14, 15, 16], "summary": {"covered_lines": 11, "num_statements": 11, "percent_covered": 100.0, "percent_covered_display": "100.00", "missing_lines": 0, "excluded_lines": 0, "percent_statements_covered": 100.0, "percent_statements_covered_display": "100.00"}, "missing_lines": [], "excluded_lines": [], "functions": {"": {"executed_lines": [1, 2, 3, 6, 7, 8, 10, 11, 12, 13, 14, 15, 16], "summary": {"covered_lines": 11, "num_statements": 11, "percent_covered": 100.0, "percent_covered_display": "100.00", "missing_lines": 0, "excluded_lines": 0, "percent_statements_covered": 100.0, "percent_statements_covered_display": "100.00"}, "missing_lines": [], "excluded_lines": []}}, "classes": {"MediaSource": {"executed_lines": [], "summary": {"covered_lines": 0, "num_statements": 0, "percent_covered": 100.0, "percent_covered_display": "100.00", "missing_lines": 0, "excluded_lines": 0, "percent_statements_covered": 100.0, "percent_statements_covered_display": "100.00"}, "missing_lines": [], "excluded_lines": []}, "": {"executed_lines": [1, 2, 3, 6, 7, 8, 10, 11, 12, 13, 14, 15, 16], "summary": {"covered_lines": 11, "num_statements": 11, "percent_covered": 100.0, "percent_covered_display": "100.00", "missing_lines": 0, "excluded_lines": 0, "percent_statements_covered": 100.0, "percent_statements_covered_display": "100.00"}, "missing_lines": [], "excluded_lines": []}}}, "src\\data\\models\\publisher.py": {"executed_lines": [1, 2, 4, 5, 6, 7, 8, 10, 11, 12], "summary": {"covered_lines": 10, "num_statements": 10, "percent_covered": 100.0, "percent_covered_display": "100.00", "missing_lines": 0, "excluded_lines": 0, "percent_statements_covered": 100.0, "percent_statements_covered_display": "100.00"}, "missing_lines": [], "excluded_lines": [], "functions": {"Publisher.from_row": {"executed_lines": [12], "summary": {"covered_lines": 1, "num_statements": 1, "percent_covered": 100.0, "percent_covered_display": "100.00", "missing_lines": 0, "excluded_lines": 0, "percent_statements_covered": 100.0, "percent_statements_covered_display": "100.00"}, "missing_lines": [], "excluded_lines": []}, "": {"executed_lines": [1, 2, 4, 5, 6, 7, 8, 10, 11], "summary": {"covered_lines": 9, "num_statements": 9, "percent_covered": 100.0, "percent_covered_display": "100.00", "missing_lines": 0, "excluded_lines": 0, "percent_statements_covered": 100.0, "percent_statements_covered_display": "100.00"}, "missing_lines": [], "excluded_lines": []}}, "classes": {"Publisher": {"executed_lines": [12], "summary": {"covered_lines": 1, "num_statements": 1, "percent_covered": 100.0, "percent_covered_display": "100.00", "missing_lines": 0, "excluded_lines": 0, "percent_statements_covered": 100.0, "percent_statements_covered_display": "100.00"}, "missing_lines": [], "excluded_lines": []}, "": {"executed_lines": [1, 2, 4, 5, 6, 7, 8, 10, 11], "summary": {"covered_lines": 9, "num_statements": 9, "percent_covered": 100.0, "percent_covered_display": "100.00", "missing_lines": 0, "excluded_lines": 0, "percent_statements_covered": 100.0, "percent_statements_covered_display": "100.00"}, "missing_lines": [], "excluded_lines": []}}}, "src\\data\\models\\role.py": {"executed_lines": [1, 2, 3, 4, 7, 8, 9, 10, 11, 12, 15, 16, 17, 19, 20], "summary": {"covered_lines": 12, "num_statements": 12, "percent_covered": 100.0, "percent_covered_display": "100.00", "missing_lines": 0, "excluded_lines": 0, "percent_statements_covered": 100.0, "percent_statements_covered_display": "100.00"}, "missing_lines": [], "excluded_lines": [], "functions": {"": {"executed_lines": [1, 2, 3, 4, 7, 8, 9, 10, 11, 12, 15, 16, 17, 19, 20], "summary": {"covered_lines": 12, "num_statements": 12, "percent_covered": 100.0, "percent_covered_display": "100.00", "missing_lines": 0, "excluded_lines": 0, "percent_statements_covered": 100.0, "percent_statements_covered_display": "100.00"}, "missing_lines": [], "excluded_lines": []}}, "classes": {"RoleType": {"executed_lines": [], "summary": {"covered_lines": 0, "num_statements": 0, "percent_covered": 100.0, "percent_covered_display": "100.00", "missing_lines": 0, "excluded_lines": 0, "percent_statements_covered": 100.0, "percent_statements_covered_display": "100.00"}, "missing_lines": [], "excluded_lines": []}, "Role": {"executed_lines": [], "summary": {"covered_lines": 0, "num_statements": 0, "percent_covered": 100.0, "percent_covered_display": "100.00", "missing_lines": 0, "excluded_lines": 0, "percent_statements_covered": 100.0, "percent_statements_covered_display": "100.00"}, "missing_lines": [], "excluded_lines": []}, "": {"executed_lines": [1, 2, 3, 4, 7, 8, 9, 10, 11, 12, 15, 16, 17, 19, 20], "summary": {"covered_lines": 12, "num_statements": 12, "percent_covered": 100.0, "percent_covered_display": "100.00", "missing_lines": 0, "excluded_lines": 0, "percent_statements_covered": 100.0, "percent_statements_covered_display": "100.00"}, "missing_lines": [], "excluded_lines": []}}}, "src\\data\\models\\song.py": {"executed_lines": [1, 2, 3, 6, 7, 8, 11, 12, 13, 15, 16, 17, 18, 19, 20, 23, 24, 25, 26, 27, 29, 30, 39, 40, 41, 44, 45, 47, 48, 49, 54, 61, 64, 66, 67, 69, 72, 73, 74, 80, 83, 84, 85, 88, 90, 92, 93, 94, 95, 96, 97, 99, 100, 102, 104, 105, 107, 109, 110, 112, 114, 115, 119, 120, 122, 124, 125, 127, 129, 131, 132, 133, 135, 137, 139, 140, 144, 146, 147, 148, 149], "summary": {"covered_lines": 80, "num_statements": 87, "percent_covered": 91.95402298850574, "percent_covered_display": "91.95", "missing_lines": 7, "excluded_lines": 0, "percent_statements_covered": 91.95402298850574, "percent_statements_covered_display": "91.95"}, "missing_lines": [50, 51, 76, 77, 86, 117, 142], "excluded_lines": [], "functions": {"Song.from_row": {"executed_lines": [39, 40, 41, 44, 45, 47, 48, 49, 54, 61, 64, 66, 67, 69, 72, 73, 74, 80, 83, 84, 85, 88], "summary": {"covered_lines": 22, "num_statements": 27, "percent_covered": 81.48148148148148, "percent_covered_display": "81.48", "missing_lines": 5, "excluded_lines": 0, "percent_statements_covered": 81.48148148148148, "percent_statements_covered_display": "81.48"}, "missing_lines": [50, 51, 76, 77, 86], "excluded_lines": []}, "Song.__post_init__": {"executed_lines": [92, 93, 94, 95, 96, 97], "summary": {"covered_lines": 6, "num_statements": 6, "percent_covered": 100.0, "percent_covered_display": "100.00", "missing_lines": 0, "excluded_lines": 0, "percent_statements_covered": 100.0, "percent_statements_covered_display": "100.00"}, "missing_lines": [], "excluded_lines": []}, "Song.title": {"executed_lines": [107], "summary": {"covered_lines": 1, "num_statements": 1, "percent_covered": 100.0, "percent_covered_display": "100.00", "missing_lines": 0, "excluded_lines": 0, "percent_statements_covered": 100.0, "percent_statements_covered_display": "100.00"}, "missing_lines": [], "excluded_lines": []}, "Song.path": {"executed_lines": [], "summary": {"covered_lines": 0, "num_statements": 1, "percent_covered": 0.0, "percent_covered_display": "0.00", "missing_lines": 1, "excluded_lines": 0, "percent_statements_covered": 0.0, "percent_statements_covered_display": "0.00"}, "missing_lines": [117], "excluded_lines": []}, "Song.file_id": {"executed_lines": [127], "summary": {"covered_lines": 1, "num_statements": 1, "percent_covered": 100.0, "percent_covered_display": "100.00", "missing_lines": 0, "excluded_lines": 0, "percent_statements_covered": 100.0, "percent_statements_covered_display": "100.00"
[...]
red_display": "100.00", "missing_lines": 0, "excluded_lines": 0, "percent_statements_covered": 100.0, "percent_statements_covered_display": "100.00"}, "missing_lines": [], "excluded_lines": []}, "PlaybackControlWidget._sync_crossfade_combo": {"executed_lines": [130, 131, 133, 135, 136, 137, 140, 141, 142, 146], "summary": {"covered_lines": 10, "num_statements": 10, "percent_covered": 100.0, "percent_covered_display": "100.00", "missing_lines": 0, "excluded_lines": 0, "percent_statements_covered": 100.0, "percent_statements_covered_display": "100.00"}, "missing_lines": [], "excluded_lines": []}, "PlaybackControlWidget._on_crossfade_combo_changed": {"executed_lines": [150, 152, 153, 155, 156, 159], "summary": {"covered_lines": 6, "num_statements": 6, "percent_covered": 100.0, "percent_covered_display": "100.00", "missing_lines": 0, "excluded_lines": 0, "percent_statements_covered": 100.0, "percent_statements_covered_display": "100.00"}, "missing_lines": [], "excluded_lines": []}, "PlaybackControlWidget._setup_connections": {"executed_lines": [163, 164, 165, 166, 169, 174, 175, 176, 179, 180], "summary": {"covered_lines": 10, "num_statements": 10, "percent_covered": 100.0, "percent_covered_display": "100.00", "missing_lines": 0, "excluded_lines": 0, "percent_statements_covered": 100.0, "percent_statements_covered_display": "100.00"}, "missing_lines": [], "excluded_lines": []}, "PlaybackControlWidget._on_crossfade_started": {"executed_lines": [], "summary": {"covered_lines": 0, "num_statements": 2, "percent_covered": 0.0, "percent_covered_display": "0.00", "missing_lines": 2, "excluded_lines": 0, "percent_statements_covered": 0.0, "percent_statements_covered_display": "0.00"}, "missing_lines": [183, 184], "excluded_lines": []}, "PlaybackControlWidget._on_crossfade_finished": {"executed_lines": [], "summary": {"covered_lines": 0, "num_statements": 2, "percent_covered": 0.0, "percent_covered_display": "0.00", "missing_lines": 2, "excluded_lines": 0, "percent_statements_covered": 0.0, "percent_statements_covered_display": "0.00"}, "missing_lines": [187, 188], "excluded_lines": []}, "PlaybackControlWidget.set_playlist_count": {"executed_lines": [192, 193], "summary": {"covered_lines": 2, "num_statements": 2, "percent_covered": 100.0, "percent_covered_display": "100.00", "missing_lines": 0, "excluded_lines": 0, "percent_statements_covered": 100.0, "percent_statements_covered_display": "100.00"}, "missing_lines": [], "excluded_lines": []}, "PlaybackControlWidget._update_skip_button_state": {"executed_lines": [197, 198], "summary": {"covered_lines": 2, "num_statements": 2, "percent_covered": 100.0, "percent_covered_display": "100.00", "missing_lines": 0, "excluded_lines": 0, "percent_statements_covered": 100.0, "percent_statements_covered_display": "100.00"}, "missing_lines": [], "excluded_lines": []}, "PlaybackControlWidget.update_play_button_state": {"executed_lines": [201, 202, 204], "summary": {"covered_lines": 3, "num_statements": 3, "percent_covered": 100.0, "percent_covered_display": "100.00", "missing_lines": 0, "excluded_lines": 0, "percent_statements_covered": 100.0, "percent_statements_covered_display": "100.00"}, "missing_lines": [], "excluded_lines": []}, "PlaybackControlWidget.update_duration": {"executed_lines": [207, 208, 209], "summary": {"covered_lines": 3, "num_statements": 3, "percent_covered": 100.0, "percent_covered_display": "100.00", "missing_lines": 0, "excluded_lines": 0, "percent_statements_covered": 100.0, "percent_statements_covered_display": "100.00"}, "missing_lines": [], "excluded_lines": []}, "PlaybackControlWidget.update_position": {"executed_lines": [212, 213, 214, 216, 217, 219, 220], "summary": {"covered_lines": 7, "num_statements": 7, "percent_covered": 100.0, "percent_covered_display": "100.00", "missing_lines": 0, "excluded_lines": 0, "percent_statements_covered": 100.0, "percent_statements_covered_display": "100.00"}, "missing_lines": [], "excluded_lines": []}, "PlaybackControlWidget.update_song_label": {"executed_lines": [223], "summary": {"covered_lines": 1, "num_statements": 1, "percent_covered": 100.0, "percent_covered_display": "100.00", "missing_lines": 0, "excluded_lines": 0, "percent_statements_covered": 100.0, "percent_statements_covered_display": "100.00"}, "missing_lines": [], "excluded_lines": []}, "PlaybackControlWidget._format_time": {"executed_lines": [226, 227, 228, 229], "summary": {"covered_lines": 4, "num_statements": 4, "percent_covered": 100.0, "percent_covered_display": "100.00", "missing_lines": 0, "excluded_lines": 0, "percent_statements_covered": 100.0, "percent_statements_covered_display": "100.00"}, "missing_lines": [], "excluded_lines": []}, "PlaybackControlWidget.set_volume": {"executed_lines": [233], "summary": {"covered_lines": 1, "num_statements": 1, "percent_covered": 100.0, "percent_covered_display": "100.00", "missing_lines": 0, "excluded_lines": 0, "percent_statements_covered": 100.0, "percent_statements_covered_display": "100.00"}, "missing_lines": [], "excluded_lines": []}, "PlaybackControlWidget.get_volume": {"executed_lines": [237], "summary": {"covered_lines": 1, "num_statements": 1, "percent_covered": 100.0, "percent_covered_display": "100.00", "missing_lines": 0, "excluded_lines": 0, "percent_statements_covered": 100.0, "percent_statements_covered_display": "100.00"}, "missing_lines": [], "excluded_lines": []}, "": {"executed_lines": [1, 2, 3, 4, 5, 7, 8, 11, 12, 13, 14, 16, 28, 128, 148, 161, 182, 186, 190, 195, 200, 206, 211, 222, 225, 231, 235], "summary": {"covered_lines": 26, "num_statements": 26, "percent_covered": 100.0, "percent_covered_display": "100.00", "missing_lines": 0, "excluded_lines": 0, "percent_statements_covered": 100.0, "percent_statements_covered_display": "100.00"}, "missing_lines": [], "excluded_lines": []}}, "classes": {"PlaybackControlWidget": {"executed_lines": [17, 18, 19, 22, 23, 25, 26, 29, 30, 33, 34, 35, 36, 37, 38, 41, 43, 44, 45, 46, 47, 48, 50, 52, 66, 68, 69, 70, 71, 73, 74, 75, 78, 80, 81, 82, 90, 91, 93, 94, 96, 98, 99, 100, 103, 104, 106, 107, 108, 109, 110, 111, 112, 115, 117, 118, 120, 121, 122, 124, 125, 126, 130, 131, 133, 135, 136, 137, 140, 141, 142, 146, 150, 152, 153, 155, 156, 159, 163, 164, 165, 166, 169, 174, 175, 176, 179, 180, 192, 193, 197, 198, 201, 202, 204, 207, 208, 209, 212, 213, 214, 216, 217, 219, 220, 223, 226, 227, 228, 229, 233, 237], "summary": {"covered_lines": 112, "num_statements": 116, "percent_covered": 96.55172413793103, "percent_covered_display": "96.55", "missing_lines": 4, "excluded_lines": 0, "percent_statements_covered": 96.55172413793103, "percent_statements_covered_display": "96.55"}, "missing_lines": [183, 184, 187, 188], "excluded_lines": []}, "": {"executed_lines": [1, 2, 3, 4, 5, 7, 8, 11, 12, 13, 14, 16, 28, 128, 148, 161, 182, 186, 190, 195, 200, 206, 211, 222, 225, 231, 235], "summary": {"covered_lines": 26, "num_statements": 26, "percent_covered": 100.0, "percent_covered_display": "100.00", "missing_lines": 0, "excluded_lines": 0, "percent_statements_covered": 100.0, "percent_statements_covered_display": "100.00"}, "missing_lines": [], "excluded_lines": []}}}, "src\\presentation\\widgets\\playlist_widget.py": {"executed_lines": [1, 2, 3, 4, 5, 6, 9, 10, 12, 13, 14, 15, 17, 19, 21, 24, 32, 33, 35, 38, 39, 40, 41, 42, 44, 45, 46, 49, 50, 51, 53, 55, 56, 63, 67, 72, 73, 74, 80, 81, 87, 89, 91, 93, 96, 97, 99, 100, 101, 102, 103, 104, 105, 106, 107, 109, 135, 137, 138, 140, 141, 142, 143, 144, 145, 146, 147, 149, 150, 152, 153, 154, 158, 160, 161, 163, 164, 165, 166, 167, 169, 170, 172, 173, 175, 177, 178, 180, 182, 184, 185, 186, 188, 189, 191, 193, 194, 195, 196, 199, 200, 203, 204, 205, 206, 207, 208, 209, 211, 212, 213, 214, 216, 217, 218, 220, 221, 223, 225, 226, 227, 229, 230, 231, 233, 234, 235, 237, 238, 240], "summary": {"covered_lines": 127, "num_statements": 146, "percent_covered": 86.98630136986301, "percent_covered_display": "86.99", "missing_lines": 19, "excluded_lines": 0, "percent_statements_covered": 86.98630136986301, "percent_statements_covered_display": "86.99"}, "missing_lines": [111, 112, 113, 115, 117, 119, 120, 121, 122, 124, 125, 126, 128, 129, 130, 131, 133, 156, 201], "excluded_lines": [], "functions": {"PlaylistItemDelegate.__init__": {"executed_lines": [13, 14, 15], "summary": {"covered_lines": 3, "num_statements": 3, "percent_covered": 100.0, "percent_covered_display": "100.00", "missing_lines": 0, "excluded_lines": 0, "percent_statements_covered": 100.0, "percent_statements_covered_display": "100.00"}, "missing_lines": [], "excluded_lines": []}, "PlaylistItemDelegate.paint": {"executed_lines": [21, 24, 32, 33, 35, 38, 39, 40, 41, 42, 44, 45, 46, 49, 50, 51, 53, 55, 56, 63, 67, 72, 73, 74, 80, 81, 87], "summary": {"covered_lines": 27, "num_statements": 27, "percent_covered": 100.0, "percent_covered_display": "100.00", "missing_lines": 0, "excluded_lines": 0, "percent_statements_covered": 100.0, "percent_statements_covered_display": "100.00"}, "missing_lines": [], "excluded_lines": []}, "PlaylistItemDelegate.sizeHint": {"executed_lines": [91, 93], "summary": {"covered_lines": 2, "num_statements": 2, "percent_covered": 100.0, "percent_covered_display": "100.00", "missing_lines": 0, "excluded_lines": 0, "percent_statements_covered": 100.0, "percent_statements_covered_display": "100.00"}, "missing_lines": [], "excluded_lines": []}, "PlaylistWidget.__init__": {"executed_lines": [100, 101, 102, 103, 104, 105, 106, 107], "summary": {"covered_lines": 8, "num_statements": 8, "percent_covered": 100.0, "percent_covered_display": "100.00", "missing_lines": 0, "excluded_lines": 0, "percent_statements_covered": 100.0, "percent_statements_covered_display": "100.00"}, "missing_lines": [], "excluded_lines": []}, "PlaylistWidget.mimeData": {"executed_lines": [], "summary": {"covered_lines": 0, "num_statements": 17, "percent_covered": 0.0, "percent_covered_display": "0.00", "missing_lines": 17, "excluded_lines": 0, "percent_statements_covered": 0.0, "percent_statements_covered_display": "0.00"}, "missing_lines": [111, 112, 113, 115, 117, 119, 120, 121, 122, 124, 125, 126, 128, 129, 130, 131, 133], "excluded_lines": []}, "PlaylistWidget.dragEnterEvent": {"executed_lines": [137, 138, 140, 141, 142, 143, 144, 145, 146, 147, 149, 150, 152, 153, 154], "summary": {"covered_lines": 15, "num_statements": 16, "percent_covered": 93.75, "percent_covered_display": "93.75", "missing_lines": 1, "excluded_lines": 0, "percent_statements_covered": 93.75, "percent_statements_covered_display": "93.75"}, "missing_lines": [156], "excluded_lines": []}, "PlaylistWidget.dragMoveEvent": {"executed_lines": [160, 161, 163, 164, 165, 166, 167, 169, 170, 172, 173], "summary": {"covered_lines": 11, "num_statements": 11, "percent_covered": 100.0, "percent_covered_display": "100.00", "missing_lines": 0, "excluded_lines": 0, "percent_statements_covered": 100.0, "percent_statements_covered_display": "100.00"}, "missing_lines": [], "excluded_lines": []}, "PlaylistWidget.dragLeaveEvent": {"executed_lines": [177, 178], "summary": {"covered_lines": 2, "num_statements": 2, "percent_covered": 100.0, "percent_covered_display": "100.00", "missing_lines": 0, "excluded_lines": 0, "percent_statements_covered": 100.0, "percent_statements_covered_display": "100.00"}, "missing_lines": [], "excluded_lines": []}, "PlaylistWidget.dropEvent": {"executed_lines": [182, 184, 185, 186, 188, 189, 191, 193, 194, 195, 196, 199, 200, 203, 204, 205, 206, 207, 208, 209, 211, 212, 213, 214, 216, 217, 218, 220, 221], "summary": {"covered_lines": 29, "num_statements": 30, "percent_covered": 96.66666666666667, "percent_covered_display": "96.67", "missing_lines": 1, "excluded_lines": 0, "percent_statements_covered": 96.66666666666667, "percent_statements_covered_display": "96.67"}, "missing_lines": [201], "excluded_lines": []}, "PlaylistWidget.paintEvent": {"executed_lines": [225, 226, 227, 229, 230, 231, 233, 234, 235, 237, 238, 240], "summary": {"covered_lines": 12, "num_statements": 12, "percent_covered": 100.0, "percent_covered_display": "100.00", "missing_lines": 0, "excluded_lines": 0, "percent_statements_covered": 100.0, "percent_statements_covered_display": "100.00"}, "missing_lines": [], "excluded_lines": []}, "": {"executed_lines": [1, 2, 3, 4, 5, 6, 9, 10, 12, 17, 19, 89, 96, 97, 99, 109, 135, 158, 175, 180, 223], "summary": {"covered_lines": 18, "num_statements": 18, "percent_covered": 100.0, "percent_covered_display": "100.00", "missing_lines": 0, "excluded_lines": 0, "percent_statements_covered": 100.0, "percent_statements_covered_display": "100.00"}, "missing_lines": [], "excluded_lines": []}}, "classes": {"PlaylistItemDelegate": {"executed_lines": [13, 14, 15, 21, 24, 32, 33, 35, 38, 39, 40, 41, 42, 44, 45, 46, 49, 50, 51, 53, 55, 56, 63, 67, 72, 73, 74, 80, 81, 87, 91, 93], "summary": {"covered_lines": 32, "num_statements": 32, "percent_covered": 100.0, "percent_covered_display": "100.00", "missing_lines": 0, "excluded_lines": 0, "percent_statements_covered": 100.0, "percent_statements_covered_display": "100.00"}, "missing_lines": [], "excluded_lines": []}, "PlaylistWidget": {"executed_lines": [100, 101, 102, 103, 104, 105, 106, 107, 137, 138, 140, 141, 142, 143, 144, 145, 146, 147, 149, 150, 152, 153, 154, 160, 161, 163, 164, 165, 166, 167, 169, 170, 172, 173, 177, 178, 182, 184, 185, 186, 188, 189, 191, 193, 194, 195, 196, 199, 200, 203, 204, 205, 206, 207, 208, 209, 211, 212, 213, 214, 216, 217, 218, 220, 221, 225, 226, 227, 229, 230, 231, 233, 234, 235, 237, 238, 240], "summary": {"covered_lines": 77, "num_statements": 96, "percent_covered": 80.20833333333333, "percent_covered_display": "80.21", "missing_lines": 19, "excluded_lines": 0, "percent_statements_covered": 80.20833333333333, "percent_statements_covered_display": "80.21"}, "missing_lines": [111, 112, 113, 115, 117, 119, 120, 121, 122, 124, 125, 126, 128, 129, 130, 131, 133, 156, 201], "excluded_lines": []}, "": {"executed_lines": [1, 2, 3, 4, 5, 6, 9, 10, 12, 17, 19, 89, 96, 97, 99, 109, 135, 158, 175, 180, 223], "summary": {"covered_lines": 18, "num_statements": 18, "percent_covered": 100.0, "percent_covered_display": "100.00", "missing_lines": 0, "excluded_lines": 0, "percent_statements_covered": 100.0, "percent_statements_covered_display": "100.00"}, "missing_lines": [], "excluded_lines": []}}}, "src\\presentation\\widgets\\seek_slider.py": {"executed_lines": [1, 2, 3, 4, 7, 10, 11, 13, 15, 16, 17, 18, 19, 21, 23, 24, 25, 27, 29, 31, 32, 34, 36, 37, 39, 41, 42, 43, 44, 45, 46, 48, 50, 52, 53, 55, 56, 57, 58, 60, 61, 62, 63, 65, 67, 68, 69, 71, 73, 74, 75, 76], "summary": {"covered_lines": 50, "num_statements": 50, "percent_covered": 100.0, "percent_covered_display": "100.00", "missing_lines": 0, "excluded_lines": 0, "percent_statements_covered": 100.0, "percent_statements_covered_display": "100.00"}, "missing_lines": [], "excluded_lines": [], "functions": {"SeekSlider.__init__": {"executed_lines": [16, 17, 18, 19], "summary": {"covered_lines": 4, "num_statements": 4, "percent_covered": 100.0, "percent_covered_display": "100.00", "missing_lines": 0, "excluded_lines": 0, "percent_statements_covered": 100.0, "percent_statements_covered_display": "100.00"}, "missing_lines": [], "excluded_lines": []}, "SeekSlider.updateDuration": {"executed_lines": [23, 24, 25, 27], "summary": {"covered_lines": 4, "num_statements": 4, "percent_covered": 100.0, "percent_covered_display": "100.00", "missing_lines": 0, "excluded_lines": 0, "percent_statements_covered": 100.0, "percent_statements_covered_display": "100.00"}, "missing_lines": [], "excluded_lines": []}, "SeekSlider.enterEvent": {"executed_lines": [31, 32], "summary": {"covered_lines": 2, "num_statements": 2, "percent_covered": 100.0, "percent_covered_display": "100.00", "missing_lines": 0, "excluded_lines": 0, "percent_statements_covered": 100.0, "percent_statements_covered_display": "100.00"}, "missing_lines": [], "excluded_lines": []}, "SeekSlider.mouseMoveEvent": {"executed_lines": [36, 37], "summary": {"covered_lines": 2, "num_statements": 2, "percent_covered": 100.0, "percent_covered_display": "100.00", "missing_lines": 0, "excluded_lines": 0, "percent_statements_covered": 100.0, "percent_statements_covered_display": "100.00"}, "missing_lines": [], "excluded_lines": []}, "SeekSlider.mousePressEvent": {"executed_lines": [41, 42, 43, 44, 45, 46, 48], "summary": {"covered_lines": 7, "num_statements": 7, "percent_covered": 100.0, "percent_covered_display": "100.00", "missing_lines": 0, "excluded_lines": 0, "percent_statements_covered": 100.0, "percent_statements_covered_display": "100.00"}, "missing_lines": [], "excluded_lines": []}, "SeekSlider._update_tooltip": {"executed_lines": [52, 53, 55, 56, 57, 58, 60, 61, 62, 63, 65, 67, 68, 69], "summary": {"covered_lines": 14, "num_statements": 14, "percent_covered": 100.0, "percent_covered_display": "100.00", "missing_lines": 0, "excluded_lines": 0, "percent_statements_covered": 100.0, "percent_statements_covered_display": "100.00"}, "missing_lines": [], "excluded_lines": []}, "SeekSlider.sizeHint": {"executed_lines": [73, 74, 75, 76], "summary": {"covered_lines": 4, "num_statements": 4, "percent_covered": 100.0, "percent_covered_display": "100.00", "missing_lines": 0, "excluded_lines": 0, "percent_statements_covered": 100.0, "percent_statements_covered_display": "100.00"}, "missing_lines": [], "excluded_lines": []}, "": {"executed_lines": [1, 2, 3, 4, 7, 10, 11, 13, 15, 21, 29, 34, 39, 50, 71], "summary": {"covered_lines": 13, "num_statements": 13, "percent_covered": 100.0, "percent_covered_display": "100.00", "missing_lines": 0, "excluded_lines": 0, "percent_statements_covered": 100.0, "percent_statements_covered_display": "100.00"}, "missing_lines": [], "excluded_lines": []}}, "classes": {"SeekSlider": {"executed_lines": [16, 17, 18, 19, 23, 24, 25, 27, 31, 32, 36, 37, 41, 42, 43, 44, 45, 46, 48, 52, 53, 55, 56, 57, 58, 60, 61, 62, 63, 65, 67, 68, 69, 73, 74, 75, 76], "summary": {"covered_lines": 37, "num_statements": 37, "percent_covered": 100.0, "percent_covered_display": "100.00", "missing_lines": 0, "excluded_lines": 0, "percent_statements_covered": 100.0, "percent_statements_covered_display": "100.00"}, "missing_lines": [], "excluded_lines": []}, "": {"executed_lines": [1, 2, 3, 4, 7, 10, 11, 13, 15, 21, 29, 34, 39, 50, 71], "summary": {"covered_lines": 13, "num_statements": 13, "percent_covered": 100.0, "percent_covered_display": "100.00", "missing_lines": 0, "excluded_lines": 0, "percent_statements_covered": 100.0, "percent_statements_covered_display": "100.00"}, "missing_lines": [], "excluded_lines": []}}}, "src\\resources\\constants.py": {"executed_lines": [1, 4, 5, 6, 7, 10, 11, 14, 17], "summary": {"covered_lines": 8, "num_statements": 8, "percent_covered": 100.0, "percent_covered_display": "100.00", "missing_lines": 0, "excluded_lines": 0, "percent_statements_covered": 100.0, "percent_statements_covered_display": "100.00"}, "missing_lines": [], "excluded_lines": [], "functions": {"": {"executed_lines": [1, 4, 5, 6, 7, 10, 11, 14, 17], "summary": {"covered_lines": 8, "num_statements": 8, "percent_covered": 100.0, "percent_covered_display": "100.00", "missing_lines": 0, "excluded_lines": 0, "percent_statements_covered": 100.0, "percent_statements_covered_display": "100.00"}, "missing_lines": [], "excluded_lines": []}}, "classes": {"": {"executed_lines": [1, 4, 5, 6, 7, 10, 11, 14, 17], "summary": {"covered_lines": 8, "num_statements": 8, "percent_covered": 100.0, "percent_covered_display": "100.00", "missing_lines": 0, "excluded_lines": 0, "percent_statements_covered": 100.0, "percent_statements_covered_display": "100.00"}, "missing_lines": [], "excluded_lines": []}}}}, "totals": {"covered_lines": 2673, "num_statements": 3156, "percent_covered": 84.69581749049429, "percent_covered_display": "84.70", "missing_lines": 483, "excluded_lines": 2, "percent_statements_covered": 84.69581749049429, "percent_statements_covered_display": "84.70"}}