============================= test session starts =============================
platform win32 -- Python 3.14.0, pytest-9.0.2, pluggy-1.6.0 -- C:\Users\prodo\Antigrav projects\Gosling2\Gosling2\.venv\Scripts\python.exe
cachedir: .pytest_cache
PyQt6 6.10.1 -- Qt runtime 6.10.1 -- Qt compiled 6.10.0
rootdir: C:\Users\prodo\Antigrav projects\Gosling2\Gosling2
configfile: pyproject.toml
plugins: cov-7.0.0, qt-4.5.0
collecting ... collected 6 items

tests/unit/presentation/workers/test_export_worker.py::TestExportWorker::test_worker_signals_success PASSED [ 16%]
tests/unit/presentation/workers/test_export_worker.py::TestExportWorker::test_worker_emits_correct_counts PASSED [ 33%]
tests/unit/presentation/workers/test_export_worker.py::TestExportWorker::test_worker_handles_errors PASSED [ 50%]
tests/unit/presentation/workers/test_export_worker.py::TestExportWorker::test_worker_stop_request PASSED [ 66%]
tests/unit/presentation/workers/test_export_worker.py::TestExportWorker::test_worker_result_ready_signal PASSED [ 83%]
tests/unit/presentation/workers/test_export_worker.py::TestExportWorker::test_worker_empty_list PASSED [100%]

============================== 6 passed in 0.08s ==============================
