============================= test session starts =============================
platform win32 -- Python 3.14.0, pytest-9.0.2, pluggy-1.6.0 -- C:\Users\prodo\Antigrav projects\Gosling2\Gosling2\.venv\Scripts\python.exe
cachedir: .pytest_cache
PyQt6 6.10.1 -- Qt runtime 6.10.1 -- Qt compiled 6.10.0
rootdir: C:\Users\prodo\Antigrav projects\Gosling2\Gosling2
configfile: pyproject.toml
plugins: cov-7.0.0, qt-4.5.0
collecting ... collected 76 items

tests/unit/presentation/test_surgical_refit.py::TestSurgicalRefit::test_terminal_header_exists_with_toggles PASSED [  1%]
tests/unit/presentation/test_surgical_refit.py::TestSurgicalRefit::test_toggle_surgical_mode PASSED [  2%]
tests/unit/presentation/test_surgical_refit.py::TestSurgicalRefit::test_toggle_jingle_bay PASSED [  3%]
tests/unit/presentation/test_surgical_refit.py::TestSurgicalRefit::test_toggle_history_log PASSED [  5%]
tests/unit/presentation/test_surgical_refit.py::TestSurgicalRefit::test_library_selection_behavior PASSED [  6%]
tests/unit/presentation/views/test_main_window.py::TestMainWindow::test_window_initialization PASSED [  7%]
tests/unit/presentation/views/test_main_window.py::TestMainWindow::test_ui_elements_exist PASSED [  9%]
tests/unit/presentation/views/test_main_window.py::TestMainWindow::test_search_filtering PASSED [ 10%]
tests/unit/presentation/views/test_main_window.py::TestMainWindow::test_toggle_play_pause_calls_service PASSED [ 11%]
tests/unit/presentation/views/test_main_window.py::TestMainWindow::test_load_library_populates_model PASSED [ 13%]
tests/unit/presentation/views/test_main_window.py::TestMainWindow::test_delete_selected PASSED [ 14%]
tests/unit/presentation/views/test_main_window.py::TestMainWindow::test_shortcuts_call_library_widget_helpers PASSED [ 15%]
tests/unit/presentation/widgets/test_filter_widget.py::TestFilterWidget::test_reset_filter_signal PASSED [ 17%]
tests/unit/presentation/widgets/test_filter_widget.py::TestFilterWidget::test_filter_by_performer_signal FAILED [ 18%]
tests/unit/presentation/widgets/test_filter_widget.py::TestFilterWidget::test_filter_by_composer_signal FAILED [ 19%]
tests/unit/presentation/widgets/test_filter_widget.py::TestFilterWidget::test_filter_by_year_signal FAILED [ 21%]
tests/unit/presentation/widgets/test_filter_widget.py::TestFilterWidget::test_filter_by_status_signal FAILED [ 22%]
tests/unit/presentation/widgets/test_filter_widget.py::TestFilterWidget::test_generic_filter_changed_signal FAILED [ 23%]
tests/unit/presentation/widgets/test_filter_widget.py::TestFilterWidget::test_filter_categories_from_yellberus PASSED [ 25%]
tests/unit/presentation/widgets/test_library_widget.py::TestLibraryWidgetLogic::test_initial_load PASSED [ 26%]
tests/unit/presentation/widgets/test_library_widget.py::TestLibraryWidgetLogic::test_import_files_success PASSED [ 27%]
tests/unit/presentation/widgets/test_library_widget.py::TestLibraryWidgetLogic::test_delete_selected_confirm PASSED [ 28%]
tests/unit/presentation/widgets/test_library_widget.py::TestLibraryWidgetLogic::test_search_filtering PASSED [ 30%]
tests/unit/presentation/widgets/test_library_widget.py::TestLibraryWidgetLogic::test_import_file_skips_duplicate_audio PASSED [ 31%]
tests/unit/presentation/widgets/test_library_widget.py::TestLibraryWidgetLogic::test_import_file_skips_duplicate_isrc PASSED [ 32%]
tests/unit/presentation/widgets/test_library_widget.py::TestLibraryWidgetDragDrop::test_drag_enter_valid_mp3 PASSED [ 34%]
tests/unit/presentation/widgets/test_library_widget.py::TestLibraryWidgetDragDrop::test_drop_zip_extracts_and_deletes PASSED [ 35%]
tests/unit/presentation/widgets/test_library_widget.py::TestLibraryWidgetContextMenu::test_item_status_toggle PASSED [ 36%]
tests/unit/presentation/widgets/test_library_widget.py::TestLibraryWidgetContextMenu::test_show_id3_tags_dialog PASSED [ 38%]
tests/unit/presentation/widgets/test_library_widget.py::TestLibraryWidgetContextMenu::test_status_toggle_blocked_if_incomplete PASSED [ 39%]
tests/unit/presentation/widgets/test_playback_control_widget.py::TestPlaybackControlWidget::test_update_play_button_state FAILED [ 40%]
tests/unit/presentation/widgets/test_playback_control_widget.py::TestPlaybackControlWidget::test_crossfade_combo_sync_initial PASSED [ 42%]
tests/unit/presentation/widgets/test_playback_control_widget.py::TestPlaybackControlWidget::test_crossfade_combo_sync_initial_off PASSED [ 43%]
tests/unit/presentation/widgets/test_playback_control_widget.py::TestPlaybackControlWidget::test_crossfade_change_updates_service PASSED [ 44%]
tests/unit/presentation/widgets/test_playback_control_widget.py::TestPlaybackControlWidget::test_skip_enabled_when_crossfade_disabled PASSED [ 46%]
tests/unit/presentation/widgets/test_playback_control_widget_mutation.py::TestPlaybackControlWidgetMutation::test_format_time_logic <- tests\unit\widgets\test_playback_control_widget_mutation.py PASSED [ 47%]
tests/unit/presentation/widgets/test_playback_control_widget_mutation.py::TestPlaybackControlWidgetMutation::test_update_position_labels <- tests\unit\widgets\test_playback_control_widget_mutation.py PASSED [ 48%]
tests/unit/presentation/widgets/test_playback_control_widget_mutation.py::TestPlaybackControlWidgetMutation::test_update_position_past_duration <- tests\unit\widgets\test_playback_control_widget_mutation.py PASSED [ 50%]
tests/unit/presentation/widgets/test_playlist_widget.py::TestPlaylistWidget::test_widget_initialization FAILED [ 51%]
tests/unit/presentation/widgets/test_playlist_widget.py::TestPlaylistWidget::test_drag_enter_event_valid PASSED [ 52%]
tests/unit/presentation/widgets/test_playlist_widget.py::TestPlaylistWidget::test_drag_enter_event_internal PASSED [ 53%]
tests/unit/presentation/widgets/test_playlist_widget.py::TestPlaylistWidget::test_drag_enter_event_invalid FAILED [ 55%]
tests/unit/presentation/widgets/test_playlist_widget.py::TestPlaylistWidget::test_drag_leave_event PASSED [ 56%]
tests/unit/presentation/widgets/test_playlist_widget.py::TestPlaylistWidget::test_drop_event_files FAILED [ 57%]
tests/unit/presentation/widgets/test_playlist_widget.py::TestPlaylistWidget::test_drop_event_invalid_file PASSED [ 59%]
tests/unit/presentation/widgets/test_playlist_widget.py::TestPlaylistWidget::test_drag_move_update_preview PASSED [ 60%]
tests/unit/presentation/widgets/test_playlist_widget.py::TestPlaylistWidget::test_paint_event_preview PASSED [ 61%]
tests/unit/presentation/widgets/test_playlist_widget.py::TestPlaylistWidget::test_delegate_paint PASSED [ 63%]
tests/unit/presentation/widgets/test_playlist_widget.py::TestPlaylistWidget::test_delegate_size_hint PASSED [ 64%]
tests/unit/presentation/widgets/test_playlist_widget.py::TestPlaylistWidget::test_drag_move_update_preview_end PASSED [ 65%]
tests/unit/presentation/widgets/test_playlist_widget.py::TestPlaylistWidget::test_drop_event_metadata_exception FAILED [ 67%]
tests/unit/presentation/widgets/test_playlist_widget.py::TestPlaylistWidget::test_drop_event_internal_move FAILED [ 68%]
tests/unit/presentation/widgets/test_playlist_widget.py::TestPlaylistWidget::test_paint_event_branches FAILED [ 69%]
tests/unit/presentation/widgets/test_playlist_widget.py::TestPlaylistWidget::test_drop_event_valid_index PASSED [ 71%]
tests/unit/presentation/widgets/test_seek_slider.py::TestSeekSlider::test_initialization <- tests\unit\widgets\test_seek_slider.py PASSED [ 72%]
tests/unit/presentation/widgets/test_seek_slider.py::TestSeekSlider::test_duration_changed <- tests\unit\widgets\test_seek_slider.py PASSED [ 73%]
tests/unit/presentation/widgets/test_seek_slider.py::TestSeekSlider::test_update_tooltip_logic <- tests\unit\widgets\test_seek_slider.py PASSED [ 75%]
tests/unit/presentation/widgets/test_seek_slider.py::TestSeekSlider::test_mouse_press_seek <- tests\unit\widgets\test_seek_slider.py PASSED [ 76%]
tests/unit/presentation/widgets/test_seek_slider.py::TestSeekSlider::test_mouse_press_ignore_right_click <- tests\unit\widgets\test_seek_slider.py PASSED [ 77%]
tests/unit/presentation/widgets/test_seek_slider.py::TestSeekSlider::test_size_hint <- tests\unit\widgets\test_seek_slider.py PASSED [ 78%]
tests/unit/presentation/widgets/test_seek_slider.py::TestSeekSlider::test_tooltip_events <- tests\unit\widgets\test_seek_slider.py PASSED [ 80%]
tests/unit/presentation/widgets/test_seek_slider.py::TestSeekSlider::test_tooltip_zero_duration <- tests\unit\widgets\test_seek_slider.py PASSED [ 81%]
tests/unit/presentation/widgets/test_side_panel_widget.py::TestSidePanelLogic::test_validate_isrc_format_invalid FAILED [ 82%]
tests/unit/presentation/widgets/test_side_panel_widget.py::TestSidePanelLogic::test_validate_isrc_duplicate_warning FAILED [ 84%]
tests/unit/presentation/widgets/test_side_panel_widget.py::TestSidePanelLogic::test_validate_isrc_duplicate_self_ignored FAILED [ 85%]
tests/unit/presentation/widgets/test_side_panel_widget.py::TestSidePanelLogic::test_save_button_red_on_collision FAILED [ 86%]
tests/unit/presentation/widgets/test_side_panel_widget.py::TestSidePanelLogic::test_autofill_year_on_save PASSED [ 88%]
tests/unit/presentation/widgets/test_side_panel_widget.py::TestSidePanelLogic::test_composer_splitter PASSED [ 89%]
tests/unit/presentation/widgets/test_type_tabs.py::test_pills_initialization FAILED [ 90%]
tests/unit/presentation/widgets/test_type_tabs.py::test_pill_counts_logic PASSED [ 92%]
tests/unit/presentation/widgets/test_type_tabs.py::test_music_tab_filtering PASSED [ 93%]
tests/unit/presentation/widgets/test_type_tabs.py::test_speech_tab_grouping_filter PASSED [ 94%]
tests/unit/presentation/widgets/test_type_tabs.py::test_all_tab_reset PASSED [ 96%]
tests/unit/presentation/widgets/test_type_tabs.py::test_combined_search_and_tab_filter PASSED [ 97%]
tests/unit/presentation/widgets/test_type_tabs.py::test_persistence_on_change PASSED [ 98%]
tests/unit/presentation/widgets/test_type_tabs.py::test_persistence_on_init PASSED [100%]

================================== FAILURES ===================================
______________ TestFilterWidget.test_filter_by_performer_signal _______________
tests\unit\presentation\widgets\test_filter_widget.py:57: in test_filter_by_performer_signal
    mock_slot.assert_called_with("Test Artist")
..\..\..\AppData\Local\Programs\Python\Python314\Lib\unittest\mock.py:976: in assert_called_with
    raise AssertionError(error_message)
E   AssertionError: expected call not found.
E   Expected: mock('Test Artist')
E     Actual: not called.
_______________ TestFilterWidget.test_filter_by_composer_signal _______________
tests\unit\presentation\widgets\test_filter_widget.py:75: in test_filter_by_composer_signal
    mock_slot.assert_called_with("Test Composer")
..\..\..\AppData\Local\Programs\Python\Python314\Lib\unittest\mock.py:976: in assert_called_with
    raise AssertionError(error_message)
E   AssertionError: expected call not found.
E   Expected: mock('Test Composer')
E     Actual: not called.
_________________ TestFilterWidget.test_filter_by_year_signal _________________
tests\unit\presentation\widgets\test_filter_widget.py:91: in test_filter_by_year_signal
    mock_slot.assert_called_with(2020)
..\..\..\AppData\Local\Programs\Python\Python314\Lib\unittest\mock.py:976: in assert_called_with
    raise AssertionError(error_message)
E   AssertionError: expected call not found.
E   Expected: mock(2020)
E     Actual: not called.
________________ TestFilterWidget.test_filter_by_status_signal ________________
tests\unit\presentation\widgets\test_filter_widget.py:107: in test_filter_by_status_signal
    mock_slot.assert_called_with(True)
..\..\..\AppData\Local\Programs\Python\Python314\Lib\unittest\mock.py:976: in assert_called_with
    raise AssertionError(error_message)
E   AssertionError: expected call not found.
E   Expected: mock(True)
E     Actual: not called.
_____________ TestFilterWidget.test_generic_filter_changed_signal _____________
tests\unit\presentation\widgets\test_filter_widget.py:123: in test_generic_filter_changed_signal
    mock_slot.assert_called_with("test_field", "test_value")
..\..\..\AppData\Local\Programs\Python\Python314\Lib\unittest\mock.py:976: in assert_called_with
    raise AssertionError(error_message)
E   AssertionError: expected call not found.
E   Expected: mock('test_field', 'test_value')
E     Actual: not called.
___________ TestPlaybackControlWidget.test_update_play_button_state ___________
tests\unit\presentation\widgets\test_playback_control_widget.py:32: in test_update_play_button_state
    assert widget.btn_play_pause.text() == "|| Pause"
E   AssertionError: assert 'PAUSE' == '|| Pause'
E     
E     - || Pause
E     + PAUSE
________________ TestPlaylistWidget.test_widget_initialization ________________
tests\unit\presentation\widgets\test_playlist_widget.py:19: in test_widget_initialization
    assert widget.dragDropMode() == PlaylistWidget.DragDropMode.InternalMove
E   AssertionError: assert <DragDropMode.DragDrop: 3> == <DragDropMode.InternalMove: 4>
E    +  where <DragDropMode.DragDrop: 3> = <built-in method dragDropMode of PlaylistWidget object at 0x0000028359F64910>()
E    +    where <built-in method dragDropMode of PlaylistWidget object at 0x0000028359F64910> = <src.presentation.widgets.playlist_widget.PlaylistWidget object at 0x0000028359F64910>.dragDropMode
E    +  and   <DragDropMode.InternalMove: 4> = <enum 'DragDropMode'>.InternalMove
E    +    where <enum 'DragDropMode'> = PlaylistWidget.DragDropMode
______________ TestPlaylistWidget.test_drag_enter_event_invalid _______________
tests\unit\presentation\widgets\test_playlist_widget.py:53: in test_drag_enter_event_invalid
    event.ignore.assert_called_once()
..\..\..\AppData\Local\Programs\Python\Python314\Lib\unittest\mock.py:964: in assert_called_once
    raise AssertionError(msg)
E   AssertionError: Expected 'ignore' to have been called once. Called 0 times.
__________________ TestPlaylistWidget.test_drop_event_files ___________________
tests\unit\presentation\widgets\test_playlist_widget.py:86: in test_drop_event_files
    assert widget.count() == 1
E   assert 0 == 1
E    +  where 0 = <built-in method count of PlaylistWidget object at 0x000002835B198050>()
E    +    where <built-in method count of PlaylistWidget object at 0x000002835B198050> = <src.presentation.widgets.playlist_widget.PlaylistWidget object at 0x000002835B198050>.count
____________ TestPlaylistWidget.test_drop_event_metadata_exception ____________
tests\unit\presentation\widgets\test_playlist_widget.py:242: in test_drop_event_metadata_exception
    assert widget.count() == 1
E   assert 0 == 1
E    +  where 0 = <built-in method count of PlaylistWidget object at 0x000002835B2D5090>()
E    +    where <built-in method count of PlaylistWidget object at 0x000002835B2D5090> = <src.presentation.widgets.playlist_widget.PlaylistWidget object at 0x000002835B2D5090>.count
______________ TestPlaylistWidget.test_drop_event_internal_move _______________
tests\unit\presentation\widgets\test_playlist_widget.py:253: in test_drop_event_internal_move
    widget.dropEvent(event)
src\presentation\widgets\playlist_widget.py:212: in dropEvent
    index = self.indexAt(pos)
            ^^^^^^^^^^^^^^^^^
E   TypeError: indexAt(self, p: QPoint): argument 1 has unexpected type 'MagicMock'
________________ TestPlaylistWidget.test_paint_event_branches _________________
tests\unit\presentation\widgets\test_playlist_widget.py:285: in test_paint_event_branches
    mock_painter.return_value.drawLine.assert_called()
..\..\..\AppData\Local\Programs\Python\Python314\Lib\unittest\mock.py:954: in assert_called
    raise AssertionError(msg)
E   AssertionError: Expected 'drawLine' to have been called.
---------------------------- Captured Qt messages -----------------------------
QtWarningMsg: QWidget::paintEngine: Should no longer be called
QtWarningMsg: QPainter::begin: Paint device returned engine == 0, type: 1
QtWarningMsg: QPainter::setRenderHint: Painter must be active to set rendering hints
QtWarningMsg: QWidget::paintEngine: Should no longer be called
QtWarningMsg: QPainter::begin: Paint device returned engine == 0, type: 1
QtWarningMsg: QPainter::setRenderHint: Painter must be active to set rendering hints
____________ TestSidePanelLogic.test_validate_isrc_format_invalid _____________
tests\unit\presentation\widgets\test_side_panel_widget.py:31: in test_validate_isrc_format_invalid
    assert "DC3232" in widget.styleSheet()
E   AssertionError: assert 'DC3232' in ''
E    +  where '' = <built-in method styleSheet of QLineEdit object at 0x000002833F60E210>()
E    +    where <built-in method styleSheet of QLineEdit object at 0x000002833F60E210> = <PyQt6.QtWidgets.QLineEdit object at 0x000002833F60E210>.styleSheet
___________ TestSidePanelLogic.test_validate_isrc_duplicate_warning ___________
tests\unit\presentation\widgets\test_side_panel_widget.py:50: in test_validate_isrc_duplicate_warning
    assert "FF9800" in widget.styleSheet()
E   AssertionError: assert 'FF9800' in ''
E    +  where '' = <built-in method styleSheet of QLineEdit object at 0x0000028359BE5130>()
E    +    where <built-in method styleSheet of QLineEdit object at 0x0000028359BE5130> = <PyQt6.QtWidgets.QLineEdit object at 0x0000028359BE5130>.styleSheet
________ TestSidePanelLogic.test_validate_isrc_duplicate_self_ignored _________
tests\unit\presentation\widgets\test_side_panel_widget.py:73: in test_validate_isrc_duplicate_self_ignored
    assert "font-size: 10pt" in widget.styleSheet()
E   AssertionError: assert 'font-size: 10pt' in ''
E    +  where '' = <built-in method styleSheet of QLineEdit object at 0x000002833F2728F0>()
E    +    where <built-in method styleSheet of QLineEdit object at 0x000002833F2728F0> = <PyQt6.QtWidgets.QLineEdit object at 0x000002833F2728F0>.styleSheet
____________ TestSidePanelLogic.test_save_button_red_on_collision _____________
tests\unit\presentation\widgets\test_side_panel_widget.py:83: in test_save_button_red_on_collision
    assert "F44336" in side_panel.btn_save.styleSheet() # Red
    ^^^^^^^^^^^^^^^^^^^^^^^^^^^^^^^^^^^^^^^^^^^^^^^^^^^
E   AssertionError: assert 'F44336' in ''
E    +  where '' = <built-in method styleSheet of QPushButton object at 0x000002833F273390>()
E    +    where <built-in method styleSheet of QPushButton object at 0x000002833F273390> = <PyQt6.QtWidgets.QPushButton object at 0x000002833F273390>.styleSheet
E    +      where <PyQt6.QtWidgets.QPushButton object at 0x000002833F273390> = <src.presentation.widgets.side_panel_widget.SidePanelWidget object at 0x000002833F272D50>.btn_save
__________________________ test_pills_initialization __________________________
tests\unit\presentation\widgets\test_type_tabs.py:65: in test_pills_initialization
    assert pill_group.button(0).text() == "ALL"
E   AssertionError: assert 'ALL (6)' == 'ALL'
E     
E     - ALL
E     + ALL (6)
=========================== short test summary info ===========================
FAILED tests/unit/presentation/widgets/test_filter_widget.py::TestFilterWidget::test_filter_by_performer_signal - AssertionError: expected call not found.
Expected: mock('Test Artist')
  Actual: not called.
FAILED tests/unit/presentation/widgets/test_filter_widget.py::TestFilterWidget::test_filter_by_composer_signal - AssertionError: expected call not found.
Expected: mock('Test Composer')
  Actual: not called.
FAILED tests/unit/presentation/widgets/test_filter_widget.py::TestFilterWidget::test_filter_by_year_signal - AssertionError: expected call not found.
Expected: mock(2020)
  Actual: not called.
FAILED tests/unit/presentation/widgets/test_filter_widget.py::TestFilterWidget::test_filter_by_status_signal - AssertionError: expected call not found.
Expected: mock(True)
  Actual: not called.
FAILED tests/unit/presentation/widgets/test_filter_widget.py::TestFilterWidget::test_generic_filter_changed_signal - AssertionError: expected call not found.
Expected: mock('test_field', 'test_value')
  Actual: not called.
FAILED tests/unit/presentation/widgets/test_playback_control_widget.py::TestPlaybackControlWidget::test_update_play_button_state - AssertionError: assert 'PAUSE' == '|| Pause'
  
  - || Pause
  + PAUSE
FAILED tests/unit/presentation/widgets/test_playlist_widget.py::TestPlaylistWidget::test_widget_initialization - AssertionError: assert <DragDropMode.DragDrop: 3> == <DragDropMode.InternalMove: 4>
 +  where <DragDropMode.DragDrop: 3> = <built-in method dragDropMode of PlaylistWidget object at 0x0000028359F64910>()
 +    where <built-in method dragDropMode of PlaylistWidget object at 0x0000028359F64910> = <src.presentation.widgets.playlist_widget.PlaylistWidget object at 0x0000028359F64910>.dragDropMode
 +  and   <DragDropMode.InternalMove: 4> = <enum 'DragDropMode'>.InternalMove
 +    where <enum 'DragDropMode'> = PlaylistWidget.DragDropMode
FAILED tests/unit/presentation/widgets/test_playlist_widget.py::TestPlaylistWidget::test_drag_enter_event_invalid - AssertionError: Expected 'ignore' to have been called once. Called 0 times.
FAILED tests/unit/presentation/widgets/test_playlist_widget.py::TestPlaylistWidget::test_drop_event_files - assert 0 == 1
 +  where 0 = <built-in method count of PlaylistWidget object at 0x000002835B198050>()
 +    where <built-in method count of PlaylistWidget object at 0x000002835B198050> = <src.presentation.widgets.playlist_widget.PlaylistWidget object at 0x000002835B198050>.count
FAILED tests/unit/presentation/widgets/test_playlist_widget.py::TestPlaylistWidget::test_drop_event_metadata_exception - assert 0 == 1
 +  where 0 = <built-in method count of PlaylistWidget object at 0x000002835B2D5090>()
 +    where <built-in method count of PlaylistWidget object at 0x000002835B2D5090> = <src.presentation.widgets.playlist_widget.PlaylistWidget object at 0x000002835B2D5090>.count
FAILED tests/unit/presentation/widgets/test_playlist_widget.py::TestPlaylistWidget::test_drop_event_internal_move - TypeError: indexAt(self, p: QPoint): argument 1 has unexpected type 'MagicMock'
FAILED tests/unit/presentation/widgets/test_playlist_widget.py::TestPlaylistWidget::test_paint_event_branches - AssertionError: Expected 'drawLine' to have been called.
FAILED tests/unit/presentation/widgets/test_side_panel_widget.py::TestSidePanelLogic::test_validate_isrc_format_invalid - AssertionError: assert 'DC3232' in ''
 +  where '' = <built-in method styleSheet of QLineEdit object at 0x000002833F60E210>()
 +    where <built-in method styleSheet of QLineEdit object at 0x000002833F60E210> = <PyQt6.QtWidgets.QLineEdit object at 0x000002833F60E210>.styleSheet
FAILED tests/unit/presentation/widgets/test_side_panel_widget.py::TestSidePanelLogic::test_validate_isrc_duplicate_warning - AssertionError: assert 'FF9800' in ''
 +  where '' = <built-in method styleSheet of QLineEdit object at 0x0000028359BE5130>()
 +    where <built-in method styleSheet of QLineEdit object at 0x0000028359BE5130> = <PyQt6.QtWidgets.QLineEdit object at 0x0000028359BE5130>.styleSheet
FAILED tests/unit/presentation/widgets/test_side_panel_widget.py::TestSidePanelLogic::test_validate_isrc_duplicate_self_ignored - AssertionError: assert 'font-size: 10pt' in ''
 +  where '' = <built-in method styleSheet of QLineEdit object at 0x000002833F2728F0>()
 +    where <built-in method styleSheet of QLineEdit object at 0x000002833F2728F0> = <PyQt6.QtWidgets.QLineEdit object at 0x000002833F2728F0>.styleSheet
FAILED tests/unit/presentation/widgets/test_side_panel_widget.py::TestSidePanelLogic::test_save_button_red_on_collision - AssertionError: assert 'F44336' in ''
 +  where '' = <built-in method styleSheet of QPushButton object at 0x000002833F273390>()
 +    where <built-in method styleSheet of QPushButton object at 0x000002833F273390> = <PyQt6.QtWidgets.QPushButton object at 0x000002833F273390>.styleSheet
 +      where <PyQt6.QtWidgets.QPushButton object at 0x000002833F273390> = <src.presentation.widgets.side_panel_widget.SidePanelWidget object at 0x000002833F272D50>.btn_save
FAILED tests/unit/presentation/widgets/test_type_tabs.py::test_pills_initialization - AssertionError: assert 'ALL (6)' == 'ALL'
  
  - ALL
  + ALL (6)
======================== 17 failed, 59 passed in 1.14s ========================
